{"D:\\cherow_gh\\cherow1\\src\\scanner\\index.ts":{"path":"D:\\cherow_gh\\cherow1\\src\\scanner\\index.ts","statementMap":{"0":{"start":{"line":1,"column":0},"end":{"line":18,"column":3}},"1":{"start":{"line":2,"column":4},"end":{"line":8,"column":5}},"2":{"start":{"line":3,"column":16},"end":{"line":3,"column":41}},"3":{"start":{"line":4,"column":8},"end":{"line":4,"column":48}},"4":{"start":{"line":4,"column":29},"end":{"line":4,"column":48}},"5":{"start":{"line":6,"column":9},"end":{"line":8,"column":5}},"6":{"start":{"line":7,"column":8},"end":{"line":7,"column":88}},"7":{"start":{"line":11,"column":4},"end":{"line":11,"column":66}},"8":{"start":{"line":12,"column":21},"end":{"line":12,"column":42}},"9":{"start":{"line":13,"column":4},"end":{"line":13,"column":51}},"10":{"start":{"line":14,"column":23},"end":{"line":14,"column":46}},"11":{"start":{"line":15,"column":4},"end":{"line":15,"column":59}},"12":{"start":{"line":16,"column":17},"end":{"line":16,"column":34}},"13":{"start":{"line":17,"column":4},"end":{"line":17,"column":31}}},"fnMap":{"0":{"name":"(anonymous_0)","decl":{"start":{"line":1,"column":1},"end":{"line":1,"column":2}},"loc":{"start":{"line":1,"column":20},"end":{"line":9,"column":1}},"line":1},"1":{"name":"(anonymous_1)","decl":{"start":{"line":9,"column":3},"end":{"line":9,"column":4}},"loc":{"start":{"line":9,"column":31},"end":{"line":18,"column":1}},"line":9}},"branchMap":{"0":{"loc":{"start":{"line":2,"column":4},"end":{"line":8,"column":5}},"type":"if","locations":[{"start":{"line":2,"column":4},"end":{"line":8,"column":5}},{"start":{"line":2,"column":4},"end":{"line":8,"column":5}}],"line":2},"1":{"loc":{"start":{"line":2,"column":8},"end":{"line":2,"column":72}},"type":"binary-expr","locations":[{"start":{"line":2,"column":8},"end":{"line":2,"column":34}},{"start":{"line":2,"column":38},"end":{"line":2,"column":72}}],"line":2},"2":{"loc":{"start":{"line":4,"column":8},"end":{"line":4,"column":48}},"type":"if","locations":[{"start":{"line":4,"column":8},"end":{"line":4,"column":48}},{"start":{"line":4,"column":8},"end":{"line":4,"column":48}}],"line":4},"3":{"loc":{"start":{"line":6,"column":9},"end":{"line":8,"column":5}},"type":"if","locations":[{"start":{"line":6,"column":9},"end":{"line":8,"column":5}},{"start":{"line":6,"column":9},"end":{"line":8,"column":5}}],"line":6},"4":{"loc":{"start":{"line":6,"column":13},"end":{"line":6,"column":55}},"type":"binary-expr","locations":[{"start":{"line":6,"column":13},"end":{"line":6,"column":41}},{"start":{"line":6,"column":45},"end":{"line":6,"column":55}}],"line":6}},"s":{"0":1,"1":1,"2":1,"3":1,"4":0,"5":0,"6":0,"7":1,"8":1,"9":1,"10":1,"11":1,"12":1,"13":1},"f":{"0":1,"1":1},"b":{"0":[1,0],"1":[1,1],"2":[0,1],"3":[0,0],"4":[0,0]},"_coverageSchema":"43e27e138ebf9cfc5966b082cf9a028302ed4184","hash":"257fe0fcb2cdb4bc5f9605816b989beaf780cc1a","contentHash":"da07ecd4608ba9a230b74eb940eb8703"},"D:\\cherow_gh\\cherow1\\src\\scanner\\comments.ts":{"path":"D:\\cherow_gh\\cherow1\\src\\scanner\\comments.ts","statementMap":{"0":{"start":{"line":1,"column":0},"end":{"line":123,"column":3}},"1":{"start":{"line":2,"column":4},"end":{"line":8,"column":5}},"2":{"start":{"line":3,"column":16},"end":{"line":3,"column":41}},"3":{"start":{"line":4,"column":8},"end":{"line":4,"column":48}},"4":{"start":{"line":4,"column":29},"end":{"line":4,"column":48}},"5":{"start":{"line":6,"column":9},"end":{"line":8,"column":5}},"6":{"start":{"line":7,"column":8},"end":{"line":7,"column":73}},"7":{"start":{"line":11,"column":4},"end":{"line":11,"column":66}},"8":{"start":{"line":12,"column":21},"end":{"line":12,"column":41}},"9":{"start":{"line":13,"column":21},"end":{"line":13,"column":40}},"10":{"start":{"line":14,"column":4},"end":{"line":14,"column":99}},"11":{"start":{"line":16,"column":20},"end":{"line":16,"column":31}},"12":{"start":{"line":17,"column":8},"end":{"line":18,"column":19}},"13":{"start":{"line":18,"column":12},"end":{"line":18,"column":19}},"14":{"start":{"line":19,"column":8},"end":{"line":22,"column":9}},"15":{"start":{"line":20,"column":12},"end":{"line":20,"column":20}},"16":{"start":{"line":21,"column":12},"end":{"line":21,"column":32}},"17":{"start":{"line":23,"column":8},"end":{"line":32,"column":9}},"18":{"start":{"line":24,"column":12},"end":{"line":24,"column":20}},"19":{"start":{"line":25,"column":12},"end":{"line":31,"column":13}},"20":{"start":{"line":26,"column":16},"end":{"line":26,"column":40}},"21":{"start":{"line":27,"column":16},"end":{"line":27,"column":48}},"22":{"start":{"line":30,"column":16},"end":{"line":30,"column":42}},"23":{"start":{"line":34,"column":4},"end":{"line":34,"column":40}},"24":{"start":{"line":36,"column":8},"end":{"line":37,"column":39}},"25":{"start":{"line":37,"column":12},"end":{"line":37,"column":39}},"26":{"start":{"line":38,"column":8},"end":{"line":38,"column":50}},"27":{"start":{"line":40,"column":4},"end":{"line":40,"column":58}},"28":{"start":{"line":42,"column":33},"end":{"line":42,"column":38}},"29":{"start":{"line":43,"column":8},"end":{"line":71,"column":9}},"30":{"start":{"line":44,"column":25},"end":{"line":44,"column":61}},"31":{"start":{"line":45,"column":12},"end":{"line":70,"column":13}},"32":{"start":{"line":46,"column":16},"end":{"line":65,"column":17}},"33":{"start":{"line":47,"column":20},"end":{"line":47,"column":34}},"34":{"start":{"line":48,"column":20},"end":{"line":48,"column":37}},"35":{"start":{"line":49,"column":20},"end":{"line":49,"column":33}},"36":{"start":{"line":50,"column":20},"end":{"line":51,"column":38}},"37":{"start":{"line":51,"column":24},"end":{"line":51,"column":38}},"38":{"start":{"line":52,"column":20},"end":{"line":52,"column":37}},"39":{"start":{"line":53,"column":20},"end":{"line":53,"column":26}},"40":{"start":{"line":55,"column":21},"end":{"line":65,"column":17}},"41":{"start":{"line":56,"column":20},"end":{"line":56,"column":34}},"42":{"start":{"line":57,"column":20},"end":{"line":57,"column":37}},"43":{"start":{"line":58,"column":20},"end":{"line":58,"column":33}},"44":{"start":{"line":59,"column":20},"end":{"line":59,"column":37}},"45":{"start":{"line":60,"column":20},"end":{"line":60,"column":26}},"46":{"start":{"line":63,"column":20},"end":{"line":63,"column":34}},"47":{"start":{"line":64,"column":20},"end":{"line":64,"column":35}},"48":{"start":{"line":68,"column":16},"end":{"line":68,"column":30}},"49":{"start":{"line":69,"column":16},"end":{"line":69,"column":31}},"50":{"start":{"line":72,"column":8},"end":{"line":73,"column":123}},"51":{"start":{"line":73,"column":12},"end":{"line":73,"column":123}},"52":{"start":{"line":74,"column":8},"end":{"line":74,"column":26}},"53":{"start":{"line":76,"column":4},"end":{"line":76,"column":58}},"54":{"start":{"line":78,"column":33},"end":{"line":78,"column":38}},"55":{"start":{"line":79,"column":8},"end":{"line":119,"column":9}},"56":{"start":{"line":80,"column":25},"end":{"line":80,"column":61}},"57":{"start":{"line":81,"column":12},"end":{"line":118,"column":13}},"58":{"start":{"line":82,"column":16},"end":{"line":82,"column":30}},"59":{"start":{"line":83,"column":16},"end":{"line":83,"column":31}},"60":{"start":{"line":84,"column":16},"end":{"line":84,"column":34}},"61":{"start":{"line":85,"column":16},"end":{"line":89,"column":17}},"62":{"start":{"line":86,"column":20},"end":{"line":87,"column":136}},"63":{"start":{"line":87,"column":24},"end":{"line":87,"column":136}},"64":{"start":{"line":88,"column":20},"end":{"line":88,"column":38}},"65":{"start":{"line":91,"column":17},"end":{"line":118,"column":13}},"66":{"start":{"line":92,"column":16},"end":{"line":112,"column":17}},"67":{"start":{"line":93,"column":20},"end":{"line":93,"column":41}},"68":{"start":{"line":94,"column":20},"end":{"line":94,"column":34}},"69":{"start":{"line":95,"column":20},"end":{"line":95,"column":37}},"70":{"start":{"line":96,"column":20},"end":{"line":96,"column":33}},"71":{"start":{"line":98,"column":21},"end":{"line":112,"column":17}},"72":{"start":{"line":99,"column":20},"end":{"line":99,"column":77}},"73":{"start":{"line":100,"column":20},"end":{"line":100,"column":57}},"74":{"start":{"line":102,"column":21},"end":{"line":112,"column":17}},"75":{"start":{"line":103,"column":20},"end":{"line":103,"column":57}},"76":{"start":{"line":104,"column":20},"end":{"line":104,"column":34}},"77":{"start":{"line":105,"column":20},"end":{"line":105,"column":37}},"78":{"start":{"line":106,"column":20},"end":{"line":106,"column":33}},"79":{"start":{"line":109,"column":20},"end":{"line":109,"column":38}},"80":{"start":{"line":110,"column":20},"end":{"line":110,"column":34}},"81":{"start":{"line":111,"column":20},"end":{"line":111,"column":35}},"82":{"start":{"line":115,"column":16},"end":{"line":115,"column":34}},"83":{"start":{"line":116,"column":16},"end":{"line":116,"column":30}},"84":{"start":{"line":117,"column":16},"end":{"line":117,"column":31}},"85":{"start":{"line":120,"column":8},"end":{"line":120,"column":42}},"86":{"start":{"line":122,"column":4},"end":{"line":122,"column":48}}},"fnMap":{"0":{"name":"(anonymous_0)","decl":{"start":{"line":1,"column":1},"end":{"line":1,"column":2}},"loc":{"start":{"line":1,"column":20},"end":{"line":9,"column":1}},"line":1},"1":{"name":"(anonymous_1)","decl":{"start":{"line":9,"column":3},"end":{"line":9,"column":4}},"loc":{"start":{"line":9,"column":31},"end":{"line":123,"column":1}},"line":9},"2":{"name":"skipHashBang","decl":{"start":{"line":15,"column":13},"end":{"line":15,"column":25}},"loc":{"start":{"line":15,"column":42},"end":{"line":33,"column":5}},"line":15},"3":{"name":"skipSingleHTMLComment","decl":{"start":{"line":35,"column":13},"end":{"line":35,"column":34}},"loc":{"start":{"line":35,"column":57},"end":{"line":39,"column":5}},"line":35},"4":{"name":"skipSingleLineComment","decl":{"start":{"line":41,"column":13},"end":{"line":41,"column":34}},"loc":{"start":{"line":41,"column":48},"end":{"line":75,"column":5}},"line":41},"5":{"name":"skipBlockComment","decl":{"start":{"line":77,"column":13},"end":{"line":77,"column":29}},"loc":{"start":{"line":77,"column":37},"end":{"line":121,"column":5}},"line":77}},"branchMap":{"0":{"loc":{"start":{"line":2,"column":4},"end":{"line":8,"column":5}},"type":"if","locations":[{"start":{"line":2,"column":4},"end":{"line":8,"column":5}},{"start":{"line":2,"column":4},"end":{"line":8,"column":5}}],"line":2},"1":{"loc":{"start":{"line":2,"column":8},"end":{"line":2,"column":72}},"type":"binary-expr","locations":[{"start":{"line":2,"column":8},"end":{"line":2,"column":34}},{"start":{"line":2,"column":38},"end":{"line":2,"column":72}}],"line":2},"2":{"loc":{"start":{"line":4,"column":8},"end":{"line":4,"column":48}},"type":"if","locations":[{"start":{"line":4,"column":8},"end":{"line":4,"column":48}},{"start":{"line":4,"column":8},"end":{"line":4,"column":48}}],"line":4},"3":{"loc":{"start":{"line":6,"column":9},"end":{"line":8,"column":5}},"type":"if","locations":[{"start":{"line":6,"column":9},"end":{"line":8,"column":5}},{"start":{"line":6,"column":9},"end":{"line":8,"column":5}}],"line":6},"4":{"loc":{"start":{"line":6,"column":13},"end":{"line":6,"column":55}},"type":"binary-expr","locations":[{"start":{"line":6,"column":13},"end":{"line":6,"column":41}},{"start":{"line":6,"column":45},"end":{"line":6,"column":55}}],"line":6},"5":{"loc":{"start":{"line":17,"column":8},"end":{"line":18,"column":19}},"type":"if","locations":[{"start":{"line":17,"column":8},"end":{"line":18,"column":19}},{"start":{"line":17,"column":8},"end":{"line":18,"column":19}}],"line":17},"6":{"loc":{"start":{"line":19,"column":8},"end":{"line":22,"column":9}},"type":"if","locations":[{"start":{"line":19,"column":8},"end":{"line":22,"column":9}},{"start":{"line":19,"column":8},"end":{"line":22,"column":9}}],"line":19},"7":{"loc":{"start":{"line":23,"column":8},"end":{"line":32,"column":9}},"type":"if","locations":[{"start":{"line":23,"column":8},"end":{"line":32,"column":9}},{"start":{"line":23,"column":8},"end":{"line":32,"column":9}}],"line":23},"8":{"loc":{"start":{"line":23,"column":12},"end":{"line":23,"column":95}},"type":"binary-expr","locations":[{"start":{"line":23,"column":12},"end":{"line":23,"column":23}},{"start":{"line":23,"column":27},"end":{"line":23,"column":54}},{"start":{"line":23,"column":58},"end":{"line":23,"column":95}}],"line":23},"9":{"loc":{"start":{"line":25,"column":12},"end":{"line":31,"column":13}},"type":"if","locations":[{"start":{"line":25,"column":12},"end":{"line":31,"column":13}},{"start":{"line":25,"column":12},"end":{"line":31,"column":13}}],"line":25},"10":{"loc":{"start":{"line":25,"column":16},"end":{"line":25,"column":84}},"type":"binary-expr","locations":[{"start":{"line":25,"column":16},"end":{"line":25,"column":43}},{"start":{"line":25,"column":47},"end":{"line":25,"column":84}}],"line":25},"11":{"loc":{"start":{"line":36,"column":8},"end":{"line":37,"column":39}},"type":"if","locations":[{"start":{"line":36,"column":8},"end":{"line":37,"column":39}},{"start":{"line":36,"column":8},"end":{"line":37,"column":39}}],"line":36},"12":{"loc":{"start":{"line":45,"column":12},"end":{"line":70,"column":13}},"type":"if","locations":[{"start":{"line":45,"column":12},"end":{"line":70,"column":13}},{"start":{"line":45,"column":12},"end":{"line":70,"column":13}}],"line":45},"13":{"loc":{"start":{"line":45,"column":16},"end":{"line":45,"column":51}},"type":"binary-expr","locations":[{"start":{"line":45,"column":16},"end":{"line":45,"column":32}},{"start":{"line":45,"column":36},"end":{"line":45,"column":51}}],"line":45},"14":{"loc":{"start":{"line":46,"column":16},"end":{"line":65,"column":17}},"type":"if","locations":[{"start":{"line":46,"column":16},"end":{"line":65,"column":17}},{"start":{"line":46,"column":16},"end":{"line":65,"column":17}}],"line":46},"15":{"loc":{"start":{"line":50,"column":20},"end":{"line":51,"column":38}},"type":"if","locations":[{"start":{"line":50,"column":20},"end":{"line":51,"column":38}},{"start":{"line":50,"column":20},"end":{"line":51,"column":38}}],"line":50},"16":{"loc":{"start":{"line":50,"column":24},"end":{"line":50,"column":97}},"type":"binary-expr","locations":[{"start":{"line":50,"column":24},"end":{"line":50,"column":50}},{"start":{"line":50,"column":54},"end":{"line":50,"column":97}}],"line":50},"17":{"loc":{"start":{"line":55,"column":21},"end":{"line":65,"column":17}},"type":"if","locations":[{"start":{"line":55,"column":21},"end":{"line":65,"column":17}},{"start":{"line":55,"column":21},"end":{"line":65,"column":17}}],"line":55},"18":{"loc":{"start":{"line":55,"column":25},"end":{"line":55,"column":58}},"type":"binary-expr","locations":[{"start":{"line":55,"column":25},"end":{"line":55,"column":36}},{"start":{"line":55,"column":40},"end":{"line":55,"column":58}}],"line":55},"19":{"loc":{"start":{"line":72,"column":8},"end":{"line":73,"column":123}},"type":"if","locations":[{"start":{"line":72,"column":8},"end":{"line":73,"column":123}},{"start":{"line":72,"column":8},"end":{"line":73,"column":123}}],"line":72},"20":{"loc":{"start":{"line":81,"column":12},"end":{"line":118,"column":13}},"type":"if","locations":[{"start":{"line":81,"column":12},"end":{"line":118,"column":13}},{"start":{"line":81,"column":12},"end":{"line":118,"column":13}}],"line":81},"21":{"loc":{"start":{"line":85,"column":16},"end":{"line":89,"column":17}},"type":"if","locations":[{"start":{"line":85,"column":16},"end":{"line":89,"column":17}},{"start":{"line":85,"column":16},"end":{"line":89,"column":17}}],"line":85},"22":{"loc":{"start":{"line":86,"column":20},"end":{"line":87,"column":136}},"type":"if","locations":[{"start":{"line":86,"column":20},"end":{"line":87,"column":136}},{"start":{"line":86,"column":20},"end":{"line":87,"column":136}}],"line":86},"23":{"loc":{"start":{"line":91,"column":17},"end":{"line":118,"column":13}},"type":"if","locations":[{"start":{"line":91,"column":17},"end":{"line":118,"column":13}},{"start":{"line":91,"column":17},"end":{"line":118,"column":13}}],"line":91},"24":{"loc":{"start":{"line":92,"column":16},"end":{"line":112,"column":17}},"type":"if","locations":[{"start":{"line":92,"column":16},"end":{"line":112,"column":17}},{"start":{"line":92,"column":16},"end":{"line":112,"column":17}}],"line":92},"25":{"loc":{"start":{"line":92,"column":20},"end":{"line":92,"column":50}},"type":"binary-expr","locations":[{"start":{"line":92,"column":20},"end":{"line":92,"column":35}},{"start":{"line":92,"column":39},"end":{"line":92,"column":50}}],"line":92},"26":{"loc":{"start":{"line":98,"column":21},"end":{"line":112,"column":17}},"type":"if","locations":[{"start":{"line":98,"column":21},"end":{"line":112,"column":17}},{"start":{"line":98,"column":21},"end":{"line":112,"column":17}}],"line":98},"27":{"loc":{"start":{"line":102,"column":21},"end":{"line":112,"column":17}},"type":"if","locations":[{"start":{"line":102,"column":21},"end":{"line":112,"column":17}},{"start":{"line":102,"column":21},"end":{"line":112,"column":17}}],"line":102}},"s":{"0":1,"1":1,"2":1,"3":1,"4":0,"5":0,"6":0,"7":1,"8":1,"9":1,"10":1,"11":17676,"12":17676,"13":13,"14":17663,"15":48,"16":48,"17":17663,"18":94,"19":94,"20":90,"21":90,"22":4,"23":1,"24":95,"25":1,"26":94,"27":1,"28":298,"29":298,"30":5329,"31":5329,"32":411,"33":72,"34":72,"35":72,"36":72,"37":16,"38":72,"39":72,"40":339,"41":168,"42":168,"43":168,"44":168,"45":168,"46":171,"47":171,"48":4918,"49":4918,"50":298,"51":144,"52":298,"53":1,"54":254,"55":254,"56":3866,"57":3866,"58":288,"59":288,"60":288,"61":288,"62":251,"63":135,"64":251,"65":3578,"66":1469,"67":33,"68":33,"69":33,"70":33,"71":1436,"72":62,"73":62,"74":1374,"75":32,"76":32,"77":32,"78":32,"79":1342,"80":1342,"81":1342,"82":2109,"83":2109,"84":2109,"85":3,"86":1},"f":{"0":1,"1":1,"2":17676,"3":95,"4":298,"5":254},"b":{"0":[1,0],"1":[1,1],"2":[0,1],"3":[0,0],"4":[0,0],"5":[13,17663],"6":[48,17615],"7":[94,17569],"8":[17663,1768,1766],"9":[90,4],"10":[94,94],"11":[1,94],"12":[411,4918],"13":[5329,2034],"14":[72,339],"15":[16,56],"16":[72,66],"17":[168,171],"18":[339,243],"19":[144,154],"20":[288,3578],"21":[251,37],"22":[135,116],"23":[1469,2109],"24":[33,1436],"25":[1469,147],"26":[62,1374],"27":[32,1342]},"_coverageSchema":"43e27e138ebf9cfc5966b082cf9a028302ed4184","hash":"838f2cad252dc85ed307c8f7869f2174dee38f5e","contentHash":"2559fb81a78a96e98cf667f83fa7cecf"},"D:\\cherow_gh\\cherow1\\src\\errors.ts":{"path":"D:\\cherow_gh\\cherow1\\src\\errors.ts","statementMap":{"0":{"start":{"line":1,"column":0},"end":{"line":133,"column":3}},"1":{"start":{"line":2,"column":4},"end":{"line":8,"column":5}},"2":{"start":{"line":3,"column":16},"end":{"line":3,"column":41}},"3":{"start":{"line":4,"column":8},"end":{"line":4,"column":48}},"4":{"start":{"line":4,"column":29},"end":{"line":4,"column":48}},"5":{"start":{"line":6,"column":9},"end":{"line":8,"column":5}},"6":{"start":{"line":7,"column":8},"end":{"line":7,"column":48}},"7":{"start":{"line":11,"column":4},"end":{"line":11,"column":66}},"8":{"start":{"line":12,"column":4},"end":{"line":116,"column":6}},"9":{"start":{"line":118,"column":22},"end":{"line":118,"column":87}},"10":{"start":{"line":119,"column":8},"end":{"line":119,"column":28}},"11":{"start":{"line":120,"column":8},"end":{"line":120,"column":26}},"12":{"start":{"line":121,"column":8},"end":{"line":121,"column":30}},"13":{"start":{"line":122,"column":8},"end":{"line":122,"column":40}},"14":{"start":{"line":123,"column":8},"end":{"line":123,"column":21}},"15":{"start":{"line":125,"column":4},"end":{"line":125,"column":44}},"16":{"start":{"line":127,"column":40},"end":{"line":127,"column":46}},"17":{"start":{"line":128,"column":24},"end":{"line":128,"column":91}},"18":{"start":{"line":128,"column":81},"end":{"line":128,"column":90}},"19":{"start":{"line":129,"column":22},"end":{"line":129,"column":66}},"20":{"start":{"line":130,"column":8},"end":{"line":130,"column":20}},"21":{"start":{"line":132,"column":4},"end":{"line":132,"column":28}}},"fnMap":{"0":{"name":"(anonymous_0)","decl":{"start":{"line":1,"column":1},"end":{"line":1,"column":2}},"loc":{"start":{"line":1,"column":20},"end":{"line":9,"column":1}},"line":1},"1":{"name":"(anonymous_1)","decl":{"start":{"line":9,"column":3},"end":{"line":9,"column":4}},"loc":{"start":{"line":9,"column":31},"end":{"line":133,"column":1}},"line":9},"2":{"name":"constructError","decl":{"start":{"line":117,"column":13},"end":{"line":117,"column":27}},"loc":{"start":{"line":117,"column":62},"end":{"line":124,"column":5}},"line":117},"3":{"name":"report","decl":{"start":{"line":126,"column":13},"end":{"line":126,"column":19}},"loc":{"start":{"line":126,"column":45},"end":{"line":131,"column":5}},"line":126},"4":{"name":"(anonymous_4)","decl":{"start":{"line":128,"column":71},"end":{"line":128,"column":72}},"loc":{"start":{"line":128,"column":81},"end":{"line":128,"column":90}},"line":128}},"branchMap":{"0":{"loc":{"start":{"line":2,"column":4},"end":{"line":8,"column":5}},"type":"if","locations":[{"start":{"line":2,"column":4},"end":{"line":8,"column":5}},{"start":{"line":2,"column":4},"end":{"line":8,"column":5}}],"line":2},"1":{"loc":{"start":{"line":2,"column":8},"end":{"line":2,"column":72}},"type":"binary-expr","locations":[{"start":{"line":2,"column":8},"end":{"line":2,"column":34}},{"start":{"line":2,"column":38},"end":{"line":2,"column":72}}],"line":2},"2":{"loc":{"start":{"line":4,"column":8},"end":{"line":4,"column":48}},"type":"if","locations":[{"start":{"line":4,"column":8},"end":{"line":4,"column":48}},{"start":{"line":4,"column":8},"end":{"line":4,"column":48}}],"line":4},"3":{"loc":{"start":{"line":6,"column":9},"end":{"line":8,"column":5}},"type":"if","locations":[{"start":{"line":6,"column":9},"end":{"line":8,"column":5}},{"start":{"line":6,"column":9},"end":{"line":8,"column":5}}],"line":6},"4":{"loc":{"start":{"line":6,"column":13},"end":{"line":6,"column":55}},"type":"binary-expr","locations":[{"start":{"line":6,"column":13},"end":{"line":6,"column":41}},{"start":{"line":6,"column":45},"end":{"line":6,"column":55}}],"line":6}},"s":{"0":1,"1":1,"2":1,"3":1,"4":0,"5":0,"6":0,"7":1,"8":1,"9":10090,"10":10090,"11":10090,"12":10090,"13":10090,"14":10090,"15":1,"16":10090,"17":10090,"18":2224,"19":10090,"20":10090,"21":1},"f":{"0":1,"1":1,"2":10090,"3":10090,"4":2224},"b":{"0":[1,0],"1":[1,1],"2":[0,1],"3":[0,0],"4":[0,0]},"_coverageSchema":"43e27e138ebf9cfc5966b082cf9a028302ed4184","hash":"123dc9c059f9b13806a813cab1fe5b4e7568907b","contentHash":"7945127cdeb5f640d3866fdb62d26fd0"},"D:\\cherow_gh\\cherow1\\src\\scanner\\common.ts":{"path":"D:\\cherow_gh\\cherow1\\src\\scanner\\common.ts","statementMap":{"0":{"start":{"line":1,"column":0},"end":{"line":107,"column":3}},"1":{"start":{"line":2,"column":4},"end":{"line":8,"column":5}},"2":{"start":{"line":3,"column":16},"end":{"line":3,"column":41}},"3":{"start":{"line":4,"column":8},"end":{"line":4,"column":48}},"4":{"start":{"line":4,"column":29},"end":{"line":4,"column":48}},"5":{"start":{"line":6,"column":9},"end":{"line":8,"column":5}},"6":{"start":{"line":7,"column":8},"end":{"line":7,"column":75}},"7":{"start":{"line":11,"column":4},"end":{"line":11,"column":66}},"8":{"start":{"line":12,"column":21},"end":{"line":12,"column":41}},"9":{"start":{"line":13,"column":22},"end":{"line":13,"column":43}},"10":{"start":{"line":15,"column":8},"end":{"line":15,"column":22}},"11":{"start":{"line":16,"column":8},"end":{"line":16,"column":23}},"12":{"start":{"line":17,"column":8},"end":{"line":18,"column":40}},"13":{"start":{"line":18,"column":12},"end":{"line":18,"column":40}},"14":{"start":{"line":19,"column":8},"end":{"line":19,"column":52}},"15":{"start":{"line":21,"column":4},"end":{"line":21,"column":32}},"16":{"start":{"line":23,"column":8},"end":{"line":28,"column":27}},"17":{"start":{"line":30,"column":4},"end":{"line":30,"column":38}},"18":{"start":{"line":32,"column":8},"end":{"line":32,"column":54}},"19":{"start":{"line":34,"column":4},"end":{"line":34,"column":32}},"20":{"start":{"line":36,"column":24},"end":{"line":36,"column":29}},"21":{"start":{"line":37,"column":19},"end":{"line":37,"column":51}},"22":{"start":{"line":38,"column":8},"end":{"line":39,"column":22}},"23":{"start":{"line":39,"column":12},"end":{"line":39,"column":22}},"24":{"start":{"line":40,"column":8},"end":{"line":41,"column":22}},"25":{"start":{"line":41,"column":12},"end":{"line":41,"column":22}},"26":{"start":{"line":42,"column":19},"end":{"line":42,"column":49}},"27":{"start":{"line":43,"column":8},"end":{"line":44,"column":22}},"28":{"start":{"line":44,"column":12},"end":{"line":44,"column":22}},"29":{"start":{"line":45,"column":8},"end":{"line":45,"column":61}},"30":{"start":{"line":47,"column":4},"end":{"line":47,"column":46}},"31":{"start":{"line":49,"column":19},"end":{"line":49,"column":57}},"32":{"start":{"line":50,"column":19},"end":{"line":50,"column":21}},"33":{"start":{"line":51,"column":8},"end":{"line":57,"column":9}},"34":{"start":{"line":52,"column":23},"end":{"line":52,"column":59}},"35":{"start":{"line":53,"column":12},"end":{"line":56,"column":13}},"36":{"start":{"line":54,"column":16},"end":{"line":54,"column":69}},"37":{"start":{"line":55,"column":16},"end":{"line":55,"column":30}},"38":{"start":{"line":58,"column":8},"end":{"line":58,"column":23}},"39":{"start":{"line":59,"column":8},"end":{"line":59,"column":20}},"40":{"start":{"line":61,"column":4},"end":{"line":61,"column":36}},"41":{"start":{"line":63,"column":8},"end":{"line":64,"column":25}},"42":{"start":{"line":64,"column":12},"end":{"line":64,"column":25}},"43":{"start":{"line":65,"column":8},"end":{"line":65,"column":22}},"44":{"start":{"line":66,"column":8},"end":{"line":66,"column":23}},"45":{"start":{"line":67,"column":8},"end":{"line":67,"column":20}},"46":{"start":{"line":69,"column":4},"end":{"line":69,"column":36}},"47":{"start":{"line":71,"column":8},"end":{"line":71,"column":22}},"48":{"start":{"line":72,"column":8},"end":{"line":75,"column":9}},"49":{"start":{"line":73,"column":12},"end":{"line":73,"column":29}},"50":{"start":{"line":74,"column":12},"end":{"line":74,"column":25}},"51":{"start":{"line":77,"column":4},"end":{"line":77,"column":46}},"52":{"start":{"line":79,"column":8},"end":{"line":84,"column":9}},"53":{"start":{"line":80,"column":12},"end":{"line":80,"column":88}},"54":{"start":{"line":83,"column":12},"end":{"line":83,"column":45}},"55":{"start":{"line":86,"column":4},"end":{"line":86,"column":42}},"56":{"start":{"line":88,"column":8},"end":{"line":89,"column":22}},"57":{"start":{"line":89,"column":12},"end":{"line":89,"column":22}},"58":{"start":{"line":90,"column":8},"end":{"line":91,"column":29}},"59":{"start":{"line":91,"column":12},"end":{"line":91,"column":29}},"60":{"start":{"line":92,"column":8},"end":{"line":93,"column":22}},"61":{"start":{"line":93,"column":12},"end":{"line":93,"column":22}},"62":{"start":{"line":94,"column":8},"end":{"line":95,"column":34}},"63":{"start":{"line":95,"column":12},"end":{"line":95,"column":34}},"64":{"start":{"line":96,"column":8},"end":{"line":97,"column":22}},"65":{"start":{"line":97,"column":12},"end":{"line":97,"column":22}},"66":{"start":{"line":98,"column":8},"end":{"line":99,"column":34}},"67":{"start":{"line":99,"column":12},"end":{"line":99,"column":34}},"68":{"start":{"line":100,"column":8},"end":{"line":100,"column":18}},"69":{"start":{"line":102,"column":4},"end":{"line":102,"column":26}},"70":{"start":{"line":104,"column":8},"end":{"line":104,"column":36}},"71":{"start":{"line":106,"column":4},"end":{"line":106,"column":30}}},"fnMap":{"0":{"name":"(anonymous_0)","decl":{"start":{"line":1,"column":1},"end":{"line":1,"column":2}},"loc":{"start":{"line":1,"column":20},"end":{"line":9,"column":1}},"line":1},"1":{"name":"(anonymous_1)","decl":{"start":{"line":9,"column":3},"end":{"line":9,"column":4}},"loc":{"start":{"line":9,"column":31},"end":{"line":107,"column":1}},"line":9},"2":{"name":"scanNext","decl":{"start":{"line":14,"column":13},"end":{"line":14,"column":21}},"loc":{"start":{"line":14,"column":34},"end":{"line":20,"column":5}},"line":14},"3":{"name":"isFlagStart","decl":{"start":{"line":22,"column":13},"end":{"line":22,"column":24}},"loc":{"start":{"line":22,"column":31},"end":{"line":29,"column":5}},"line":22},"4":{"name":"nextChar","decl":{"start":{"line":31,"column":13},"end":{"line":31,"column":21}},"loc":{"start":{"line":31,"column":30},"end":{"line":33,"column":5}},"line":31},"5":{"name":"nextUnicodeChar","decl":{"start":{"line":35,"column":13},"end":{"line":35,"column":28}},"loc":{"start":{"line":35,"column":36},"end":{"line":46,"column":5}},"line":35},"6":{"name":"consumeAny","decl":{"start":{"line":48,"column":13},"end":{"line":48,"column":23}},"loc":{"start":{"line":48,"column":31},"end":{"line":60,"column":5}},"line":48},"7":{"name":"consumeOpt","decl":{"start":{"line":62,"column":13},"end":{"line":62,"column":23}},"loc":{"start":{"line":62,"column":37},"end":{"line":68,"column":5}},"line":62},"8":{"name":"consumeLineFeed","decl":{"start":{"line":70,"column":13},"end":{"line":70,"column":28}},"loc":{"start":{"line":70,"column":46},"end":{"line":76,"column":5}},"line":70},"9":{"name":"fromCodePoint","decl":{"start":{"line":78,"column":13},"end":{"line":78,"column":26}},"loc":{"start":{"line":78,"column":33},"end":{"line":85,"column":5}},"line":78},"10":{"name":"toHex","decl":{"start":{"line":87,"column":13},"end":{"line":87,"column":18}},"loc":{"start":{"line":87,"column":25},"end":{"line":101,"column":5}},"line":87},"11":{"name":"isDigit","decl":{"start":{"line":103,"column":13},"end":{"line":103,"column":20}},"loc":{"start":{"line":103,"column":25},"end":{"line":105,"column":5}},"line":103}},"branchMap":{"0":{"loc":{"start":{"line":2,"column":4},"end":{"line":8,"column":5}},"type":"if","locations":[{"start":{"line":2,"column":4},"end":{"line":8,"column":5}},{"start":{"line":2,"column":4},"end":{"line":8,"column":5}}],"line":2},"1":{"loc":{"start":{"line":2,"column":8},"end":{"line":2,"column":72}},"type":"binary-expr","locations":[{"start":{"line":2,"column":8},"end":{"line":2,"column":34}},{"start":{"line":2,"column":38},"end":{"line":2,"column":72}}],"line":2},"2":{"loc":{"start":{"line":4,"column":8},"end":{"line":4,"column":48}},"type":"if","locations":[{"start":{"line":4,"column":8},"end":{"line":4,"column":48}},{"start":{"line":4,"column":8},"end":{"line":4,"column":48}}],"line":4},"3":{"loc":{"start":{"line":6,"column":9},"end":{"line":8,"column":5}},"type":"if","locations":[{"start":{"line":6,"column":9},"end":{"line":8,"column":5}},{"start":{"line":6,"column":9},"end":{"line":8,"column":5}}],"line":6},"4":{"loc":{"start":{"line":6,"column":13},"end":{"line":6,"column":55}},"type":"binary-expr","locations":[{"start":{"line":6,"column":13},"end":{"line":6,"column":41}},{"start":{"line":6,"column":45},"end":{"line":6,"column":55}}],"line":6},"5":{"loc":{"start":{"line":17,"column":8},"end":{"line":18,"column":40}},"type":"if","locations":[{"start":{"line":17,"column":8},"end":{"line":18,"column":40}},{"start":{"line":17,"column":8},"end":{"line":18,"column":40}}],"line":17},"6":{"loc":{"start":{"line":23,"column":16},"end":{"line":28,"column":25}},"type":"binary-expr","locations":[{"start":{"line":23,"column":16},"end":{"line":23,"column":44}},{"start":{"line":24,"column":12},"end":{"line":24,"column":23}},{"start":{"line":25,"column":12},"end":{"line":25,"column":23}},{"start":{"line":26,"column":12},"end":{"line":26,"column":23}},{"start":{"line":27,"column":12},"end":{"line":27,"column":25}},{"start":{"line":28,"column":12},"end":{"line":28,"column":25}}],"line":23},"7":{"loc":{"start":{"line":38,"column":8},"end":{"line":39,"column":22}},"type":"if","locations":[{"start":{"line":38,"column":8},"end":{"line":39,"column":22}},{"start":{"line":38,"column":8},"end":{"line":39,"column":22}}],"line":38},"8":{"loc":{"start":{"line":38,"column":12},"end":{"line":38,"column":38}},"type":"binary-expr","locations":[{"start":{"line":38,"column":12},"end":{"line":38,"column":23}},{"start":{"line":38,"column":27},"end":{"line":38,"column":38}}],"line":38},"9":{"loc":{"start":{"line":40,"column":8},"end":{"line":41,"column":22}},"type":"if","locations":[{"start":{"line":40,"column":8},"end":{"line":41,"column":22}},{"start":{"line":40,"column":8},"end":{"line":41,"column":22}}],"line":40},"10":{"loc":{"start":{"line":43,"column":8},"end":{"line":44,"column":22}},"type":"if","locations":[{"start":{"line":43,"column":8},"end":{"line":44,"column":22}},{"start":{"line":43,"column":8},"end":{"line":44,"column":22}}],"line":43},"11":{"loc":{"start":{"line":43,"column":12},"end":{"line":43,"column":38}},"type":"binary-expr","locations":[{"start":{"line":43,"column":12},"end":{"line":43,"column":23}},{"start":{"line":43,"column":27},"end":{"line":43,"column":38}}],"line":43},"12":{"loc":{"start":{"line":51,"column":8},"end":{"line":57,"column":9}},"type":"if","locations":[{"start":{"line":51,"column":8},"end":{"line":57,"column":9}},{"start":{"line":51,"column":8},"end":{"line":57,"column":9}}],"line":51},"13":{"loc":{"start":{"line":51,"column":12},"end":{"line":51,"column":70}},"type":"binary-expr","locations":[{"start":{"line":51,"column":12},"end":{"line":51,"column":24}},{"start":{"line":51,"column":28},"end":{"line":51,"column":40}},{"start":{"line":51,"column":44},"end":{"line":51,"column":70}}],"line":51},"14":{"loc":{"start":{"line":53,"column":12},"end":{"line":56,"column":13}},"type":"if","locations":[{"start":{"line":53,"column":12},"end":{"line":56,"column":13}},{"start":{"line":53,"column":12},"end":{"line":56,"column":13}}],"line":53},"15":{"loc":{"start":{"line":53,"column":16},"end":{"line":53,"column":44}},"type":"binary-expr","locations":[{"start":{"line":53,"column":16},"end":{"line":53,"column":28}},{"start":{"line":53,"column":32},"end":{"line":53,"column":44}}],"line":53},"16":{"loc":{"start":{"line":63,"column":8},"end":{"line":64,"column":25}},"type":"if","locations":[{"start":{"line":63,"column":8},"end":{"line":64,"column":25}},{"start":{"line":63,"column":8},"end":{"line":64,"column":25}}],"line":63},"17":{"loc":{"start":{"line":72,"column":8},"end":{"line":75,"column":9}},"type":"if","locations":[{"start":{"line":72,"column":8},"end":{"line":75,"column":9}},{"start":{"line":72,"column":8},"end":{"line":75,"column":9}}],"line":72},"18":{"loc":{"start":{"line":79,"column":8},"end":{"line":84,"column":9}},"type":"if","locations":[{"start":{"line":79,"column":8},"end":{"line":84,"column":9}},{"start":{"line":79,"column":8},"end":{"line":84,"column":9}}],"line":79},"19":{"loc":{"start":{"line":88,"column":8},"end":{"line":89,"column":22}},"type":"if","locations":[{"start":{"line":88,"column":8},"end":{"line":89,"column":22}},{"start":{"line":88,"column":8},"end":{"line":89,"column":22}}],"line":88},"20":{"loc":{"start":{"line":90,"column":8},"end":{"line":91,"column":29}},"type":"if","locations":[{"start":{"line":90,"column":8},"end":{"line":91,"column":29}},{"start":{"line":90,"column":8},"end":{"line":91,"column":29}}],"line":90},"21":{"loc":{"start":{"line":92,"column":8},"end":{"line":93,"column":22}},"type":"if","locations":[{"start":{"line":92,"column":8},"end":{"line":93,"column":22}},{"start":{"line":92,"column":8},"end":{"line":93,"column":22}}],"line":92},"22":{"loc":{"start":{"line":94,"column":8},"end":{"line":95,"column":34}},"type":"if","locations":[{"start":{"line":94,"column":8},"end":{"line":95,"column":34}},{"start":{"line":94,"column":8},"end":{"line":95,"column":34}}],"line":94},"23":{"loc":{"start":{"line":96,"column":8},"end":{"line":97,"column":22}},"type":"if","locations":[{"start":{"line":96,"column":8},"end":{"line":97,"column":22}},{"start":{"line":96,"column":8},"end":{"line":97,"column":22}}],"line":96},"24":{"loc":{"start":{"line":98,"column":8},"end":{"line":99,"column":34}},"type":"if","locations":[{"start":{"line":98,"column":8},"end":{"line":99,"column":34}},{"start":{"line":98,"column":8},"end":{"line":99,"column":34}}],"line":98},"25":{"loc":{"start":{"line":104,"column":15},"end":{"line":104,"column":35}},"type":"binary-expr","locations":[{"start":{"line":104,"column":15},"end":{"line":104,"column":23}},{"start":{"line":104,"column":27},"end":{"line":104,"column":35}}],"line":104}},"s":{"0":1,"1":1,"2":1,"3":1,"4":0,"5":0,"6":0,"7":1,"8":1,"9":1,"10":21179188,"11":21179188,"12":21179188,"13":98,"14":21179090,"15":1,"16":0,"17":1,"18":640,"19":1,"20":0,"21":0,"22":0,"23":0,"24":0,"25":0,"26":0,"27":0,"28":0,"29":0,"30":1,"31":0,"32":0,"33":0,"34":0,"35":0,"36":0,"37":0,"38":0,"39":0,"40":1,"41":873,"42":399,"43":474,"44":474,"45":474,"46":1,"47":2382,"48":2382,"49":2363,"50":2363,"51":1,"52":2341401,"53":102400,"54":2239001,"55":1,"56":11088306,"57":187,"58":11088119,"59":7815188,"60":3272931,"61":0,"62":3272931,"63":4872,"64":3268059,"65":85,"66":3267974,"67":3267581,"68":393,"69":1,"70":22701,"71":1},"f":{"0":1,"1":1,"2":21179188,"3":0,"4":640,"5":0,"6":0,"7":873,"8":2382,"9":2341401,"10":11088306,"11":22701},"b":{"0":[1,0],"1":[1,1],"2":[0,1],"3":[0,0],"4":[0,0],"5":[98,21179090],"6":[0,0,0,0,0,0],"7":[0,0],"8":[0,0],"9":[0,0],"10":[0,0],"11":[0,0],"12":[0,0],"13":[0,0,0],"14":[0,0],"15":[0,0],"16":[399,474],"17":[2363,19],"18":[102400,2239001],"19":[187,11088119],"20":[7815188,3272931],"21":[0,3272931],"22":[4872,3268059],"23":[85,3267974],"24":[3267581,393],"25":[22701,14471]},"_coverageSchema":"43e27e138ebf9cfc5966b082cf9a028302ed4184","hash":"10b75b86fa22a987a415ab6155b5fd68688c05ee","contentHash":"4f7a58e2ea2cd4094ff1d1c57d0664ba"},"D:\\cherow_gh\\cherow1\\src\\unicode.ts":{"path":"D:\\cherow_gh\\cherow1\\src\\unicode.ts","statementMap":{"0":{"start":{"line":1,"column":0},"end":{"line":3641,"column":3}},"1":{"start":{"line":2,"column":4},"end":{"line":8,"column":5}},"2":{"start":{"line":3,"column":16},"end":{"line":3,"column":41}},"3":{"start":{"line":4,"column":8},"end":{"line":4,"column":48}},"4":{"start":{"line":4,"column":29},"end":{"line":4,"column":48}},"5":{"start":{"line":6,"column":9},"end":{"line":8,"column":5}},"6":{"start":{"line":7,"column":8},"end":{"line":7,"column":48}},"7":{"start":{"line":11,"column":4},"end":{"line":11,"column":66}},"8":{"start":{"line":13,"column":8},"end":{"line":13,"column":83}},"9":{"start":{"line":15,"column":4},"end":{"line":15,"column":40}},"10":{"start":{"line":17,"column":8},"end":{"line":17,"column":87}},"11":{"start":{"line":19,"column":4},"end":{"line":19,"column":34}},"12":{"start":{"line":21,"column":8},"end":{"line":21,"column":87}},"13":{"start":{"line":23,"column":4},"end":{"line":23,"column":36}},"14":{"start":{"line":24,"column":4},"end":{"line":3640,"column":7}},"15":{"start":{"line":25,"column":23},"end":{"line":25,"column":46}},"16":{"start":{"line":26,"column":20},"end":{"line":26,"column":21}},"17":{"start":{"line":27,"column":23},"end":{"line":27,"column":24}},"18":{"start":{"line":28,"column":8},"end":{"line":44,"column":9}},"19":{"start":{"line":29,"column":25},"end":{"line":29,"column":44}},"20":{"start":{"line":30,"column":12},"end":{"line":43,"column":13}},"21":{"start":{"line":31,"column":16},"end":{"line":31,"column":33}},"22":{"start":{"line":34,"column":27},"end":{"line":34,"column":46}},"23":{"start":{"line":35,"column":16},"end":{"line":36,"column":40}},"24":{"start":{"line":36,"column":20},"end":{"line":36,"column":40}},"25":{"start":{"line":37,"column":16},"end":{"line":42,"column":17}},"26":{"start":{"line":38,"column":20},"end":{"line":38,"column":83}},"27":{"start":{"line":41,"column":20},"end":{"line":41,"column":46}},"28":{"start":{"line":45,"column":8},"end":{"line":45,"column":22}}},"fnMap":{"0":{"name":"(anonymous_0)","decl":{"start":{"line":1,"column":1},"end":{"line":1,"column":2}},"loc":{"start":{"line":1,"column":20},"end":{"line":9,"column":1}},"line":1},"1":{"name":"(anonymous_1)","decl":{"start":{"line":9,"column":3},"end":{"line":9,"column":4}},"loc":{"start":{"line":9,"column":31},"end":{"line":3641,"column":1}},"line":9},"2":{"name":"isIDContinue","decl":{"start":{"line":12,"column":13},"end":{"line":12,"column":25}},"loc":{"start":{"line":12,"column":32},"end":{"line":14,"column":5}},"line":12},"3":{"name":"isIDStart","decl":{"start":{"line":16,"column":13},"end":{"line":16,"column":22}},"loc":{"start":{"line":16,"column":29},"end":{"line":18,"column":5}},"line":16},"4":{"name":"mustEscape","decl":{"start":{"line":20,"column":13},"end":{"line":20,"column":23}},"loc":{"start":{"line":20,"column":30},"end":{"line":22,"column":5}},"line":20},"5":{"name":"(anonymous_5)","decl":{"start":{"line":24,"column":29},"end":{"line":24,"column":30}},"loc":{"start":{"line":24,"column":53},"end":{"line":46,"column":5}},"line":24}},"branchMap":{"0":{"loc":{"start":{"line":2,"column":4},"end":{"line":8,"column":5}},"type":"if","locations":[{"start":{"line":2,"column":4},"end":{"line":8,"column":5}},{"start":{"line":2,"column":4},"end":{"line":8,"column":5}}],"line":2},"1":{"loc":{"start":{"line":2,"column":8},"end":{"line":2,"column":72}},"type":"binary-expr","locations":[{"start":{"line":2,"column":8},"end":{"line":2,"column":34}},{"start":{"line":2,"column":38},"end":{"line":2,"column":72}}],"line":2},"2":{"loc":{"start":{"line":4,"column":8},"end":{"line":4,"column":48}},"type":"if","locations":[{"start":{"line":4,"column":8},"end":{"line":4,"column":48}},{"start":{"line":4,"column":8},"end":{"line":4,"column":48}}],"line":4},"3":{"loc":{"start":{"line":6,"column":9},"end":{"line":8,"column":5}},"type":"if","locations":[{"start":{"line":6,"column":9},"end":{"line":8,"column":5}},{"start":{"line":6,"column":9},"end":{"line":8,"column":5}}],"line":6},"4":{"loc":{"start":{"line":6,"column":13},"end":{"line":6,"column":55}},"type":"binary-expr","locations":[{"start":{"line":6,"column":13},"end":{"line":6,"column":41}},{"start":{"line":6,"column":45},"end":{"line":6,"column":55}}],"line":6},"5":{"loc":{"start":{"line":30,"column":12},"end":{"line":43,"column":13}},"type":"if","locations":[{"start":{"line":30,"column":12},"end":{"line":43,"column":13}},{"start":{"line":30,"column":12},"end":{"line":43,"column":13}}],"line":30},"6":{"loc":{"start":{"line":35,"column":16},"end":{"line":36,"column":40}},"type":"if","locations":[{"start":{"line":35,"column":16},"end":{"line":36,"column":40}},{"start":{"line":35,"column":16},"end":{"line":36,"column":40}}],"line":35},"7":{"loc":{"start":{"line":37,"column":16},"end":{"line":42,"column":17}},"type":"if","locations":[{"start":{"line":37,"column":16},"end":{"line":42,"column":17}},{"start":{"line":37,"column":16},"end":{"line":42,"column":17}}],"line":37}},"s":{"0":1,"1":1,"2":1,"3":1,"4":0,"5":0,"6":0,"7":1,"8":0,"9":1,"10":0,"11":1,"12":0,"13":1,"14":1,"15":1,"16":1,"17":1,"18":1,"19":1766,"20":1766,"21":330,"22":1436,"23":1436,"24":1060,"25":1436,"26":190,"27":1246,"28":1},"f":{"0":1,"1":1,"2":0,"3":0,"4":0,"5":1},"b":{"0":[1,0],"1":[1,1],"2":[0,1],"3":[0,0],"4":[0,0],"5":[330,1436],"6":[1060,376],"7":[190,1246]},"_coverageSchema":"43e27e138ebf9cfc5966b082cf9a028302ed4184","hash":"7ad26e52e94f9549ae0515e7b0fba216e7f1e1bd","contentHash":"f531051f11d80e51cc271a008bdc3d4b"},"D:\\cherow_gh\\cherow1\\src\\scanner\\identifier.ts":{"path":"D:\\cherow_gh\\cherow1\\src\\scanner\\identifier.ts","statementMap":{"0":{"start":{"line":1,"column":0},"end":{"line":106,"column":3}},"1":{"start":{"line":2,"column":4},"end":{"line":8,"column":5}},"2":{"start":{"line":3,"column":16},"end":{"line":3,"column":41}},"3":{"start":{"line":4,"column":8},"end":{"line":4,"column":48}},"4":{"start":{"line":4,"column":29},"end":{"line":4,"column":48}},"5":{"start":{"line":6,"column":9},"end":{"line":8,"column":5}},"6":{"start":{"line":7,"column":8},"end":{"line":7,"column":97}},"7":{"start":{"line":11,"column":4},"end":{"line":11,"column":66}},"8":{"start":{"line":12,"column":20},"end":{"line":12,"column":39}},"9":{"start":{"line":13,"column":20},"end":{"line":13,"column":39}},"10":{"start":{"line":14,"column":21},"end":{"line":14,"column":41}},"11":{"start":{"line":15,"column":21},"end":{"line":15,"column":40}},"12":{"start":{"line":17,"column":8},"end":{"line":46,"column":9}},"13":{"start":{"line":36,"column":16},"end":{"line":36,"column":30}},"14":{"start":{"line":37,"column":16},"end":{"line":37,"column":31}},"15":{"start":{"line":38,"column":16},"end":{"line":38,"column":34}},"16":{"start":{"line":41,"column":16},"end":{"line":41,"column":53}},"17":{"start":{"line":42,"column":16},"end":{"line":42,"column":30}},"18":{"start":{"line":43,"column":16},"end":{"line":43,"column":33}},"19":{"start":{"line":44,"column":16},"end":{"line":44,"column":29}},"20":{"start":{"line":45,"column":16},"end":{"line":45,"column":34}},"21":{"start":{"line":47,"column":8},"end":{"line":47,"column":63}},"22":{"start":{"line":49,"column":4},"end":{"line":49,"column":54}},"23":{"start":{"line":51,"column":32},"end":{"line":51,"column":37}},"24":{"start":{"line":52,"column":8},"end":{"line":55,"column":9}},"25":{"start":{"line":53,"column":12},"end":{"line":53,"column":20}},"26":{"start":{"line":54,"column":12},"end":{"line":54,"column":21}},"27":{"start":{"line":56,"column":8},"end":{"line":56,"column":71}},"28":{"start":{"line":57,"column":8},"end":{"line":58,"column":9}},"29":{"start":{"line":59,"column":8},"end":{"line":59,"column":28}},"30":{"start":{"line":60,"column":8},"end":{"line":60,"column":30}},"31":{"start":{"line":61,"column":20},"end":{"line":61,"column":43}},"32":{"start":{"line":62,"column":8},"end":{"line":66,"column":9}},"33":{"start":{"line":63,"column":28},"end":{"line":63,"column":70}},"34":{"start":{"line":64,"column":12},"end":{"line":65,"column":31}},"35":{"start":{"line":65,"column":16},"end":{"line":65,"column":31}},"36":{"start":{"line":67,"column":8},"end":{"line":68,"column":73}},"37":{"start":{"line":68,"column":12},"end":{"line":68,"column":73}},"38":{"start":{"line":69,"column":8},"end":{"line":69,"column":22}},"39":{"start":{"line":71,"column":4},"end":{"line":71,"column":62}},"40":{"start":{"line":73,"column":32},"end":{"line":73,"column":37}},"41":{"start":{"line":74,"column":8},"end":{"line":77,"column":9}},"42":{"start":{"line":75,"column":12},"end":{"line":75,"column":20}},"43":{"start":{"line":76,"column":12},"end":{"line":76,"column":21}},"44":{"start":{"line":78,"column":8},"end":{"line":78,"column":71}},"45":{"start":{"line":79,"column":8},"end":{"line":80,"column":9}},"46":{"start":{"line":81,"column":8},"end":{"line":81,"column":28}},"47":{"start":{"line":82,"column":8},"end":{"line":82,"column":30}},"48":{"start":{"line":83,"column":8},"end":{"line":84,"column":73}},"49":{"start":{"line":84,"column":12},"end":{"line":84,"column":73}},"50":{"start":{"line":85,"column":8},"end":{"line":85,"column":22}},"51":{"start":{"line":87,"column":4},"end":{"line":87,"column":44}},"52":{"start":{"line":89,"column":32},"end":{"line":89,"column":37}},"53":{"start":{"line":90,"column":8},"end":{"line":90,"column":16}},"54":{"start":{"line":91,"column":8},"end":{"line":91,"column":17}},"55":{"start":{"line":92,"column":22},"end":{"line":92,"column":27}},"56":{"start":{"line":93,"column":8},"end":{"line":95,"column":9}},"57":{"start":{"line":94,"column":12},"end":{"line":94,"column":94}},"58":{"start":{"line":96,"column":8},"end":{"line":99,"column":9}},"59":{"start":{"line":97,"column":12},"end":{"line":97,"column":20}},"60":{"start":{"line":98,"column":12},"end":{"line":98,"column":21}},"61":{"start":{"line":100,"column":8},"end":{"line":100,"column":60}},"62":{"start":{"line":101,"column":8},"end":{"line":101,"column":28}},"63":{"start":{"line":102,"column":8},"end":{"line":102,"column":30}},"64":{"start":{"line":103,"column":8},"end":{"line":103,"column":19}},"65":{"start":{"line":105,"column":4},"end":{"line":105,"column":46}}},"fnMap":{"0":{"name":"(anonymous_0)","decl":{"start":{"line":1,"column":1},"end":{"line":1,"column":2}},"loc":{"start":{"line":1,"column":20},"end":{"line":9,"column":1}},"line":1},"1":{"name":"(anonymous_1)","decl":{"start":{"line":9,"column":3},"end":{"line":9,"column":4}},"loc":{"start":{"line":9,"column":31},"end":{"line":106,"column":1}},"line":9},"2":{"name":"scanMaybeIdentifier","decl":{"start":{"line":16,"column":13},"end":{"line":16,"column":32}},"loc":{"start":{"line":16,"column":50},"end":{"line":48,"column":5}},"line":16},"3":{"name":"scanIdentifierOrKeyword","decl":{"start":{"line":50,"column":13},"end":{"line":50,"column":36}},"loc":{"start":{"line":50,"column":53},"end":{"line":70,"column":5}},"line":50},"4":{"name":"scanIdentifier","decl":{"start":{"line":72,"column":13},"end":{"line":72,"column":27}},"loc":{"start":{"line":72,"column":44},"end":{"line":86,"column":5}},"line":72},"5":{"name":"scanPrivateName","decl":{"start":{"line":88,"column":13},"end":{"line":88,"column":28}},"loc":{"start":{"line":88,"column":39},"end":{"line":104,"column":5}},"line":88}},"branchMap":{"0":{"loc":{"start":{"line":2,"column":4},"end":{"line":8,"column":5}},"type":"if","locations":[{"start":{"line":2,"column":4},"end":{"line":8,"column":5}},{"start":{"line":2,"column":4},"end":{"line":8,"column":5}}],"line":2},"1":{"loc":{"start":{"line":2,"column":8},"end":{"line":2,"column":72}},"type":"binary-expr","locations":[{"start":{"line":2,"column":8},"end":{"line":2,"column":34}},{"start":{"line":2,"column":38},"end":{"line":2,"column":72}}],"line":2},"2":{"loc":{"start":{"line":4,"column":8},"end":{"line":4,"column":48}},"type":"if","locations":[{"start":{"line":4,"column":8},"end":{"line":4,"column":48}},{"start":{"line":4,"column":8},"end":{"line":4,"column":48}}],"line":4},"3":{"loc":{"start":{"line":6,"column":9},"end":{"line":8,"column":5}},"type":"if","locations":[{"start":{"line":6,"column":9},"end":{"line":8,"column":5}},{"start":{"line":6,"column":9},"end":{"line":8,"column":5}}],"line":6},"4":{"loc":{"start":{"line":6,"column":13},"end":{"line":6,"column":55}},"type":"binary-expr","locations":[{"start":{"line":6,"column":13},"end":{"line":6,"column":41}},{"start":{"line":6,"column":45},"end":{"line":6,"column":55}}],"line":6},"5":{"loc":{"start":{"line":17,"column":8},"end":{"line":46,"column":9}},"type":"switch","locations":[{"start":{"line":18,"column":12},"end":{"line":18,"column":21}},{"start":{"line":19,"column":12},"end":{"line":19,"column":22}},{"start":{"line":20,"column":12},"end":{"line":20,"column":22}},{"start":{"line":21,"column":12},"end":{"line":21,"column":22}},{"start":{"line":22,"column":12},"end":{"line":22,"column":22}},{"start":{"line":23,"column":12},"end":{"line":23,"column":22}},{"start":{"line":24,"column":12},"end":{"line":24,"column":22}},{"start":{"line":25,"column":12},"end":{"line":25,"column":22}},{"start":{"line":26,"column":12},"end":{"line":26,"column":22}},{"start":{"line":27,"column":12},"end":{"line":27,"column":22}},{"start":{"line":28,"column":12},"end":{"line":28,"column":22}},{"start":{"line":29,"column":12},"end":{"line":29,"column":22}},{"start":{"line":30,"column":12},"end":{"line":30,"column":22}},{"start":{"line":31,"column":12},"end":{"line":31,"column":22}},{"start":{"line":32,"column":12},"end":{"line":32,"column":22}},{"start":{"line":33,"column":12},"end":{"line":33,"column":23}},{"start":{"line":34,"column":12},"end":{"line":34,"column":22}},{"start":{"line":35,"column":12},"end":{"line":38,"column":34}},{"start":{"line":39,"column":12},"end":{"line":39,"column":22}},{"start":{"line":40,"column":12},"end":{"line":45,"column":34}}],"line":17},"6":{"loc":{"start":{"line":57,"column":8},"end":{"line":58,"column":9}},"type":"if","locations":[{"start":{"line":57,"column":8},"end":{"line":58,"column":9}},{"start":{"line":57,"column":8},"end":{"line":58,"column":9}}],"line":57},"7":{"loc":{"start":{"line":62,"column":8},"end":{"line":66,"column":9}},"type":"if","locations":[{"start":{"line":62,"column":8},"end":{"line":66,"column":9}},{"start":{"line":62,"column":8},"end":{"line":66,"column":9}}],"line":62},"8":{"loc":{"start":{"line":62,"column":12},"end":{"line":62,"column":33}},"type":"binary-expr","locations":[{"start":{"line":62,"column":12},"end":{"line":62,"column":20}},{"start":{"line":62,"column":24},"end":{"line":62,"column":33}}],"line":62},"9":{"loc":{"start":{"line":64,"column":12},"end":{"line":65,"column":31}},"type":"if","locations":[{"start":{"line":64,"column":12},"end":{"line":65,"column":31}},{"start":{"line":64,"column":12},"end":{"line":65,"column":31}}],"line":64},"10":{"loc":{"start":{"line":67,"column":8},"end":{"line":68,"column":73}},"type":"if","locations":[{"start":{"line":67,"column":8},"end":{"line":68,"column":73}},{"start":{"line":67,"column":8},"end":{"line":68,"column":73}}],"line":67},"11":{"loc":{"start":{"line":79,"column":8},"end":{"line":80,"column":9}},"type":"if","locations":[{"start":{"line":79,"column":8},"end":{"line":80,"column":9}},{"start":{"line":79,"column":8},"end":{"line":80,"column":9}}],"line":79},"12":{"loc":{"start":{"line":83,"column":8},"end":{"line":84,"column":73}},"type":"if","locations":[{"start":{"line":83,"column":8},"end":{"line":84,"column":73}},{"start":{"line":83,"column":8},"end":{"line":84,"column":73}}],"line":83},"13":{"loc":{"start":{"line":93,"column":8},"end":{"line":95,"column":9}},"type":"if","locations":[{"start":{"line":93,"column":8},"end":{"line":95,"column":9}},{"start":{"line":93,"column":8},"end":{"line":95,"column":9}}],"line":93}},"s":{"0":1,"1":1,"2":1,"3":1,"4":0,"5":0,"6":0,"7":1,"8":1,"9":1,"10":1,"11":1,"12":61,"13":32,"14":32,"15":32,"16":22,"17":22,"18":22,"19":22,"20":22,"21":7,"22":1,"23":95476,"24":95476,"25":258421,"26":258421,"27":95476,"28":95476,"29":95476,"30":95476,"31":95476,"32":95476,"33":49736,"34":49736,"35":38857,"36":56619,"37":73,"38":56619,"39":1,"40":2003,"41":2003,"42":4438,"43":4438,"44":2003,"45":2003,"46":2003,"47":2003,"48":2003,"49":0,"50":2003,"51":1,"52":7,"53":7,"54":7,"55":7,"56":7,"57":3,"58":4,"59":8,"60":8,"61":4,"62":4,"63":4,"64":4,"65":1},"f":{"0":1,"1":1,"2":61,"3":95476,"4":2003,"5":7},"b":{"0":[1,0],"1":[1,1],"2":[0,1],"3":[0,0],"4":[0,0],"5":[2,4,6,8,10,12,14,16,18,20,22,24,26,28,30,32,32,32,11,22],"6":[2,95474],"7":[49736,45740],"8":[95476,49908],"9":[38857,10879],"10":[73,56546],"11":[0,2003],"12":[0,2003],"13":[3,4]},"_coverageSchema":"43e27e138ebf9cfc5966b082cf9a028302ed4184","hash":"9a91412e2f41a934be62fc47b5898c811f14c126","contentHash":"d5b373e5f6b9a1b1e74ab8f111db9229"},"D:\\cherow_gh\\cherow1\\src\\token.ts":{"path":"D:\\cherow_gh\\cherow1\\src\\token.ts","statementMap":{"0":{"start":{"line":1,"column":0},"end":{"line":189,"column":3}},"1":{"start":{"line":2,"column":4},"end":{"line":8,"column":5}},"2":{"start":{"line":3,"column":16},"end":{"line":3,"column":41}},"3":{"start":{"line":4,"column":8},"end":{"line":4,"column":48}},"4":{"start":{"line":4,"column":29},"end":{"line":4,"column":48}},"5":{"start":{"line":6,"column":9},"end":{"line":8,"column":5}},"6":{"start":{"line":7,"column":8},"end":{"line":7,"column":48}},"7":{"start":{"line":11,"column":4},"end":{"line":11,"column":66}},"8":{"start":{"line":12,"column":4},"end":{"line":134,"column":6}},"9":{"start":{"line":135,"column":4},"end":{"line":188,"column":7}}},"fnMap":{"0":{"name":"(anonymous_0)","decl":{"start":{"line":1,"column":1},"end":{"line":1,"column":2}},"loc":{"start":{"line":1,"column":20},"end":{"line":9,"column":1}},"line":1},"1":{"name":"(anonymous_1)","decl":{"start":{"line":9,"column":3},"end":{"line":9,"column":4}},"loc":{"start":{"line":9,"column":31},"end":{"line":189,"column":1}},"line":9}},"branchMap":{"0":{"loc":{"start":{"line":2,"column":4},"end":{"line":8,"column":5}},"type":"if","locations":[{"start":{"line":2,"column":4},"end":{"line":8,"column":5}},{"start":{"line":2,"column":4},"end":{"line":8,"column":5}}],"line":2},"1":{"loc":{"start":{"line":2,"column":8},"end":{"line":2,"column":72}},"type":"binary-expr","locations":[{"start":{"line":2,"column":8},"end":{"line":2,"column":34}},{"start":{"line":2,"column":38},"end":{"line":2,"column":72}}],"line":2},"2":{"loc":{"start":{"line":4,"column":8},"end":{"line":4,"column":48}},"type":"if","locations":[{"start":{"line":4,"column":8},"end":{"line":4,"column":48}},{"start":{"line":4,"column":8},"end":{"line":4,"column":48}}],"line":4},"3":{"loc":{"start":{"line":6,"column":9},"end":{"line":8,"column":5}},"type":"if","locations":[{"start":{"line":6,"column":9},"end":{"line":8,"column":5}},{"start":{"line":6,"column":9},"end":{"line":8,"column":5}}],"line":6},"4":{"loc":{"start":{"line":6,"column":13},"end":{"line":6,"column":55}},"type":"binary-expr","locations":[{"start":{"line":6,"column":13},"end":{"line":6,"column":41}},{"start":{"line":6,"column":45},"end":{"line":6,"column":55}}],"line":6}},"s":{"0":1,"1":1,"2":1,"3":1,"4":0,"5":0,"6":0,"7":1,"8":1,"9":1},"f":{"0":1,"1":1},"b":{"0":[1,0],"1":[1,1],"2":[0,1],"3":[0,0],"4":[0,0]},"_coverageSchema":"43e27e138ebf9cfc5966b082cf9a028302ed4184","hash":"48d248996092ee4092919899dbc09552a248fe01","contentHash":"b963ebb80e55bb3bf75f33c87784fe1f"},"D:\\cherow_gh\\cherow1\\src\\chars.ts":{"path":"D:\\cherow_gh\\cherow1\\src\\chars.ts","statementMap":{"0":{"start":{"line":1,"column":0},"end":{"line":27,"column":3}},"1":{"start":{"line":2,"column":4},"end":{"line":8,"column":5}},"2":{"start":{"line":3,"column":16},"end":{"line":3,"column":41}},"3":{"start":{"line":4,"column":8},"end":{"line":4,"column":48}},"4":{"start":{"line":4,"column":29},"end":{"line":4,"column":48}},"5":{"start":{"line":6,"column":9},"end":{"line":8,"column":5}},"6":{"start":{"line":7,"column":8},"end":{"line":7,"column":61}},"7":{"start":{"line":11,"column":4},"end":{"line":11,"column":66}},"8":{"start":{"line":12,"column":22},"end":{"line":12,"column":42}},"9":{"start":{"line":13,"column":4},"end":{"line":18,"column":29}},"10":{"start":{"line":20,"column":8},"end":{"line":20,"column":122}},"11":{"start":{"line":22,"column":4},"end":{"line":22,"column":48}},"12":{"start":{"line":24,"column":8},"end":{"line":24,"column":126}},"13":{"start":{"line":26,"column":4},"end":{"line":26,"column":50}}},"fnMap":{"0":{"name":"(anonymous_0)","decl":{"start":{"line":1,"column":1},"end":{"line":1,"column":2}},"loc":{"start":{"line":1,"column":20},"end":{"line":9,"column":1}},"line":1},"1":{"name":"(anonymous_1)","decl":{"start":{"line":9,"column":3},"end":{"line":9,"column":4}},"loc":{"start":{"line":9,"column":31},"end":{"line":27,"column":1}},"line":9},"2":{"name":"isIdentifierPart","decl":{"start":{"line":19,"column":13},"end":{"line":19,"column":29}},"loc":{"start":{"line":19,"column":36},"end":{"line":21,"column":5}},"line":19},"3":{"name":"isIdentifierStart","decl":{"start":{"line":23,"column":13},"end":{"line":23,"column":30}},"loc":{"start":{"line":23,"column":37},"end":{"line":25,"column":5}},"line":23}},"branchMap":{"0":{"loc":{"start":{"line":2,"column":4},"end":{"line":8,"column":5}},"type":"if","locations":[{"start":{"line":2,"column":4},"end":{"line":8,"column":5}},{"start":{"line":2,"column":4},"end":{"line":8,"column":5}}],"line":2},"1":{"loc":{"start":{"line":2,"column":8},"end":{"line":2,"column":72}},"type":"binary-expr","locations":[{"start":{"line":2,"column":8},"end":{"line":2,"column":34}},{"start":{"line":2,"column":38},"end":{"line":2,"column":72}}],"line":2},"2":{"loc":{"start":{"line":4,"column":8},"end":{"line":4,"column":48}},"type":"if","locations":[{"start":{"line":4,"column":8},"end":{"line":4,"column":48}},{"start":{"line":4,"column":8},"end":{"line":4,"column":48}}],"line":4},"3":{"loc":{"start":{"line":6,"column":9},"end":{"line":8,"column":5}},"type":"if","locations":[{"start":{"line":6,"column":9},"end":{"line":8,"column":5}},{"start":{"line":6,"column":9},"end":{"line":8,"column":5}}],"line":6},"4":{"loc":{"start":{"line":6,"column":13},"end":{"line":6,"column":55}},"type":"binary-expr","locations":[{"start":{"line":6,"column":13},"end":{"line":6,"column":41}},{"start":{"line":6,"column":45},"end":{"line":6,"column":55}}],"line":6},"5":{"loc":{"start":{"line":20,"column":15},"end":{"line":20,"column":121}},"type":"binary-expr","locations":[{"start":{"line":20,"column":15},"end":{"line":20,"column":50}},{"start":{"line":20,"column":54},"end":{"line":20,"column":121}}],"line":20},"6":{"loc":{"start":{"line":24,"column":15},"end":{"line":24,"column":125}},"type":"binary-expr","locations":[{"start":{"line":24,"column":15},"end":{"line":24,"column":50}},{"start":{"line":24,"column":54},"end":{"line":24,"column":125}}],"line":24}},"s":{"0":1,"1":1,"2":1,"3":1,"4":0,"5":0,"6":0,"7":1,"8":1,"9":1,"10":360406,"11":1,"12":6647,"13":1},"f":{"0":1,"1":1,"2":360406,"3":6647},"b":{"0":[1,0],"1":[1,1],"2":[0,1],"3":[0,0],"4":[0,0],"5":[360406,98238],"6":[6647,6627]},"_coverageSchema":"43e27e138ebf9cfc5966b082cf9a028302ed4184","hash":"db02a1c6fe07d8c0fc6908fec94a5701f204ae68","contentHash":"95241c16ca854ed9c31ec681b300816f"},"D:\\cherow_gh\\cherow1\\src\\scanner\\scan.ts":{"path":"D:\\cherow_gh\\cherow1\\src\\scanner\\scan.ts","statementMap":{"0":{"start":{"line":1,"column":0},"end":{"line":376,"column":3}},"1":{"start":{"line":2,"column":4},"end":{"line":8,"column":5}},"2":{"start":{"line":3,"column":16},"end":{"line":3,"column":41}},"3":{"start":{"line":4,"column":8},"end":{"line":4,"column":48}},"4":{"start":{"line":4,"column":29},"end":{"line":4,"column":48}},"5":{"start":{"line":6,"column":9},"end":{"line":8,"column":5}},"6":{"start":{"line":7,"column":8},"end":{"line":7,"column":141}},"7":{"start":{"line":11,"column":4},"end":{"line":11,"column":66}},"8":{"start":{"line":12,"column":21},"end":{"line":12,"column":40}},"9":{"start":{"line":13,"column":23},"end":{"line":13,"column":44}},"10":{"start":{"line":14,"column":21},"end":{"line":14,"column":40}},"11":{"start":{"line":15,"column":23},"end":{"line":15,"column":44}},"12":{"start":{"line":16,"column":21},"end":{"line":16,"column":40}},"13":{"start":{"line":17,"column":22},"end":{"line":17,"column":42}},"14":{"start":{"line":18,"column":25},"end":{"line":18,"column":48}},"15":{"start":{"line":19,"column":24},"end":{"line":19,"column":46}},"16":{"start":{"line":20,"column":18},"end":{"line":20,"column":80}},"17":{"start":{"line":22,"column":8},"end":{"line":22,"column":22}},"18":{"start":{"line":23,"column":8},"end":{"line":23,"column":23}},"19":{"start":{"line":24,"column":8},"end":{"line":24,"column":34}},"20":{"start":{"line":26,"column":4},"end":{"line":26,"column":45}},"21":{"start":{"line":27,"column":4},"end":{"line":27,"column":44}},"22":{"start":{"line":28,"column":4},"end":{"line":28,"column":43}},"23":{"start":{"line":29,"column":4},"end":{"line":29,"column":43}},"24":{"start":{"line":30,"column":4},"end":{"line":30,"column":25}},"25":{"start":{"line":31,"column":4},"end":{"line":31,"column":29}},"26":{"start":{"line":32,"column":4},"end":{"line":32,"column":25}},"27":{"start":{"line":33,"column":4},"end":{"line":33,"column":25}},"28":{"start":{"line":34,"column":4},"end":{"line":36,"column":5}},"29":{"start":{"line":35,"column":8},"end":{"line":35,"column":41}},"30":{"start":{"line":37,"column":4},"end":{"line":37,"column":25}},"31":{"start":{"line":38,"column":4},"end":{"line":38,"column":25}},"32":{"start":{"line":39,"column":4},"end":{"line":39,"column":25}},"33":{"start":{"line":40,"column":4},"end":{"line":40,"column":32}},"34":{"start":{"line":41,"column":4},"end":{"line":65,"column":6}},"35":{"start":{"line":42,"column":22},"end":{"line":42,"column":37}},"36":{"start":{"line":43,"column":8},"end":{"line":63,"column":9}},"37":{"start":{"line":44,"column":25},"end":{"line":44,"column":55}},"38":{"start":{"line":45,"column":12},"end":{"line":62,"column":13}},"39":{"start":{"line":46,"column":16},"end":{"line":46,"column":40}},"40":{"start":{"line":47,"column":16},"end":{"line":47,"column":34}},"41":{"start":{"line":48,"column":16},"end":{"line":48,"column":62}},"42":{"start":{"line":50,"column":17},"end":{"line":62,"column":13}},"43":{"start":{"line":51,"column":16},"end":{"line":51,"column":40}},"44":{"start":{"line":52,"column":16},"end":{"line":52,"column":34}},"45":{"start":{"line":53,"column":16},"end":{"line":53,"column":67}},"46":{"start":{"line":55,"column":17},"end":{"line":62,"column":13}},"47":{"start":{"line":56,"column":16},"end":{"line":56,"column":40}},"48":{"start":{"line":57,"column":16},"end":{"line":57,"column":34}},"49":{"start":{"line":58,"column":16},"end":{"line":58,"column":67}},"50":{"start":{"line":60,"column":17},"end":{"line":62,"column":13}},"51":{"start":{"line":61,"column":16},"end":{"line":61,"column":73}},"52":{"start":{"line":64,"column":8},"end":{"line":64,"column":53}},"53":{"start":{"line":66,"column":4},"end":{"line":76,"column":6}},"54":{"start":{"line":67,"column":8},"end":{"line":67,"column":22}},"55":{"start":{"line":68,"column":8},"end":{"line":68,"column":23}},"56":{"start":{"line":69,"column":8},"end":{"line":74,"column":9}},"57":{"start":{"line":70,"column":12},"end":{"line":72,"column":13}},"58":{"start":{"line":71,"column":16},"end":{"line":71,"column":32}},"59":{"start":{"line":73,"column":12},"end":{"line":73,"column":28}},"60":{"start":{"line":75,"column":8},"end":{"line":75,"column":24}},"61":{"start":{"line":77,"column":4},"end":{"line":81,"column":6}},"62":{"start":{"line":78,"column":8},"end":{"line":78,"column":22}},"63":{"start":{"line":79,"column":8},"end":{"line":79,"column":23}},"64":{"start":{"line":80,"column":8},"end":{"line":80,"column":67}},"65":{"start":{"line":82,"column":4},"end":{"line":99,"column":6}},"66":{"start":{"line":83,"column":8},"end":{"line":83,"column":22}},"67":{"start":{"line":84,"column":8},"end":{"line":84,"column":23}},"68":{"start":{"line":85,"column":8},"end":{"line":97,"column":9}},"69":{"start":{"line":86,"column":25},"end":{"line":86,"column":61}},"70":{"start":{"line":87,"column":12},"end":{"line":96,"column":13}},"71":{"start":{"line":88,"column":16},"end":{"line":88,"column":30}},"72":{"start":{"line":89,"column":16},"end":{"line":89,"column":31}},"73":{"start":{"line":90,"column":16},"end":{"line":90,"column":32}},"74":{"start":{"line":92,"column":17},"end":{"line":96,"column":13}},"75":{"start":{"line":93,"column":16},"end":{"line":93,"column":30}},"76":{"start":{"line":94,"column":16},"end":{"line":94,"column":31}},"77":{"start":{"line":95,"column":16},"end":{"line":95,"column":31}},"78":{"start":{"line":98,"column":8},"end":{"line":98,"column":24}},"79":{"start":{"line":100,"column":4},"end":{"line":117,"column":6}},"80":{"start":{"line":101,"column":8},"end":{"line":101,"column":22}},"81":{"start":{"line":102,"column":8},"end":{"line":102,"column":23}},"82":{"start":{"line":103,"column":8},"end":{"line":115,"column":9}},"83":{"start":{"line":104,"column":25},"end":{"line":104,"column":61}},"84":{"start":{"line":105,"column":12},"end":{"line":114,"column":13}},"85":{"start":{"line":106,"column":16},"end":{"line":106,"column":30}},"86":{"start":{"line":107,"column":16},"end":{"line":107,"column":31}},"87":{"start":{"line":108,"column":16},"end":{"line":108,"column":75}},"88":{"start":{"line":110,"column":17},"end":{"line":114,"column":13}},"89":{"start":{"line":111,"column":16},"end":{"line":111,"column":30}},"90":{"start":{"line":112,"column":16},"end":{"line":112,"column":31}},"91":{"start":{"line":113,"column":16},"end":{"line":113,"column":31}},"92":{"start":{"line":116,"column":8},"end":{"line":116,"column":24}},"93":{"start":{"line":118,"column":4},"end":{"line":135,"column":6}},"94":{"start":{"line":119,"column":8},"end":{"line":119,"column":22}},"95":{"start":{"line":120,"column":8},"end":{"line":120,"column":23}},"96":{"start":{"line":121,"column":8},"end":{"line":133,"column":9}},"97":{"start":{"line":122,"column":25},"end":{"line":122,"column":61}},"98":{"start":{"line":123,"column":12},"end":{"line":132,"column":13}},"99":{"start":{"line":124,"column":16},"end":{"line":124,"column":30}},"100":{"start":{"line":125,"column":16},"end":{"line":125,"column":31}},"101":{"start":{"line":126,"column":16},"end":{"line":126,"column":32}},"102":{"start":{"line":128,"column":17},"end":{"line":132,"column":13}},"103":{"start":{"line":129,"column":16},"end":{"line":129,"column":30}},"104":{"start":{"line":130,"column":16},"end":{"line":130,"column":31}},"105":{"start":{"line":131,"column":16},"end":{"line":131,"column":31}},"106":{"start":{"line":134,"column":8},"end":{"line":134,"column":24}},"107":{"start":{"line":136,"column":4},"end":{"line":136,"column":25}},"108":{"start":{"line":137,"column":4},"end":{"line":137,"column":25}},"109":{"start":{"line":138,"column":4},"end":{"line":159,"column":6}},"110":{"start":{"line":139,"column":8},"end":{"line":139,"column":22}},"111":{"start":{"line":140,"column":8},"end":{"line":140,"column":23}},"112":{"start":{"line":141,"column":8},"end":{"line":157,"column":9}},"113":{"start":{"line":142,"column":25},"end":{"line":142,"column":61}},"114":{"start":{"line":143,"column":12},"end":{"line":156,"column":13}},"115":{"start":{"line":144,"column":16},"end":{"line":144,"column":30}},"116":{"start":{"line":145,"column":16},"end":{"line":145,"column":31}},"117":{"start":{"line":146,"column":16},"end":{"line":149,"column":17}},"118":{"start":{"line":148,"column":20},"end":{"line":148,"column":79}},"119":{"start":{"line":150,"column":16},"end":{"line":150,"column":32}},"120":{"start":{"line":152,"column":17},"end":{"line":156,"column":13}},"121":{"start":{"line":153,"column":16},"end":{"line":153,"column":30}},"122":{"start":{"line":154,"column":16},"end":{"line":154,"column":31}},"123":{"start":{"line":155,"column":16},"end":{"line":155,"column":31}},"124":{"start":{"line":158,"column":8},"end":{"line":158,"column":24}},"125":{"start":{"line":160,"column":4},"end":{"line":180,"column":6}},"126":{"start":{"line":161,"column":20},"end":{"line":161,"column":35}},"127":{"start":{"line":162,"column":8},"end":{"line":176,"column":9}},"128":{"start":{"line":163,"column":25},"end":{"line":163,"column":55}},"129":{"start":{"line":164,"column":12},"end":{"line":175,"column":13}},"130":{"start":{"line":165,"column":16},"end":{"line":165,"column":24}},"131":{"start":{"line":166,"column":16},"end":{"line":170,"column":17}},"132":{"start":{"line":167,"column":20},"end":{"line":167,"column":44}},"133":{"start":{"line":168,"column":20},"end":{"line":168,"column":38}},"134":{"start":{"line":169,"column":20},"end":{"line":169,"column":30}},"135":{"start":{"line":172,"column":17},"end":{"line":175,"column":13}},"136":{"start":{"line":173,"column":16},"end":{"line":173,"column":54}},"137":{"start":{"line":174,"column":16},"end":{"line":174,"column":30}},"138":{"start":{"line":177,"column":8},"end":{"line":177,"column":22}},"139":{"start":{"line":178,"column":8},"end":{"line":178,"column":23}},"140":{"start":{"line":179,"column":8},"end":{"line":179,"column":18}},"141":{"start":{"line":181,"column":4},"end":{"line":211,"column":6}},"142":{"start":{"line":182,"column":8},"end":{"line":182,"column":22}},"143":{"start":{"line":183,"column":8},"end":{"line":183,"column":23}},"144":{"start":{"line":184,"column":8},"end":{"line":209,"column":9}},"145":{"start":{"line":185,"column":25},"end":{"line":185,"column":61}},"146":{"start":{"line":186,"column":12},"end":{"line":208,"column":13}},"147":{"start":{"line":187,"column":16},"end":{"line":187,"column":70}},"148":{"start":{"line":189,"column":17},"end":{"line":208,"column":13}},"149":{"start":{"line":190,"column":16},"end":{"line":190,"column":30}},"150":{"start":{"line":191,"column":16},"end":{"line":191,"column":31}},"151":{"start":{"line":192,"column":16},"end":{"line":192,"column":66}},"152":{"start":{"line":194,"column":17},"end":{"line":208,"column":13}},"153":{"start":{"line":195,"column":16},"end":{"line":195,"column":30}},"154":{"start":{"line":196,"column":16},"end":{"line":196,"column":31}},"155":{"start":{"line":197,"column":16},"end":{"line":197,"column":58}},"156":{"start":{"line":199,"column":17},"end":{"line":208,"column":13}},"157":{"start":{"line":200,"column":16},"end":{"line":200,"column":30}},"158":{"start":{"line":201,"column":16},"end":{"line":201,"column":31}},"159":{"start":{"line":202,"column":16},"end":{"line":202,"column":31}},"160":{"start":{"line":204,"column":17},"end":{"line":208,"column":13}},"161":{"start":{"line":205,"column":16},"end":{"line":205,"column":30}},"162":{"start":{"line":206,"column":16},"end":{"line":206,"column":31}},"163":{"start":{"line":207,"column":16},"end":{"line":207,"column":26}},"164":{"start":{"line":210,"column":8},"end":{"line":210,"column":24}},"165":{"start":{"line":212,"column":4},"end":{"line":251,"column":6}},"166":{"start":{"line":213,"column":8},"end":{"line":213,"column":22}},"167":{"start":{"line":214,"column":8},"end":{"line":214,"column":23}},"168":{"start":{"line":215,"column":8},"end":{"line":249,"column":9}},"169":{"start":{"line":216,"column":12},"end":{"line":248,"column":13}},"170":{"start":{"line":218,"column":20},"end":{"line":218,"column":34}},"171":{"start":{"line":219,"column":20},"end":{"line":219,"column":35}},"172":{"start":{"line":220,"column":20},"end":{"line":220,"column":79}},"173":{"start":{"line":222,"column":20},"end":{"line":222,"column":34}},"174":{"start":{"line":223,"column":20},"end":{"line":223,"column":35}},"175":{"start":{"line":224,"column":20},"end":{"line":224,"column":36}},"176":{"start":{"line":226,"column":34},"end":{"line":226,"column":49}},"177":{"start":{"line":227,"column":33},"end":{"line":227,"column":63}},"178":{"start":{"line":228,"column":20},"end":{"line":232,"column":21}},"179":{"start":{"line":229,"column":24},"end":{"line":229,"column":44}},"180":{"start":{"line":230,"column":24},"end":{"line":230,"column":39}},"181":{"start":{"line":231,"column":24},"end":{"line":231,"column":83}},"182":{"start":{"line":235,"column":20},"end":{"line":236,"column":30}},"183":{"start":{"line":236,"column":24},"end":{"line":236,"column":30}},"184":{"start":{"line":237,"column":34},"end":{"line":237,"column":49}},"185":{"start":{"line":238,"column":20},"end":{"line":242,"column":21}},"186":{"start":{"line":239,"column":37},"end":{"line":239,"column":67}},"187":{"start":{"line":240,"column":24},"end":{"line":241,"column":34}},"188":{"start":{"line":241,"column":28},"end":{"line":241,"column":34}},"189":{"start":{"line":243,"column":20},"end":{"line":243,"column":34}},"190":{"start":{"line":244,"column":20},"end":{"line":244,"column":35}},"191":{"start":{"line":245,"column":20},"end":{"line":245,"column":30}},"192":{"start":{"line":250,"column":8},"end":{"line":250,"column":24}},"193":{"start":{"line":252,"column":4},"end":{"line":269,"column":6}},"194":{"start":{"line":253,"column":8},"end":{"line":253,"column":22}},"195":{"start":{"line":254,"column":8},"end":{"line":254,"column":23}},"196":{"start":{"line":255,"column":8},"end":{"line":267,"column":9}},"197":{"start":{"line":256,"column":25},"end":{"line":256,"column":61}},"198":{"start":{"line":257,"column":12},"end":{"line":266,"column":13}},"199":{"start":{"line":258,"column":16},"end":{"line":258,"column":30}},"200":{"start":{"line":259,"column":16},"end":{"line":259,"column":31}},"201":{"start":{"line":260,"column":16},"end":{"line":260,"column":76}},"202":{"start":{"line":262,"column":17},"end":{"line":266,"column":13}},"203":{"start":{"line":263,"column":16},"end":{"line":263,"column":30}},"204":{"start":{"line":264,"column":16},"end":{"line":264,"column":31}},"205":{"start":{"line":265,"column":16},"end":{"line":265,"column":30}},"206":{"start":{"line":268,"column":8},"end":{"line":268,"column":23}},"207":{"start":{"line":270,"column":4},"end":{"line":300,"column":6}},"208":{"start":{"line":271,"column":8},"end":{"line":271,"column":22}},"209":{"start":{"line":272,"column":8},"end":{"line":272,"column":23}},"210":{"start":{"line":273,"column":8},"end":{"line":298,"column":9}},"211":{"start":{"line":274,"column":25},"end":{"line":274,"column":61}},"212":{"start":{"line":275,"column":12},"end":{"line":297,"column":13}},"213":{"start":{"line":276,"column":16},"end":{"line":276,"column":30}},"214":{"start":{"line":277,"column":16},"end":{"line":277,"column":31}},"215":{"start":{"line":278,"column":16},"end":{"line":290,"column":17}},"216":{"start":{"line":279,"column":33},"end":{"line":279,"column":69}},"217":{"start":{"line":280,"column":20},"end":{"line":289,"column":21}},"218":{"start":{"line":281,"column":24},"end":{"line":281,"column":38}},"219":{"start":{"line":282,"column":24},"end":{"line":282,"column":39}},"220":{"start":{"line":283,"column":24},"end":{"line":283,"column":83}},"221":{"start":{"line":285,"column":25},"end":{"line":289,"column":21}},"222":{"start":{"line":286,"column":24},"end":{"line":286,"column":38}},"223":{"start":{"line":287,"column":24},"end":{"line":287,"column":39}},"224":{"start":{"line":288,"column":24},"end":{"line":288,"column":39}},"225":{"start":{"line":291,"column":16},"end":{"line":291,"column":32}},"226":{"start":{"line":293,"column":17},"end":{"line":297,"column":13}},"227":{"start":{"line":294,"column":16},"end":{"line":294,"column":30}},"228":{"start":{"line":295,"column":16},"end":{"line":295,"column":31}},"229":{"start":{"line":296,"column":16},"end":{"line":296,"column":32}},"230":{"start":{"line":299,"column":8},"end":{"line":299,"column":24}},"231":{"start":{"line":301,"column":4},"end":{"line":301,"column":25}},"232":{"start":{"line":302,"column":4},"end":{"line":302,"column":25}},"233":{"start":{"line":303,"column":4},"end":{"line":305,"column":5}},"234":{"start":{"line":304,"column":8},"end":{"line":304,"column":47}},"235":{"start":{"line":306,"column":4},"end":{"line":308,"column":5}},"236":{"start":{"line":307,"column":8},"end":{"line":307,"column":56}},"237":{"start":{"line":309,"column":4},"end":{"line":309,"column":25}},"238":{"start":{"line":310,"column":4},"end":{"line":310,"column":29}},"239":{"start":{"line":311,"column":4},"end":{"line":311,"column":53}},"240":{"start":{"line":312,"column":4},"end":{"line":312,"column":25}},"241":{"start":{"line":313,"column":4},"end":{"line":313,"column":25}},"242":{"start":{"line":314,"column":4},"end":{"line":314,"column":44}},"243":{"start":{"line":315,"column":4},"end":{"line":315,"column":40}},"244":{"start":{"line":316,"column":4},"end":{"line":316,"column":26}},"245":{"start":{"line":317,"column":4},"end":{"line":317,"column":30}},"246":{"start":{"line":318,"column":4},"end":{"line":318,"column":26}},"247":{"start":{"line":319,"column":4},"end":{"line":319,"column":33}},"248":{"start":{"line":320,"column":4},"end":{"line":320,"column":26}},"249":{"start":{"line":321,"column":4},"end":{"line":321,"column":32}},"250":{"start":{"line":322,"column":4},"end":{"line":326,"column":6}},"251":{"start":{"line":323,"column":8},"end":{"line":323,"column":22}},"252":{"start":{"line":324,"column":8},"end":{"line":324,"column":23}},"253":{"start":{"line":325,"column":8},"end":{"line":325,"column":67}},"254":{"start":{"line":327,"column":4},"end":{"line":344,"column":6}},"255":{"start":{"line":328,"column":8},"end":{"line":328,"column":22}},"256":{"start":{"line":329,"column":8},"end":{"line":329,"column":23}},"257":{"start":{"line":330,"column":8},"end":{"line":342,"column":9}},"258":{"start":{"line":331,"column":25},"end":{"line":331,"column":61}},"259":{"start":{"line":332,"column":12},"end":{"line":341,"column":13}},"260":{"start":{"line":333,"column":16},"end":{"line":333,"column":30}},"261":{"start":{"line":334,"column":16},"end":{"line":334,"column":31}},"262":{"start":{"line":335,"column":16},"end":{"line":335,"column":32}},"263":{"start":{"line":337,"column":17},"end":{"line":341,"column":13}},"264":{"start":{"line":338,"column":16},"end":{"line":338,"column":30}},"265":{"start":{"line":339,"column":16},"end":{"line":339,"column":31}},"266":{"start":{"line":340,"column":16},"end":{"line":340,"column":31}},"267":{"start":{"line":343,"column":8},"end":{"line":343,"column":24}},"268":{"start":{"line":345,"column":4},"end":{"line":349,"column":6}},"269":{"start":{"line":346,"column":8},"end":{"line":346,"column":22}},"270":{"start":{"line":347,"column":8},"end":{"line":347,"column":23}},"271":{"start":{"line":348,"column":8},"end":{"line":348,"column":26}},"272":{"start":{"line":350,"column":4},"en
[...]
":1,"8":1,"9":1,"10":1,"11":174,"12":275,"13":275,"14":275,"15":275,"16":275,"17":1,"18":3,"19":3,"20":3,"21":3,"22":3,"23":3,"24":1,"25":0,"26":0,"27":0,"28":0,"29":1,"30":156747,"31":42617,"32":42616,"33":114130,"34":1,"35":94074,"36":92959,"37":1115,"38":1,"39":17029,"40":16613,"41":416,"42":184,"43":1,"44":29825,"45":3155,"46":26670,"47":10517,"48":10517,"49":12972,"50":12972,"51":164,"52":15,"53":7,"54":8,"55":149,"56":25,"57":124,"58":87,"59":87,"60":12852,"61":10397,"62":10397,"63":10274,"64":123,"65":10397,"66":10397,"67":10397,"68":12799,"69":12799,"70":16153,"71":16153,"72":3052,"73":3040,"74":111,"75":109,"76":16032,"77":16032,"78":15668,"79":364,"80":2,"81":0,"82":362,"83":16032,"84":1,"85":271,"86":1,"87":4792,"88":4792,"89":23023,"90":8647,"91":95,"92":8552,"93":7701,"94":4598,"95":1,"96":10753,"97":10753,"98":10753,"99":60,"100":35,"101":25,"102":8,"103":10710,"104":71,"105":68,"106":1,"107":2896,"108":2819,"109":2728,"110":1,"111":4154,"112":15060,"113":126,"114":1,"115":5176,"116":5176,"117":5176,"118":5176,"119":5176,"120":5176,"121":5176,"122":5176,"123":5176,"124":5176,"125":5176,"126":3883,"127":3883,"128":3883,"129":3883,"130":3883,"131":3883,"132":3883,"133":3883,"134":3883,"135":5176,"136":1,"137":3569,"138":3569,"139":3569,"140":1,"141":16511,"142":1727,"143":1727,"144":1727,"145":2088,"146":2088,"147":2021,"148":1727,"149":1965,"150":1965,"151":1965,"152":2182,"153":1965,"154":1101,"155":1101,"156":0,"157":1101,"158":1101,"159":1101,"160":2138,"161":2138,"162":173,"163":173,"164":1,"165":11662,"166":1,"167":21808,"168":6304,"169":3,"170":6301,"171":0,"172":6301,"173":15504,"174":1,"175":28781,"176":15,"177":28766,"178":362,"179":136,"180":28630,"181":428,"182":28202,"183":64,"184":28138,"185":66,"186":28072,"187":87,"188":0,"189":87,"190":58,"191":29,"192":0,"193":28014,"194":1,"195":352,"196":335,"197":335,"198":62,"199":273,"200":1,"201":286,"202":269,"203":269,"204":1,"205":1554,"206":1554,"207":1554,"208":1,"209":211,"210":211,"211":211,"212":211,"213":211,"214":211,"215":211,"216":211,"217":1,"218":3047,"219":3047,"220":3047,"221":1,"222":46,"223":46,"224":33,"225":2,"226":31,"227":1,"228":52,"229":25,"230":1,"231":310,"232":0,"233":310,"234":0,"235":310,"236":310,"237":163,"238":163,"239":58,"240":30,"241":28,"242":28,"243":105,"244":7,"245":98,"246":46,"247":264,"248":1,"249":1811,"250":1796,"251":1783,"252":1,"253":32685,"254":1,"255":26185,"256":1,"257":37,"258":37,"259":1,"260":16,"261":16,"262":1,"263":35553,"264":35553,"265":35553,"266":35553,"267":35553,"268":31256,"269":35,"270":31221,"271":31221,"272":31221,"273":31221,"274":1,"275":74537,"276":74537,"277":74537,"278":74537,"279":74537,"280":68805,"281":68805,"282":68805,"283":68805,"284":1,"285":5354,"286":1},"f":{"0":1,"1":1,"2":174,"3":275,"4":3,"5":3,"6":0,"7":156747,"8":94074,"9":17029,"10":29825,"11":271,"12":4792,"13":10753,"14":2896,"15":4154,"16":5176,"17":3569,"18":16511,"19":11662,"20":21808,"21":28781,"22":352,"23":286,"24":1554,"25":211,"26":211,"27":3047,"28":46,"29":52,"30":310,"31":1811,"32":32685,"33":26185,"34":37,"35":16,"36":35553,"37":74537,"38":5354},"b":{"0":[1,0],"1":[1,1],"2":[0,1],"3":[0,0],"4":[0,0],"5":[275,0],"6":[3,0],"7":[0,0],"8":[42617,114130],"9":[92959,1115],"10":[16613,416],"11":[184,232],"12":[3155,26670],"13":[10517,16153],"14":[164,12808],"15":[15,149],"16":[7,8],"17":[15,15],"18":[25,124],"19":[87,37],"20":[87,0],"21":[10274,123],"22":[3052,13101],"23":[111,2929],"24":[109,2],"25":[15668,364],"26":[2,362],"27":[0,2],"28":[164,107],"29":[5,102],"30":[95,7],"31":[8647,14376],"32":[23023,13439],"33":[95,8552],"34":[7701,851],"35":[60,10693],"36":[10753,1987],"37":[35,25],"38":[8,17],"39":[71,10639],"40":[68,3],"41":[2728,91],"42":[2819,2744],"43":[126,14934],"44":[15060,6752,2598],"45":[3883,1293],"46":[5176,4235],"47":[3569,3569,685,359,47,45,45],"48":[1727,1965,1101,2138,173],"49":[2021,67],"50":[0,1101],"51":[11662,11662],"52":[6304,15504],"53":[3,6301],"54":[6304,378],"55":[0,6301],"56":[6301,112],"57":[15504,584,497],"58":[27230],"59":[15,28766],"60":[28781,10462],"61":[362,28404],"62":[136,226],"63":[428,28202],"64":[64,28138],"65":[28202,3203],"66":[66,28072],"67":[28138,12098],"68":[87,27985],"69":[0,87],"70":[58,29],"71":[0,29],"72":[335,17],"73":[352,352],"74":[62,273],"75":[269,17],"76":[286,286],"77":[1554,673],"78":[211,179,167],"79":[211,0],"80":[33,13],"81":[2,31],"82":[25,27],"83":[52],"84":[98],"85":[0,310],"86":[310,264,0],"87":[0,310],"88":[58,105],"89":[30,28],"90":[7,98],"91":[105,27],"92":[46,52],"93":[5,41],"94":[1783,13],"95":[37,29],"96":[0],"97":[35,31221],"98":[68805,33929],"99":[68805,38856],"100":[68805,68683],"101":[950,4404],"102":[5354,4612]},"_coverageSchema":"43e27e138ebf9cfc5966b082cf9a028302ed4184","hash":"f45f5eac6c616a329abc5fbf2a5f2f470d8ec686","contentHash":"c7c1a2ebb5641e0d4e9033213ff5b925"},"D:\\cherow_gh\\cherow1\\src\\cherow.ts":{"path":"D:\\cherow_gh\\cherow1\\src\\cherow.ts","statementMap":{"0":{"start":{"line":1,"column":0},"end":{"line":105,"column":3}},"1":{"start":{"line":2,"column":4},"end":{"line":8,"column":5}},"2":{"start":{"line":3,"column":16},"end":{"line":3,"column":41}},"3":{"start":{"line":4,"column":8},"end":{"line":4,"column":48}},"4":{"start":{"line":4,"column":29},"end":{"line":4,"column":48}},"5":{"start":{"line":6,"column":9},"end":{"line":8,"column":5}},"6":{"start":{"line":7,"column":8},"end":{"line":7,"column":96}},"7":{"start":{"line":11,"column":4},"end":{"line":11,"column":66}},"8":{"start":{"line":12,"column":20},"end":{"line":12,"column":38}},"9":{"start":{"line":13,"column":21},"end":{"line":13,"column":40}},"10":{"start":{"line":14,"column":22},"end":{"line":14,"column":42}},"11":{"start":{"line":15,"column":21},"end":{"line":15,"column":40}},"12":{"start":{"line":16,"column":4},"end":{"line":16,"column":28}},"13":{"start":{"line":20,"column":8},"end":{"line":57,"column":9}},"14":{"start":{"line":21,"column":12},"end":{"line":22,"column":32}},"15":{"start":{"line":22,"column":16},"end":{"line":22,"column":32}},"16":{"start":{"line":23,"column":12},"end":{"line":24,"column":29}},"17":{"start":{"line":24,"column":16},"end":{"line":24,"column":29}},"18":{"start":{"line":25,"column":12},"end":{"line":26,"column":29}},"19":{"start":{"line":26,"column":16},"end":{"line":26,"column":29}},"20":{"start":{"line":27,"column":12},"end":{"line":28,"column":29}},"21":{"start":{"line":28,"column":16},"end":{"line":28,"column":29}},"22":{"start":{"line":29,"column":12},"end":{"line":30,"column":30}},"23":{"start":{"line":30,"column":16},"end":{"line":30,"column":30}},"24":{"start":{"line":31,"column":12},"end":{"line":32,"column":29}},"25":{"start":{"line":32,"column":16},"end":{"line":32,"column":29}},"26":{"start":{"line":33,"column":12},"end":{"line":34,"column":30}},"27":{"start":{"line":34,"column":16},"end":{"line":34,"column":30}},"28":{"start":{"line":35,"column":12},"end":{"line":36,"column":32}},"29":{"start":{"line":36,"column":16},"end":{"line":36,"column":32}},"30":{"start":{"line":37,"column":12},"end":{"line":38,"column":31}},"31":{"start":{"line":38,"column":16},"end":{"line":38,"column":31}},"32":{"start":{"line":39,"column":12},"end":{"line":40,"column":31}},"33":{"start":{"line":40,"column":16},"end":{"line":40,"column":31}},"34":{"start":{"line":41,"column":12},"end":{"line":42,"column":30}},"35":{"start":{"line":42,"column":16},"end":{"line":42,"column":30}},"36":{"start":{"line":43,"column":12},"end":{"line":44,"column":29}},"37":{"start":{"line":44,"column":16},"end":{"line":44,"column":29}},"38":{"start":{"line":45,"column":12},"end":{"line":46,"column":29}},"39":{"start":{"line":46,"column":16},"end":{"line":46,"column":29}},"40":{"start":{"line":47,"column":12},"end":{"line":48,"column":38}},"41":{"start":{"line":48,"column":16},"end":{"line":48,"column":38}},"42":{"start":{"line":49,"column":12},"end":{"line":50,"column":29}},"43":{"start":{"line":50,"column":16},"end":{"line":50,"column":29}},"44":{"start":{"line":51,"column":12},"end":{"line":53,"column":13}},"45":{"start":{"line":52,"column":16},"end":{"line":52,"column":132}},"46":{"start":{"line":54,"column":12},"end":{"line":56,"column":13}},"47":{"start":{"line":55,"column":16},"end":{"line":55,"column":122}},"48":{"start":{"line":58,"column":22},"end":{"line":58,"column":64}},"49":{"start":{"line":59,"column":8},"end":{"line":59,"column":47}},"50":{"start":{"line":60,"column":22},"end":{"line":60,"column":45}},"51":{"start":{"line":62,"column":25},"end":{"line":62,"column":33}},"52":{"start":{"line":63,"column":8},"end":{"line":74,"column":9}},"53":{"start":{"line":64,"column":12},"end":{"line":64,"column":34}},"54":{"start":{"line":65,"column":12},"end":{"line":65,"column":73}},"55":{"start":{"line":66,"column":12},"end":{"line":70,"column":13}},"56":{"start":{"line":67,"column":16},"end":{"line":69,"column":17}},"57":{"start":{"line":68,"column":20},"end":{"line":68,"column":61}},"58":{"start":{"line":73,"column":12},"end":{"line":73,"column":76}},"59":{"start":{"line":75,"column":21},"end":{"line":79,"column":9}},"60":{"start":{"line":80,"column":8},"end":{"line":83,"column":9}},"61":{"start":{"line":81,"column":12},"end":{"line":81,"column":27}},"62":{"start":{"line":82,"column":12},"end":{"line":82,"column":37}},"63":{"start":{"line":84,"column":8},"end":{"line":89,"column":9}},"64":{"start":{"line":85,"column":12},"end":{"line":88,"column":14}},"65":{"start":{"line":90,"column":8},"end":{"line":90,"column":20}},"66":{"start":{"line":92,"column":4},"end":{"line":92,"column":38}},"67":{"start":{"line":94,"column":8},"end":{"line":94,"column":89}},"68":{"start":{"line":96,"column":4},"end":{"line":96,"column":26}},"69":{"start":{"line":98,"column":8},"end":{"line":98,"column":47}},"70":{"start":{"line":100,"column":4},"end":{"line":100,"column":38}},"71":{"start":{"line":102,"column":8},"end":{"line":102,"column":57}},"72":{"start":{"line":104,"column":4},"end":{"line":104,"column":38}}},"fnMap":{"0":{"name":"(anonymous_0)","decl":{"start":{"line":1,"column":1},"end":{"line":1,"column":2}},"loc":{"start":{"line":1,"column":20},"end":{"line":9,"column":1}},"line":1},"1":{"name":"(anonymous_1)","decl":{"start":{"line":9,"column":3},"end":{"line":9,"column":4}},"loc":{"start":{"line":9,"column":31},"end":{"line":105,"column":1}},"line":9},"2":{"name":"parseSource","decl":{"start":{"line":17,"column":13},"end":{"line":17,"column":24}},"loc":{"start":{"line":17,"column":51},"end":{"line":91,"column":5}},"line":17},"3":{"name":"parse","decl":{"start":{"line":93,"column":13},"end":{"line":93,"column":18}},"loc":{"start":{"line":93,"column":36},"end":{"line":95,"column":5}},"line":93},"4":{"name":"parseScript","decl":{"start":{"line":97,"column":13},"end":{"line":97,"column":24}},"loc":{"start":{"line":97,"column":42},"end":{"line":99,"column":5}},"line":97},"5":{"name":"parseModule","decl":{"start":{"line":101,"column":13},"end":{"line":101,"column":24}},"loc":{"start":{"line":101,"column":42},"end":{"line":103,"column":5}},"line":101}},"branchMap":{"0":{"loc":{"start":{"line":2,"column":4},"end":{"line":8,"column":5}},"type":"if","locations":[{"start":{"line":2,"column":4},"end":{"line":8,"column":5}},{"start":{"line":2,"column":4},"end":{"line":8,"column":5}}],"line":2},"1":{"loc":{"start":{"line":2,"column":8},"end":{"line":2,"column":72}},"type":"binary-expr","locations":[{"start":{"line":2,"column":8},"end":{"line":2,"column":34}},{"start":{"line":2,"column":38},"end":{"line":2,"column":72}}],"line":2},"2":{"loc":{"start":{"line":4,"column":8},"end":{"line":4,"column":48}},"type":"if","locations":[{"start":{"line":4,"column":8},"end":{"line":4,"column":48}},{"start":{"line":4,"column":8},"end":{"line":4,"column":48}}],"line":4},"3":{"loc":{"start":{"line":6,"column":9},"end":{"line":8,"column":5}},"type":"if","locations":[{"start":{"line":6,"column":9},"end":{"line":8,"column":5}},{"start":{"line":6,"column":9},"end":{"line":8,"column":5}}],"line":6},"4":{"loc":{"start":{"line":6,"column":13},"end":{"line":6,"column":55}},"type":"binary-expr","locations":[{"start":{"line":6,"column":13},"end":{"line":6,"column":41}},{"start":{"line":6,"column":45},"end":{"line":6,"column":55}}],"line":6},"5":{"loc":{"start":{"line":20,"column":8},"end":{"line":57,"column":9}},"type":"if","locations":[{"start":{"line":20,"column":8},"end":{"line":57,"column":9}},{"start":{"line":20,"column":8},"end":{"line":57,"column":9}}],"line":20},"6":{"loc":{"start":{"line":21,"column":12},"end":{"line":22,"column":32}},"type":"if","locations":[{"start":{"line":21,"column":12},"end":{"line":22,"column":32}},{"start":{"line":21,"column":12},"end":{"line":22,"column":32}}],"line":21},"7":{"loc":{"start":{"line":23,"column":12},"end":{"line":24,"column":29}},"type":"if","locations":[{"start":{"line":23,"column":12},"end":{"line":24,"column":29}},{"start":{"line":23,"column":12},"end":{"line":24,"column":29}}],"line":23},"8":{"loc":{"start":{"line":25,"column":12},"end":{"line":26,"column":29}},"type":"if","locations":[{"start":{"line":25,"column":12},"end":{"line":26,"column":29}},{"start":{"line":25,"column":12},"end":{"line":26,"column":29}}],"line":25},"9":{"loc":{"start":{"line":27,"column":12},"end":{"line":28,"column":29}},"type":"if","locations":[{"start":{"line":27,"column":12},"end":{"line":28,"column":29}},{"start":{"line":27,"column":12},"end":{"line":28,"column":29}}],"line":27},"10":{"loc":{"start":{"line":29,"column":12},"end":{"line":30,"column":30}},"type":"if","locations":[{"start":{"line":29,"column":12},"end":{"line":30,"column":30}},{"start":{"line":29,"column":12},"end":{"line":30,"column":30}}],"line":29},"11":{"loc":{"start":{"line":31,"column":12},"end":{"line":32,"column":29}},"type":"if","locations":[{"start":{"line":31,"column":12},"end":{"line":32,"column":29}},{"start":{"line":31,"column":12},"end":{"line":32,"column":29}}],"line":31},"12":{"loc":{"start":{"line":33,"column":12},"end":{"line":34,"column":30}},"type":"if","locations":[{"start":{"line":33,"column":12},"end":{"line":34,"column":30}},{"start":{"line":33,"column":12},"end":{"line":34,"column":30}}],"line":33},"13":{"loc":{"start":{"line":35,"column":12},"end":{"line":36,"column":32}},"type":"if","locations":[{"start":{"line":35,"column":12},"end":{"line":36,"column":32}},{"start":{"line":35,"column":12},"end":{"line":36,"column":32}}],"line":35},"14":{"loc":{"start":{"line":37,"column":12},"end":{"line":38,"column":31}},"type":"if","locations":[{"start":{"line":37,"column":12},"end":{"line":38,"column":31}},{"start":{"line":37,"column":12},"end":{"line":38,"column":31}}],"line":37},"15":{"loc":{"start":{"line":39,"column":12},"end":{"line":40,"column":31}},"type":"if","locations":[{"start":{"line":39,"column":12},"end":{"line":40,"column":31}},{"start":{"line":39,"column":12},"end":{"line":40,"column":31}}],"line":39},"16":{"loc":{"start":{"line":41,"column":12},"end":{"line":42,"column":30}},"type":"if","locations":[{"start":{"line":41,"column":12},"end":{"line":42,"column":30}},{"start":{"line":41,"column":12},"end":{"line":42,"column":30}}],"line":41},"17":{"loc":{"start":{"line":43,"column":12},"end":{"line":44,"column":29}},"type":"if","locations":[{"start":{"line":43,"column":12},"end":{"line":44,"column":29}},{"start":{"line":43,"column":12},"end":{"line":44,"column":29}}],"line":43},"18":{"loc":{"start":{"line":45,"column":12},"end":{"line":46,"column":29}},"type":"if","locations":[{"start":{"line":45,"column":12},"end":{"line":46,"column":29}},{"start":{"line":45,"column":12},"end":{"line":46,"column":29}}],"line":45},"19":{"loc":{"start":{"line":47,"column":12},"end":{"line":48,"column":38}},"type":"if","locations":[{"start":{"line":47,"column":12},"end":{"line":48,"column":38}},{"start":{"line":47,"column":12},"end":{"line":48,"column":38}}],"line":47},"20":{"loc":{"start":{"line":49,"column":12},"end":{"line":50,"column":29}},"type":"if","locations":[{"start":{"line":49,"column":12},"end":{"line":50,"column":29}},{"start":{"line":49,"column":12},"end":{"line":50,"column":29}}],"line":49},"21":{"loc":{"start":{"line":51,"column":12},"end":{"line":53,"column":13}},"type":"if","locations":[{"start":{"line":51,"column":12},"end":{"line":53,"column":13}},{"start":{"line":51,"column":12},"end":{"line":53,"column":13}}],"line":51},"22":{"loc":{"start":{"line":52,"column":28},"end":{"line":52,"column":131}},"type":"cond-expr","locations":[{"start":{"line":52,"column":63},"end":{"line":52,"column":111}},{"start":{"line":52,"column":114},"end":{"line":52,"column":131}}],"line":52},"23":{"loc":{"start":{"line":54,"column":12},"end":{"line":56,"column":13}},"type":"if","locations":[{"start":{"line":54,"column":12},"end":{"line":56,"column":13}},{"start":{"line":54,"column":12},"end":{"line":56,"column":13}}],"line":54},"24":{"loc":{"start":{"line":55,"column":26},"end":{"line":55,"column":121}},"type":"cond-expr","locations":[{"start":{"line":55,"column":59},"end":{"line":55,"column":103}},{"start":{"line":55,"column":106},"end":{"line":55,"column":121}}],"line":55},"25":{"loc":{"start":{"line":63,"column":8},"end":{"line":74,"column":9}},"type":"if","locations":[{"start":{"line":63,"column":8},"end":{"line":74,"column":9}},{"start":{"line":63,"column":8},"end":{"line":74,"column":9}}],"line":63},"26":{"loc":{"start":{"line":67,"column":16},"end":{"line":69,"column":17}},"type":"if","locations":[{"start":{"line":67,"column":16},"end":{"line":69,"column":17}},{"start":{"line":67,"column":16},"end":{"line":69,"column":17}}],"line":67},"27":{"loc":{"start":{"line":67,"column":20},"end":{"line":67,"column":122}},"type":"binary-expr","locations":[{"start":{"line":67,"column":20},"end":{"line":67,"column":34}},{"start":{"line":67,"column":38},"end":{"line":67,"column":56}},{"start":{"line":67,"column":61},"end":{"line":67,"column":89}},{"start":{"line":67,"column":93},"end":{"line":67,"column":121}}],"line":67},"28":{"loc":{"start":{"line":80,"column":8},"end":{"line":83,"column":9}},"type":"if","locations":[{"start":{"line":80,"column":8},"end":{"line":83,"column":9}},{"start":{"line":80,"column":8},"end":{"line":83,"column":9}}],"line":80},"29":{"loc":{"start":{"line":84,"column":8},"end":{"line":89,"column":9}},"type":"if","locations":[{"start":{"line":84,"column":8},"end":{"line":89,"column":9}},{"start":{"line":84,"column":8},"end":{"line":89,"column":9}}],"line":84},"30":{"loc":{"start":{"line":94,"column":44},"end":{"line":94,"column":87}},"type":"cond-expr","locations":[{"start":{"line":94,"column":72},"end":{"line":94,"column":83}},{"start":{"line":94,"column":86},"end":{"line":94,"column":87}}],"line":94},"31":{"loc":{"start":{"line":94,"column":44},"end":{"line":94,"column":69}},"type":"binary-expr","locations":[{"start":{"line":94,"column":44},"end":{"line":94,"column":51}},{"start":{"line":94,"column":55},"end":{"line":94,"column":69}}],"line":94}},"s":{"0":1,"1":1,"2":1,"3":1,"4":0,"5":0,"6":0,"7":1,"8":1,"9":1,"10":1,"11":1,"12":1,"13":17568,"14":7,"15":1,"16":7,"17":3,"18":7,"19":1,"20":7,"21":1,"22":7,"23":1,"24":7,"25":2,"26":7,"27":1,"28":7,"29":1,"30":7,"31":1,"32":7,"33":1,"34":7,"35":1,"36":7,"37":3,"38":7,"39":1,"40":7,"41":1,"42":7,"43":2,"44":7,"45":2,"46":7,"47":2,"48":17568,"49":17568,"50":17568,"51":17568,"52":17568,"53":1606,"54":1606,"55":970,"56":169,"57":14,"58":15962,"59":10595,"60":10595,"61":1,"62":1,"63":10595,"64":1,"65":10595,"66":1,"67":1,"68":1,"69":2,"70":1,"71":9,"72":1},"f":{"0":1,"1":1,"2":17568,"3":1,"4":2,"5":9},"b":{"0":[1,0],"1":[1,1],"2":[0,1],"3":[0,0],"4":[0,0],"5":[7,17561],"6":[1,6],"7":[3,4],"8":[1,6],"9":[1,6],"10":[1,6],"11":[2,5],"12":[1,6],"13":[1,6],"14":[1,6],"15":[1,6],"16":[1,6],"17":[3,4],"18":[1,6],"19":[1,6],"20":[2,5],"21":[2,5],"22":[1,1],"23":[2,5],"24":[1,1],"25":[1606,15962],"26":[14,155],"27":[169,169,169,125],"28":[1,10594],"29":[1,10594],"30":[1,0],"31":[1,1]},"_coverageSchema":"43e27e138ebf9cfc5966b082cf9a028302ed4184","hash":"a5a50cd58a9768cfce61a72962b26172ebd55c39","contentHash":"db6e70c3ac6ac5b684995e58f31d141e"}}