{"F:\\cherow\\build\\src\\parser\\parser.js":{"path":"F:\\cherow\\build\\src\\parser\\parser.js","statementMap":{"0":{"start":{"line":1,"column":0},"end":{"line":179,"column":3}},"1":{"start":{"line":2,"column":4},"end":{"line":8,"column":5}},"2":{"start":{"line":3,"column":16},"end":{"line":3,"column":41}},"3":{"start":{"line":4,"column":8},"end":{"line":4,"column":48}},"4":{"start":{"line":4,"column":29},"end":{"line":4,"column":48}},"5":{"start":{"line":6,"column":9},"end":{"line":8,"column":5}},"6":{"start":{"line":7,"column":8},"end":{"line":7,"column":92}},"7":{"start":{"line":11,"column":4},"end":{"line":11,"column":66}},"8":{"start":{"line":12,"column":25},"end":{"line":12,"column":48}},"9":{"start":{"line":13,"column":21},"end":{"line":13,"column":40}},"10":{"start":{"line":14,"column":24},"end":{"line":14,"column":47}},"11":{"start":{"line":23,"column":8},"end":{"line":61,"column":10}},"12":{"start":{"line":63,"column":4},"end":{"line":63,"column":40}},"13":{"start":{"line":72,"column":25},"end":{"line":72,"column":27}},"14":{"start":{"line":74,"column":8},"end":{"line":119,"column":9}},"15":{"start":{"line":76,"column":12},"end":{"line":77,"column":47}},"16":{"start":{"line":77,"column":16},"end":{"line":77,"column":47}},"17":{"start":{"line":79,"column":12},"end":{"line":80,"column":46}},"18":{"start":{"line":80,"column":16},"end":{"line":80,"column":46}},"19":{"start":{"line":82,"column":12},"end":{"line":83,"column":49}},"20":{"start":{"line":83,"column":16},"end":{"line":83,"column":49}},"21":{"start":{"line":85,"column":12},"end":{"line":86,"column":47}},"22":{"start":{"line":86,"column":16},"end":{"line":86,"column":47}},"23":{"start":{"line":88,"column":12},"end":{"line":89,"column":46}},"24":{"start":{"line":89,"column":16},"end":{"line":89,"column":46}},"25":{"start":{"line":91,"column":12},"end":{"line":92,"column":57}},"26":{"start":{"line":92,"column":16},"end":{"line":92,"column":57}},"27":{"start":{"line":94,"column":12},"end":{"line":95,"column":52}},"28":{"start":{"line":95,"column":16},"end":{"line":95,"column":52}},"29":{"start":{"line":97,"column":12},"end":{"line":98,"column":60}},"30":{"start":{"line":98,"column":16},"end":{"line":98,"column":60}},"31":{"start":{"line":100,"column":12},"end":{"line":101,"column":54}},"32":{"start":{"line":101,"column":16},"end":{"line":101,"column":54}},"33":{"start":{"line":103,"column":12},"end":{"line":104,"column":44}},"34":{"start":{"line":104,"column":16},"end":{"line":104,"column":44}},"35":{"start":{"line":106,"column":12},"end":{"line":107,"column":53}},"36":{"start":{"line":107,"column":16},"end":{"line":107,"column":53}},"37":{"start":{"line":109,"column":12},"end":{"line":110,"column":57}},"38":{"start":{"line":110,"column":16},"end":{"line":110,"column":57}},"39":{"start":{"line":112,"column":12},"end":{"line":113,"column":50}},"40":{"start":{"line":113,"column":16},"end":{"line":113,"column":50}},"41":{"start":{"line":115,"column":12},"end":{"line":118,"column":13}},"42":{"start":{"line":116,"column":16},"end":{"line":116,"column":52}},"43":{"start":{"line":117,"column":16},"end":{"line":117,"column":44}},"44":{"start":{"line":120,"column":23},"end":{"line":120,"column":65}},"45":{"start":{"line":121,"column":21},"end":{"line":123,"column":49}},"46":{"start":{"line":124,"column":21},"end":{"line":128,"column":9}},"47":{"start":{"line":129,"column":8},"end":{"line":132,"column":9}},"48":{"start":{"line":130,"column":12},"end":{"line":130,"column":27}},"49":{"start":{"line":131,"column":12},"end":{"line":131,"column":37}},"50":{"start":{"line":133,"column":8},"end":{"line":146,"column":9}},"51":{"start":{"line":134,"column":12},"end":{"line":143,"column":14}},"52":{"start":{"line":144,"column":12},"end":{"line":145,"column":45}},"53":{"start":{"line":145,"column":16},"end":{"line":145,"column":45}},"54":{"start":{"line":147,"column":8},"end":{"line":148,"column":44}},"55":{"start":{"line":148,"column":12},"end":{"line":148,"column":44}},"56":{"start":{"line":149,"column":8},"end":{"line":150,"column":40}},"57":{"start":{"line":150,"column":12},"end":{"line":150,"column":40}},"58":{"start":{"line":151,"column":8},"end":{"line":151,"column":20}},"59":{"start":{"line":153,"column":4},"end":{"line":153,"column":26}},"60":{"start":{"line":163,"column":27},"end":{"line":163,"column":29}},"61":{"start":{"line":164,"column":8},"end":{"line":164,"column":47}},"62":{"start":{"line":165,"column":8},"end":{"line":172,"column":9}},"63":{"start":{"line":168,"column":12},"end":{"line":170,"column":13}},"64":{"start":{"line":169,"column":16},"end":{"line":169,"column":45}},"65":{"start":{"line":171,"column":12},"end":{"line":171,"column":73}},"66":{"start":{"line":173,"column":8},"end":{"line":175,"column":9}},"67":{"start":{"line":174,"column":12},"end":{"line":174,"column":82}},"68":{"start":{"line":176,"column":8},"end":{"line":176,"column":26}},"69":{"start":{"line":178,"column":4},"end":{"line":178,"column":52}}},"fnMap":{"0":{"name":"(anonymous_0)","decl":{"start":{"line":1,"column":1},"end":{"line":1,"column":2}},"loc":{"start":{"line":1,"column":20},"end":{"line":9,"column":1}},"line":1},"1":{"name":"(anonymous_1)","decl":{"start":{"line":9,"column":3},"end":{"line":9,"column":4}},"loc":{"start":{"line":9,"column":31},"end":{"line":179,"column":1}},"line":9},"2":{"name":"createParser","decl":{"start":{"line":22,"column":13},"end":{"line":22,"column":25}},"loc":{"start":{"line":22,"column":56},"end":{"line":62,"column":5}},"line":22},"3":{"name":"parse","decl":{"start":{"line":71,"column":13},"end":{"line":71,"column":18}},"loc":{"start":{"line":71,"column":45},"end":{"line":152,"column":5}},"line":71},"4":{"name":"parseStatementList","decl":{"start":{"line":162,"column":13},"end":{"line":162,"column":31}},"loc":{"start":{"line":162,"column":49},"end":{"line":177,"column":5}},"line":162}},"branchMap":{"0":{"loc":{"start":{"line":2,"column":4},"end":{"line":8,"column":5}},"type":"if","locations":[{"start":{"line":2,"column":4},"end":{"line":8,"column":5}},{"start":{"line":2,"column":4},"end":{"line":8,"column":5}}],"line":2},"1":{"loc":{"start":{"line":2,"column":8},"end":{"line":2,"column":72}},"type":"binary-expr","locations":[{"start":{"line":2,"column":8},"end":{"line":2,"column":34}},{"start":{"line":2,"column":38},"end":{"line":2,"column":72}}],"line":2},"2":{"loc":{"start":{"line":4,"column":8},"end":{"line":4,"column":48}},"type":"if","locations":[{"start":{"line":4,"column":8},"end":{"line":4,"column":48}},{"start":{"line":4,"column":8},"end":{"line":4,"column":48}}],"line":4},"3":{"loc":{"start":{"line":6,"column":9},"end":{"line":8,"column":5}},"type":"if","locations":[{"start":{"line":6,"column":9},"end":{"line":8,"column":5}},{"start":{"line":6,"column":9},"end":{"line":8,"column":5}}],"line":6},"4":{"loc":{"start":{"line":6,"column":13},"end":{"line":6,"column":55}},"type":"binary-expr","locations":[{"start":{"line":6,"column":13},"end":{"line":6,"column":41}},{"start":{"line":6,"column":45},"end":{"line":6,"column":55}}],"line":6},"5":{"loc":{"start":{"line":74,"column":8},"end":{"line":119,"column":9}},"type":"if","locations":[{"start":{"line":74,"column":8},"end":{"line":119,"column":9}},{"start":{"line":74,"column":8},"end":{"line":119,"column":9}}],"line":74},"6":{"loc":{"start":{"line":76,"column":12},"end":{"line":77,"column":47}},"type":"if","locations":[{"start":{"line":76,"column":12},"end":{"line":77,"column":47}},{"start":{"line":76,"column":12},"end":{"line":77,"column":47}}],"line":76},"7":{"loc":{"start":{"line":79,"column":12},"end":{"line":80,"column":46}},"type":"if","locations":[{"start":{"line":79,"column":12},"end":{"line":80,"column":46}},{"start":{"line":79,"column":12},"end":{"line":80,"column":46}}],"line":79},"8":{"loc":{"start":{"line":82,"column":12},"end":{"line":83,"column":49}},"type":"if","locations":[{"start":{"line":82,"column":12},"end":{"line":83,"column":49}},{"start":{"line":82,"column":12},"end":{"line":83,"column":49}}],"line":82},"9":{"loc":{"start":{"line":85,"column":12},"end":{"line":86,"column":47}},"type":"if","locations":[{"start":{"line":85,"column":12},"end":{"line":86,"column":47}},{"start":{"line":85,"column":12},"end":{"line":86,"column":47}}],"line":85},"10":{"loc":{"start":{"line":88,"column":12},"end":{"line":89,"column":46}},"type":"if","locations":[{"start":{"line":88,"column":12},"end":{"line":89,"column":46}},{"start":{"line":88,"column":12},"end":{"line":89,"column":46}}],"line":88},"11":{"loc":{"start":{"line":91,"column":12},"end":{"line":92,"column":57}},"type":"if","locations":[{"start":{"line":91,"column":12},"end":{"line":92,"column":57}},{"start":{"line":91,"column":12},"end":{"line":92,"column":57}}],"line":91},"12":{"loc":{"start":{"line":94,"column":12},"end":{"line":95,"column":52}},"type":"if","locations":[{"start":{"line":94,"column":12},"end":{"line":95,"column":52}},{"start":{"line":94,"column":12},"end":{"line":95,"column":52}}],"line":94},"13":{"loc":{"start":{"line":97,"column":12},"end":{"line":98,"column":60}},"type":"if","locations":[{"start":{"line":97,"column":12},"end":{"line":98,"column":60}},{"start":{"line":97,"column":12},"end":{"line":98,"column":60}}],"line":97},"14":{"loc":{"start":{"line":100,"column":12},"end":{"line":101,"column":54}},"type":"if","locations":[{"start":{"line":100,"column":12},"end":{"line":101,"column":54}},{"start":{"line":100,"column":12},"end":{"line":101,"column":54}}],"line":100},"15":{"loc":{"start":{"line":103,"column":12},"end":{"line":104,"column":44}},"type":"if","locations":[{"start":{"line":103,"column":12},"end":{"line":104,"column":44}},{"start":{"line":103,"column":12},"end":{"line":104,"column":44}}],"line":103},"16":{"loc":{"start":{"line":106,"column":12},"end":{"line":107,"column":53}},"type":"if","locations":[{"start":{"line":106,"column":12},"end":{"line":107,"column":53}},{"start":{"line":106,"column":12},"end":{"line":107,"column":53}}],"line":106},"17":{"loc":{"start":{"line":109,"column":12},"end":{"line":110,"column":57}},"type":"if","locations":[{"start":{"line":109,"column":12},"end":{"line":110,"column":57}},{"start":{"line":109,"column":12},"end":{"line":110,"column":57}}],"line":109},"18":{"loc":{"start":{"line":112,"column":12},"end":{"line":113,"column":50}},"type":"if","locations":[{"start":{"line":112,"column":12},"end":{"line":113,"column":50}},{"start":{"line":112,"column":12},"end":{"line":113,"column":50}}],"line":112},"19":{"loc":{"start":{"line":115,"column":12},"end":{"line":118,"column":13}},"type":"if","locations":[{"start":{"line":115,"column":12},"end":{"line":118,"column":13}},{"start":{"line":115,"column":12},"end":{"line":118,"column":13}}],"line":115},"20":{"loc":{"start":{"line":121,"column":21},"end":{"line":123,"column":49}},"type":"cond-expr","locations":[{"start":{"line":122,"column":14},"end":{"line":122,"column":59}},{"start":{"line":123,"column":14},"end":{"line":123,"column":49}}],"line":121},"21":{"loc":{"start":{"line":126,"column":24},"end":{"line":126,"column":74}},"type":"cond-expr","locations":[{"start":{"line":126,"column":55},"end":{"line":126,"column":63}},{"start":{"line":126,"column":66},"end":{"line":126,"column":74}}],"line":126},"22":{"loc":{"start":{"line":129,"column":8},"end":{"line":132,"column":9}},"type":"if","locations":[{"start":{"line":129,"column":8},"end":{"line":132,"column":9}},{"start":{"line":129,"column":8},"end":{"line":132,"column":9}}],"line":129},"23":{"loc":{"start":{"line":133,"column":8},"end":{"line":146,"column":9}},"type":"if","locations":[{"start":{"line":133,"column":8},"end":{"line":146,"column":9}},{"start":{"line":133,"column":8},"end":{"line":146,"column":9}}],"line":133},"24":{"loc":{"start":{"line":144,"column":12},"end":{"line":145,"column":45}},"type":"if","locations":[{"start":{"line":144,"column":12},"end":{"line":145,"column":45}},{"start":{"line":144,"column":12},"end":{"line":145,"column":45}}],"line":144},"25":{"loc":{"start":{"line":147,"column":8},"end":{"line":148,"column":44}},"type":"if","locations":[{"start":{"line":147,"column":8},"end":{"line":148,"column":44}},{"start":{"line":147,"column":8},"end":{"line":148,"column":44}}],"line":147},"26":{"loc":{"start":{"line":149,"column":8},"end":{"line":150,"column":40}},"type":"if","locations":[{"start":{"line":149,"column":8},"end":{"line":150,"column":40}},{"start":{"line":149,"column":8},"end":{"line":150,"column":40}}],"line":149},"27":{"loc":{"start":{"line":168,"column":12},"end":{"line":170,"column":13}},"type":"if","locations":[{"start":{"line":168,"column":12},"end":{"line":170,"column":13}},{"start":{"line":168,"column":12},"end":{"line":170,"column":13}}],"line":168},"28":{"loc":{"start":{"line":168,"column":16},"end":{"line":168,"column":141}},"type":"binary-expr","locations":[{"start":{"line":168,"column":16},"end":{"line":168,"column":46}},{"start":{"line":168,"column":50},"end":{"line":168,"column":103}},{"start":{"line":168,"column":107},"end":{"line":168,"column":141}}],"line":168}},"s":{"0":1,"1":1,"2":1,"3":1,"4":0,"5":0,"6":0,"7":1,"8":1,"9":1,"10":1,"11":47553,"12":1,"13":47553,"14":47553,"15":195,"16":1,"17":195,"18":1,"19":195,"20":1,"21":195,"22":2,"23":195,"24":2,"25":195,"26":1,"27":195,"28":1,"29":195,"30":2,"31":195,"32":182,"33":195,"34":1,"35":195,"36":1,"37":195,"38":1,"39":195,"40":1,"41":195,"42":3,"43":3,"44":47553,"45":47553,"46":34931,"47":34931,"48":1127,"49":1127,"50":34931,"51":1095,"52":1095,"53":1,"54":34931,"55":112,"56":34931,"57":182,"58":34931,"59":1,"60":45334,"61":45334,"62":45000,"63":22138,"64":4381,"65":22138,"66":44917,"67":32553,"68":33605,"69":1},"f":{"0":1,"1":1,"2":47553,"3":47553,"4":45334},"b":{"0":[1,0],"1":[1,1],"2":[0,1],"3":[0,0],"4":[0,0],"5":[195,47358],"6":[1,194],"7":[1,194],"8":[1,194],"9":[2,193],"10":[2,193],"11":[1,194],"12":[1,194],"13":[2,193],"14":[182,13],"15":[1,194],"16":[1,194],"17":[1,194],"18":[1,194],"19":[3,192],"20":[2219,45334],"21":[1326,33605],"22":[1127,33804],"23":[1095,33836],"24":[1,1094],"25":[112,34819],"26":[182,34749],"27":[4381,17757],"28":[22138,22127,8479]},"_coverageSchema":"332fd63041d2c1bcb487cc26dd0d5f7d97098a6c","hash":"f3e309fc645cce35bdef3adbea58bb1417cb976d","contentHash":"67f00ab10d45b4a767fe1cf9786e3d85_11.6.0"},"F:\\cherow\\build\\src\\parser\\statements.js":{"path":"F:\\cherow\\build\\src\\parser\\statements.js","statementMap":{"0":{"start":{"line":1,"column":0},"end":{"line":711,"column":3}},"1":{"start":{"line":2,"column":4},"end":{"line":8,"column":5}},"2":{"start":{"line":3,"column":16},"end":{"line":3,"column":41}},"3":{"start":{"line":4,"column":8},"end":{"line":4,"column":48}},"4":{"start":{"line":4,"column":29},"end":{"line":4,"column":48}},"5":{"start":{"line":6,"column":9},"end":{"line":8,"column":5}},"6":{"start":{"line":7,"column":8},"end":{"line":7,"column":137}},"7":{"start":{"line":11,"column":4},"end":{"line":11,"column":66}},"8":{"start":{"line":12,"column":20},"end":{"line":12,"column":39}},"9":{"start":{"line":13,"column":21},"end":{"line":13,"column":41}},"10":{"start":{"line":14,"column":22},"end":{"line":14,"column":42}},"11":{"start":{"line":15,"column":27},"end":{"line":15,"column":52}},"12":{"start":{"line":16,"column":26},"end":{"line":16,"column":50}},"13":{"start":{"line":17,"column":24},"end":{"line":17,"column":47}},"14":{"start":{"line":28,"column":8},"end":{"line":53,"column":9}},"15":{"start":{"line":30,"column":16},"end":{"line":30,"column":80}},"16":{"start":{"line":32,"column":16},"end":{"line":32,"column":77}},"17":{"start":{"line":34,"column":16},"end":{"line":34,"column":93}},"18":{"start":{"line":36,"column":16},"end":{"line":36,"column":114}},"19":{"start":{"line":38,"column":16},"end":{"line":38,"column":81}},"20":{"start":{"line":40,"column":16},"end":{"line":41,"column":86}},"21":{"start":{"line":41,"column":20},"end":{"line":41,"column":86}},"22":{"start":{"line":42,"column":16},"end":{"line":42,"column":22}},"23":{"start":{"line":46,"column":16},"end":{"line":48,"column":17}},"24":{"start":{"line":47,"column":20},"end":{"line":47,"column":92}},"25":{"start":{"line":49,"column":16},"end":{"line":50,"column":86}},"26":{"start":{"line":50,"column":20},"end":{"line":50,"column":86}},"27":{"start":{"line":51,"column":16},"end":{"line":51,"column":22}},"28":{"start":{"line":54,"column":8},"end":{"line":54,"column":84}},"29":{"start":{"line":56,"column":4},"end":{"line":56,"column":60}},"30":{"start":{"line":66,"column":8},"end":{"line":109,"column":9}},"31":{"start":{"line":68,"column":16},"end":{"line":68,"column":86}},"32":{"start":{"line":70,"column":16},"end":{"line":70,"column":60}},"33":{"start":{"line":72,"column":16},"end":{"line":72,"column":61}},"34":{"start":{"line":74,"column":16},"end":{"line":74,"column":60}},"35":{"start":{"line":76,"column":16},"end":{"line":76,"column":61}},"36":{"start":{"line":78,"column":16},"end":{"line":78,"column":57}},"37":{"start":{"line":80,"column":16},"end":{"line":80,"column":62}},"38":{"start":{"line":82,"column":16},"end":{"line":82,"column":60}},"39":{"start":{"line":84,"column":16},"end":{"line":84,"column":59}},"40":{"start":{"line":86,"column":16},"end":{"line":86,"column":60}},"41":{"start":{"line":88,"column":16},"end":{"line":88,"column":63}},"42":{"start":{"line":90,"column":16},"end":{"line":90,"column":63}},"43":{"start":{"line":92,"column":16},"end":{"line":92,"column":60}},"44":{"start":{"line":94,"column":16},"end":{"line":94,"column":58}},"45":{"start":{"line":96,"column":16},"end":{"line":96,"column":88}},"46":{"start":{"line":98,"column":16},"end":{"line":100,"column":17}},"47":{"start":{"line":99,"column":20},"end":{"line":99,"column":103}},"48":{"start":{"line":101,"column":16},"end":{"line":101,"column":112}},"49":{"start":{"line":104,"column":16},"end":{"line":104,"column":132}},"50":{"start":{"line":106,"column":16},"end":{"line":106,"column":115}},"51":{"start":{"line":108,"column":16},"end":{"line":108,"column":75}},"52":{"start":{"line":111,"column":4},"end":{"line":111,"column":44}},"53":{"start":{"line":121,"column":20},"end":{"line":121,"column":51}},"54":{"start":{"line":122,"column":8},"end":{"line":122,"column":47}},"55":{"start":{"line":123,"column":8},"end":{"line":125,"column":11}},"56":{"start":{"line":127,"column":4},"end":{"line":127,"column":54}},"57":{"start":{"line":137,"column":20},"end":{"line":137,"column":51}},"58":{"start":{"line":138,"column":8},"end":{"line":138,"column":72}},"59":{"start":{"line":140,"column":8},"end":{"line":142,"column":9}},"60":{"start":{"line":141,"column":12},"end":{"line":141,"column":113}},"61":{"start":{"line":143,"column":20},"end":{"line":143,"column":24}},"62":{"start":{"line":144,"column":31},"end":{"line":144,"column":37}},"63":{"start":{"line":145,"column":8},"end":{"line":148,"column":9}},"64":{"start":{"line":146,"column":12},"end":{"line":146,"column":67}},"65":{"start":{"line":147,"column":12},"end":{"line":147,"column":105}},"66":{"start":{"line":149,"column":8},"end":{"line":149,"column":54}},"67":{"start":{"line":150,"column":8},"end":{"line":153,"column":11}},"68":{"start":{"line":155,"column":4},"end":{"line":155,"column":60}},"69":{"start":{"line":165,"column":20},"end":{"line":165,"column":51}},"70":{"start":{"line":166,"column":8},"end":{"line":166,"column":69}},"71":{"start":{"line":167,"column":20},"end":{"line":167,"column":24}},"72":{"start":{"line":170,"column":31},"end":{"line":170,"column":37}},"73":{"start":{"line":171,"column":8},"end":{"line":177,"column":9}},"74":{"start":{"line":172,"column":12},"end":{"line":172,"column":67}},"75":{"start":{"line":173,"column":12},"end":{"line":173,"column":106}},"76":{"start":{"line":175,"column":13},"end":{"line":177,"column":9}},"77":{"start":{"line":176,"column":12},"end":{"line":176,"column":89}},"78":{"start":{"line":178,"column":8},"end":{"line":178,"column":54}},"79":{"start":{"line":179,"column":8},"end":{"line":182,"column":11}},"80":{"start":{"line":184,"column":4},"end":{"line":184,"column":54}},"81":{"start":{"line":194,"column":20},"end":{"line":194,"column":51}},"82":{"start":{"line":195,"column":8},"end":{"line":195,"column":66}},"83":{"start":{"line":196,"column":8},"end":{"line":196,"column":70}},"84":{"start":{"line":197,"column":21},"end":{"line":197,"column":90}},"85":{"start":{"line":198,"column":8},"end":{"line":198,"column":65}},"86":{"start":{"line":199,"column":27},"end":{"line":199,"column":70}},"87":{"start":{"line":200,"column":26},"end":{"line":200,"column":139}},"88":{"start":{"line":201,"column":8},"end":{"line":206,"column":11}},"89":{"start":{"line":208,"column":4},"end":{"line":208,"column":48}},"90":{"start":{"line":215,"column":8},"end":{"line":217,"column":69}},"91":{"start":{"line":228,"column":20},"end":{"line":228,"column":51}},"92":{"start":{"line":229,"column":8},"end":{"line":229,"column":72}},"93":{"start":{"line":230,"column":8},"end":{"line":230,"column":54}},"94":{"start":{"line":231,"column":8},"end":{"line":233,"column":11}},"95":{"start":{"line":235,"column":4},"end":{"line":235,"column":60}},"96":{"start":{"line":245,"column":20},"end":{"line":245,"column":51}},"97":{"start":{"line":246,"column":8},"end":{"line":246,"column":67}},"98":{"start":{"line":247,"column":22},"end":{"line":247,"column":58}},"99":{"start":{"line":248,"column":24},"end":{"line":248,"column":106}},"100":{"start":{"line":249,"column":26},"end":{"line":249,"column":135}},"101":{"start":{"line":250,"column":8},"end":{"line":251,"column":74}},"102":{"start":{"line":251,"column":12},"end":{"line":251,"column":74}},"103":{"start":{"line":252,"column":8},"end":{"line":257,"column":11}},"104":{"start":{"line":259,"column":4},"end":{"line":259,"column":50}},"105":{"start":{"line":269,"column":20},"end":{"line":269,"column":51}},"106":{"start":{"line":270,"column":8},"end":{"line":270,"column":69}},"107":{"start":{"line":271,"column":20},"end":{"line":271,"column":24}},"108":{"start":{"line":272,"column":8},"end":{"line":277,"column":9}},"109":{"start":{"line":275,"column":12},"end":{"line":275,"column":79}},"110":{"start":{"line":276,"column":12},"end":{"line":276,"column":69}},"111":{"start":{"line":278,"column":21},"end":{"line":278,"column":57}},"112":{"start":{"line":279,"column":8},"end":{"line":283,"column":11}},"113":{"start":{"line":285,"column":4},"end":{"line":285,"column":46}},"114":{"start":{"line":295,"column":20},"end":{"line":295,"column":51}},"115":{"start":{"line":296,"column":8},"end":{"line":296,"column":69}},"116":{"start":{"line":297,"column":8},"end":{"line":298,"column":75}},"117":{"start":{"line":298,"column":12},"end":{"line":298,"column":75}},"118":{"start":{"line":299,"column":25},"end":{"line":299,"column":94}},"119":{"start":{"line":300,"column":8},"end":{"line":300,"column":54}},"120":{"start":{"line":301,"column":8},"end":{"line":304,"column":11}},"121":{"start":{"line":306,"column":4},"end":{"line":306,"column":54}},"122":{"start":{"line":316,"column":20},"end":{"line":316,"column":51}},"123":{"start":{"line":317,"column":21},"end":{"line":317,"column":90}},"124":{"start":{"line":318,"column":8},"end":{"line":318,"column":54}},"125":{"start":{"line":319,"column":8},"end":{"line":322,"column":11}},"126":{"start":{"line":324,"column":4},"end":{"line":324,"column":64}},"127":{"start":{"line":335,"column":20},"end":{"line":335,"column":51}},"128":{"start":{"line":336,"column":38},"end":{"line":336,"column":44}},"129":{"start":{"line":337,"column":21},"end":{"line":337,"column":90}},"130":{"start":{"line":338,"column":8},"end":{"line":359,"column":9}},"131":{"start":{"line":340,"column":12},"end":{"line":341,"column":82}},"132":{"start":{"line":341,"column":16},"end":{"line":341,"column":82}},"133":{"start":{"line":342,"column":12},"end":{"line":342,"column":93}},"134":{"start":{"line":343,"column":12},"end":{"line":344,"column":92}},"135":{"start":{"line":344,"column":16},"end":{"line":344,"column":92}},"136":{"start":{"line":345,"column":12},"end":{"line":345,"column":53}},"137":{"start":{"line":347,"column":12},"end":{"line":352,"column":13}},"138":{"start":{"line":348,"column":16},"end":{"line":348,"column":80}},"139":{"start":{"line":351,"column":16},"end":{"line":351,"column":55}},"140":{"start":{"line":353,"column":12},"end":{"line":353,"column":53}},"141":{"start":{"line":354,"column":12},"end":{"line":358,"column":15}},"142":{"start":{"line":360,"column":8},"end":{"line":360,"column":54}},"143":{"start":{"line":361,"column":8},"end":{"line":364,"column":11}},"144":{"start":{"line":366,"column":4},"end":{"line":366,"column":84}},"145":{"start":{"line":376,"column":20},"end":{"line":376,"column":51}},"146":{"start":{"line":377,"column":8},"end":{"line":377,"column":72}},"147":{"start":{"line":378,"column":21},"end":{"line":378,"column":61}},"148":{"start":{"line":379,"column":8},"end":{"line":379,"column":75}},"149":{"start":{"line":380,"column":8},"end":{"line":380,"column":70}},"150":{"start":{"line":381,"column":21},"end":{"line":381,"column":90}},"151":{"start":{"line":382,"column":8},"end":{"line":382,"column":65}},"152":{"start":{"line":383,"column":8},"end":{"line":383,"column":72}},"153":{"start":{"line":384,"column":8},"end":{"line":388,"column":11}},"154":{"start":{"line":390,"column":4},"end":{"line":390,"column":58}},"155":{"start":{"line":400,"column":20},"end":{"line":400,"column":51}},"156":{"start":{"line":401,"column":8},"end":{"line":401,"column":75}},"157":{"start":{"line":402,"column":8},"end":{"line":402,"column":70}},"158":{"start":{"line":403,"column":21},"end":{"line":403,"column":90}},"159":{"start":{"line":404,"column":8},"end":{"line":404,"column":65}},"160":{"start":{"line":405,"column":21},"end":{"line":405,"column":61}},"161":{"start":{"line":406,"column":8},"end":{"line":410,"column":11}},"162":{"start":{"line":412,"column":4},"end":{"line":412,"column":54}},"163":{"start":{"line":423,"column":20},"end":{"line":423,"column":51}},"164":{"start":{"line":424,"column":21},"end":{"line":424,"column":23}},"165":{"start":{"line":425,"column":8},"end":{"line":425,"column":70}},"166":{"start":{"line":426,"column":8},"end":{"line":428,"column":9}},"167":{"start":{"line":427,"column":12},"end":{"line":427,"column":63}},"168":{"start":{"line":429,"column":8},"end":{"line":429,"column":72}},"169":{"start":{"line":430,"column":8},"end":{"line":433,"column":11}},"170":{"start":{"line":435,"column":4},"end":{"line":435,"column":54}},"171":{"start":{"line":445,"column":20},"end":{"line":445,"column":51}},"172":{"start":{"line":446,"column":8},"end":{"line":448,"column":9}},"173":{"start":{"line":447,"column":12},"end":{"line":447,"column":71}},"174":{"start":{"line":449,"column":8},"end":{"line":449,"column":70}},"175":{"start":{"line":450,"column":25},"end":{"line":452,"column":16}},"176":{"start":{"line":453,"column":8},"end":{"line":453,"column":54}},"177":{"start":{"line":454,"column":8},"end":{"line":457,"column":11}},"178":{"start":{"line":459,"column":4},"end":{"line":459,"column":56}},"179":{"start":{"line":474,"column":27},"end":{"line":474,"column":39}},"180":{"start":{"line":475,"column":8},"end":{"line":475,"column":43}},"181":{"start":{"line":476,"column":21},"end":{"line":476,"column":90}},"182":{"start":{"line":477,"column":8},"end":{"line":477,"column":34}},"183":{"start":{"line":478,"column":8},"end":{"line":478,"column":20}},"184":{"start":{"line":480,"column":4},"end":{"line":480,"column":62}},"185":{"start":{"line":490,"column":8},"end":{"line":491,"column":72}},"186":{"start":{"line":491,"column":12},"end":{"line":491,"column":72}},"187":{"start":{"line":492,"column":20},"end":{"line":492,"column":51}},"188":{"start":{"line":493,"column":8},"end":{"line":493,"column":68}},"189":{"start":{"line":494,"column":8},"end":{"line":494,"column":70}},"190":{"start":{"line":495,"column":23},"end":{"line":495,"column":93}},"191":{"start":{"line":496,"column":8},"end":{"line":496,"column":65}},"192":{"start":{"line":497,"column":21},"end":{"line":497,"column":90}},"193":{"start":{"line":498,"column":8},"end":{"line":502,"column":11}},"194":{"start":{"line":504,"column":4},"end":{"line":504,"column":52}},"195":{"start":{"line":514,"column":20},"end":{"line":514,"column":51}},"196":{"start":{"line":515,"column":8},"end":{"line":515,"column":71}},"197":{"start":{"line":516,"column":8},"end":{"line":516,"column":70}},"198":{"start":{"line":517,"column":29},"end":{"line":517,"column":98}},"199":{"start":{"line":518,"column":8},"end":{"line":518,"column":65}},"200":{"start":{"line":519,"column":8},"end":{"line":519,"column":70}},"201":{"start":{"line":520,"column":22},"end":{"line":520,"column":24}},"202":{"start":{"line":521,"column":27},"end":{"line":521,"column":39}},"203":{"start":{"line":522,"column":8},"end":{"line":522,"column":40}},"204":{"start":{"line":523,"column":26},"end":{"line":523,"column":31}},"205":{"start":{"line":524,"column":8},"end":{"line":532,"column":9}},"206":{"start":{"line":525,"column":27},"end":{"line":525,"column":69}},"207":{"start":{"line":526,"column":12},"end":{"line":526,"column":31}},"208":{"start":{"line":527,"column":12},"end":{"line":531,"column":13}},"209":{"start":{"line":528,"column":16},"end":{"line":529,"column":90}},"210":{"start":{"line":529,"column":20},"end":{"line":529,"column":90}},"211":{"start":{"line":530,"column":16},"end":{"line":530,"column":35}},"212":{"start":{"line":533,"column":8},"end":{"line":533,"column":34}},"213":{"start":{"line":534,"column":8},"end":{"line":534,"column":72}},"214":{"start":{"line":535,"column":8},"end":{"line":539,"column":11}},"215":{"start":{"line":541,"column":4},"end":{"line":541,"column":56}},"216":{"start":{"line":552,"column":20},"end":{"line":552,"column":51}},"217":{"start":{"line":553,"column":19},"end":{"line":553,"column":23}},"218":{"start":{"line":554,"column":8},"end":{"line":559,"column":9}},"219":{"start":{"line":555,"column":12},"end":{"line":555,"column":89}},"220":{"start":{"line":558,"column":12},"end":{"line":558,"column":75}},"221":{"start":{"line":560,"column":8},"end":{"line":560,"column":66}},"222":{"start":{"line":561,"column":27},"end":{"line":561,"column":29}},"223":{"start":{"line":562,"column":8},"end":{"line":564,"column":9}},"224":{"start":{"line":563,"column":12},"end":{"line":563,"column":92}},"225":{"start":{"line":565,"column":8},"end":{"line":569,"column":11}},"226":{"start":{"line":571,"column":4},"end":{"line":571,"column":66}},"227":{"start":{"line":581,"column":20},"end":{"line":581,"column":51}},"228":{"start":{"line":582,"column":26},"end":{"line":582,"column":32}},"229":{"start":{"line":583,"column":24},"end":{"line":583,"column":39}},"230":{"start":{"line":584,"column":8},"end":{"line":584,"column":47}},"231":{"start":{"line":585,"column":29},"end":{"line":585,"column":98}},"232":{"start":{"line":587,"column":8},"end":{"line":588,"column":58}},"233":{"start":{"line":588,"column":12},"end":{"line":588,"column":58}},"234":{"start":{"line":589,"column":8},"end":{"line":593,"column":11}},"235":{"start":{"line":595,"column":4},"end":{"line":595,"column":60}},"236":{"start":{"line":606,"column":8},"end":{"line":608,"column":64}},"237":{"start":{"line":620,"column":8},"end":{"line":622,"column":44}},"238":{"start":{"line":634,"column":20},"end":{"line":634,"column":51}},"239":{"start":{"line":635,"column":8},"end":{"line":635,"column":73}},"240":{"start":{"line":636,"column":27},"end":{"line":636,"column":128}},"241":{"start":{"line":637,"column":8},"end":{"line":637,"column":70}},"242":{"start":{"line":638,"column":26},"end":{"line":638,"column":32}},"243":{"start":{"line":639,"column":19},"end":{"line":639,"column":23}},"244":{"start":{"line":640,"column":26},"end":{"line":640,"column":30}},"245":{"start":{"line":641,"column":32},"end":{"line":641,"column":36}},"246":{"start":{"line":642,"column":19},"end":{"line":642,"column":33}},"247":{"start":{"line":643,"column":19},"end":{"line":643,"column":23}},"248":{"start":{"line":644,"column":21},"end":{"line":644,"column":25}},"249":{"start":{"line":647,"column":8},"end":{"line":656,"column":9}},"250":{"start":{"line":648,"column":12},"end":{"line":648,"column":151}},"251":{"start":{"line":650,"column":13},"end":{"line":656,"column":9}},"252":{"start":{"line":651,"column":12},"end":{"line":651,"column":123}},"253":{"start":{"line":653,"column":13},"end":{"line":656,"column":9}},"254":{"start":{"line":654,"column":12},"end":{"line":654,"column":58}},"255":{"start":{"line":655,"column":12},"end":{"line":655,"column":143}},"256":{"start":{"line":657,"column":8},"end":{"line":689,"column":9}},"257":{"start":{"line":658,"column":12},"end":{"line":658,"column":36}},"258":{"start":{"line":659,"column":12},"end":{"line":666,"column":41}},"259":{"start":{"line":660,"column":16},"end":{"line":662,"column":17}},"260":{"start":{"line":661,"column":20},"end":{"line":661,"column":92}},"261":{"start":{"line":663,"column":16},"end":{"line":663,"column":63}},"262":{"start":{"line":666,"column":16},"end":{"line":666,"column":41}},"263":{"start":{"line":667,"column":12},"end":{"line":667,"column":100}},"264":{"start":{"line":669,"column":13},"end":{"line":689,"column":9}},"265":{"start":{"line":670,"column":12},"end":{"line":676,"column":41}},"266":{"start":{"line":671,"column":16},"end":{"line":672,"column":92}},"267":{"start":{"line":672,"column":20},"end":{"line":672,"column":92}},"268":{"start":{"line":673,"column":16},"end":{"line":673,"column":63}},"269":{"start":{"line":676,"column":16},"end":{"line":676,"column":41}},"270":{"start":{"line":677,"column":12},"end":{"line":677,"column":36}},"271":{"start":{"line":678,"column":12},"end":{"line":678,"column":90}},"272":{"start":{"line":681,"column":12},"end":{"line":682,"column":97}},"273":{"start":{"line":682,"column":16},"end":{"line":682,"column":97}},"274":{"start":{"line":683,"column":12},"end":{"line":684,"column":41}},"275":{"start":{"line":684,"column":16},"end":{"line":684,"column":41}},"276":{"start":{"line":685,"column":12},"end":{"line":685,"column":75}},"277":{"start":{"line":686,"column":12},"end":{"line":686,"column":141}},"278":{"start":{"line":687,"column":12},"end":{"line":687,"column":75}},"279":{"start":{"line":688,"column":12},"end":{"line":688,"column":137}},"280":{"start":{"line":690,"column":8},"end":{"line":690,"column":65}},"281":{"start":{"line":691,"column":21},"end":{"line":691,"column":61}},"282":{"start":{"line":692,"column":8},"end":{"line":709,"column":11}}},"fnMap":{"0":{"name":"(anonymous_0)","decl":{"start":{"line":1,"column":1},"end":{"line":1,"column":2}},"loc":{"start":{"line":1,"column":20},"end":{"line":9,"column":1}},"line":1},"1":{"name":"(anonymous_1)","decl":{"start":{"line":9,"column":3},"end":{"line":9,"column":4}},"loc":{"start":{"line":9,"column":31},"end":{"line":711,"column":1}},"line":9},"2":{"name":"parseStatementListItem","decl":{"start":{"line":27,"column":13},"end":{"line":27,"column":35}},"loc":{"start":{"line":27,"column":53},"end":{"line":55,"column":5}},"line":27},"3":{"name":"parseStatement","decl":{"start":{"line":65,"column":13},"end":{"line":65,"column":27}},"loc":{"start":{"line":65,"column":45},"end":{"line":110,"column":5}},"line":65},"4":{"name":"parseEmptyStatement","decl":{"start":{"line":120,"column":13},"end":{"line":120,"column":32}},"loc":{"start":{"line":120,"column":50},"end":{"line":126,"column":5}},"line":120},"5":{"name":"parseContinueStatement","decl":{"start":{"line":136,"column":13},"end":{"line":136,"column":35}},"loc":{"start":{"line":136,"column":53},"end":{"line":154,"column":5}},"line":136},"6":{"name":"parseBreakStatement","decl":{"start":{"line":164,"column":13},"end":{"line":164,"column":32}},"loc":{"start":{"line":164,"column":50},"end":{"line":183,"column":5}},"line":164},"7":{"name":"parseIfStatement","decl":{"start":{"line":193,"column":13},"end":{"line":193,"column":29}},"loc":{"start":{"line":193,"column":47},"end":{"line":207,"column":5}},"line":193},"8":{"name":"parseConsequentOrAlternate","decl":{"start":{"line":214,"column":13},"end":{"line":214,"column":39}},"loc":{"start":{"line":214,"column":57},"end":{"line":218,"column":5}},"line":214},"9":{"name":"parseDebuggerStatement","decl":{"start":{"line":227,"column":13},"end":{"line":227,"column":35}},"loc":{"start":{"line":227,"column":53},"end":{"line":234,"column":5}},"line":227},"10":{"name":"parseTryStatement","decl":{"start":{"line":244,"column":13},"end":{"line":244,"column":30}},"loc":{"start":{"line":244,"column":48},"end":{"line":258,"column":5}},"line":244},"11":{"name":"parseCatchBlock","decl":{"start":{"line":268,"column":13},"end":{"line":268,"column":28}},"loc":{"start":{"line":268,"column":46},"end":{"line":284,"column":5}},"line":268},"12":{"name":"parseThrowStatement","decl":{"start":{"line":294,"column":13},"end":{"line":294,"column":32}},"loc":{"start":{"line":294,"column":50},"end":{"line":305,"column":5}},"line":294},"13":{"name":"parseExpressionStatement","decl":{"start":{"line":315,"column":13},"end":{"line":315,"column":37}},"loc":{"start":{"line":315,"column":55},"end":{"line":323,"column":5}},"line":315},"14":{"name":"parseExpressionOrLabelledStatement","decl":{"start":{"line":334,"column":13},"end":{"line":334,"column":47}},"loc":{"start":{"line":334,"column":65},"end":{"line":365,"column":5}},"line":334},"15":{"name":"parseDoWhileStatement","decl":{"start":{"line":375,"column":13},"end":{"line":375,"column":34}},"loc":{"start":{"line":375,"column":52},"end":{"line":389,"column":5}},"line":375},"16":{"name":"parseWhileStatement","decl":{"start":{"line":399,"column":13},"end":{"line":399,"column":32}},"loc":{"start":{"line":399,"column":50},"end":{"line":411,"column":5}},"line":399},"17":{"name":"parseBlockStatement","decl":{"start":{"line":422,"column":13},"end":{"line":422,"column":32}},"loc":{"start":{"line":422,"column":50},"end":{"line":434,"column":5}},"line":422},"18":{"name":"parseReturnStatement","decl":{"start":{"line":444,"column":13},"end":{"line":444,"column":33}},"loc":{"start":{"line":444,"column":51},"end":{"line":458,"column":5}},"line":444},"19":{"name":"parseIterationStatement","decl":{"start":{"line":469,"column":13},"end":{"line":469,"column":36}},"loc":{"start":{"line":469,"column":54},"end":{"line":479,"column":5}},"line":469},"20":{"name":"parseWithStatement","decl":{"start":{"line":489,"column":13},"end":{"line":489,"column":31}},"loc":{"start":{"line":489,"column":49},"end":{"line":503,"column":5}},"line":489},"21":{"name":"parseSwitchStatement","decl":{"start":{"line":513,"column":13},"end":{"line":513,"column":33}},"loc":{"start":{"line":513,"column":51},"end":{"line":540,"column":5}},"line":513},"22":{"name":"parseCaseOrDefaultClauses","decl":{"start":{"line":551,"column":13},"end":{"line":551,"column":38}},"loc":{"start":{"line":551,"column":56},"end":{"line":570,"column":5}},"line":551},"23":{"name":"parseVariableStatement","decl":{"start":{"line":580,"column":13},"end":{"line":580,"column":35}},"loc":{"start":{"line":580,"column":75},"end":{"line":594,"column":5}},"line":580},"24":{"name":"parseLetOrExpressionStatement","decl":{"start":{"line":605,"column":13},"end":{"line":605,"column":42}},"loc":{"start":{"line":605,"column":82},"end":{"line":609,"column":5}},"line":605},"25":{"name":"parseAsyncFunctionDeclarationOrStatement","decl":{"start":{"line":619,"column":13},"end":{"line":619,"column":53}},"loc":{"start":{"line":619,"column":71},"end":{"line":623,"column":5}},"line":619},"26":{"name":"parseForStatement","decl":{"start":{"line":633,"column":13},"end":{"line":633,"column":30}},"loc":{"start":{"line":633,"column":48},"end":{"line":710,"column":5}},"line":633}},"branchMap":{"0":{"loc":{"start":{"line":2,"column":4},"end":{"line":8,"column":5}},"type":"if","locations":[{"start":{"line":2,"column":4},"end":{"line":8,"column":5}},{"start":{"line":2,"column":4},"end":{"line":8,"column":5}}],"line":2},"1":{"loc":{"start":{"line":2,"column":8},"end":{"line":2,"column":72}},"type":"binary-expr","locations":[{"start":{"line":2,"column":8},"end":{"line":2,"column":34}},{"start":{"line":2,"column":38},"end":{"line":2,"column":72}}],"line":2},"2":{"loc":{"start":{"line":4,"column":8},"end":{"line":4,"column":48}},"type":"if","locations":[{"start":{"line":4,"column":8},"end":{"line":4,"column":48}},{"start":{"line":4,"column":8},"end":{"line":4,"column":48}}],"line":4},"3":{"loc":{"start":{"line":6,"column":9},"end":{"line":8,"column":5}},"type":"if","locations":[{"start":{"line":6,"column":9},"end":{"line":8,"column":5}},{"start":{"line":6,"column":9},"end":{"line":8,"column":5}}],"line":6},"4":{"loc":{"start":{"line":6,"column":13},"end":{"line":6,"column":55}},"type":"binary-expr","locations":[{"start":{"line":6,"column":13},"end":{"line":6,"column":41}},{"start":{"line":6,"column":45},"end":{"line":6,"column":55}}],"line":6},"5":{"loc":{"start":{"line":28,"column":8},"end":{"line":53,"column":9}},"type":"switch","locations":[{"start":{"line":29,"column":12},"end":{"line":30,"column":80}},{"start":{"line":31,"column":12},"end":{"line":32,"column":77}},{"start":{"line":33,"column":12},"end":{"line":34,"column":93}},{"start":{"line":35,"column":12},"end":{"line":36,"column":114}},{"start":{"line":37,"column":12},"end":{"line":38,"column":81}},{"start":{"line":39,"column":12},"end":{"line":42,"column":22}},{"start":{"line":43,"column":12},"end":{"line":51,"column":22}},{"start":{"line":52,"column":12},"end":{"line":52,"column":20}}],"line":28},"6":{"loc":{"start":{"line":40,"column":16},"end":{"line":41,"column":86}},"type":"if","locations":[{"start":{"line":40,"column":16},"end":{"line":41,"column":86}},{"start":{"line":40,"column":16},"end":{"line":41,"column":86}}],"line":40},"7":{"loc":{"start":{"line":46,"column":16},"end":{"line":48,"column":17}},"type":"if","locations":[{"start":{"line":46,"column":16},"end":{"line":48,"column":17}},{"start":{"line":46,"column":16},"end":{"line":48,"column":17}}],"line":46},"8":{"loc":{"start":{"line":46,"column":20},"end":{"line":46,"column":133}},"type":"binary-expr","locations":[{"start":{"line":46,"column":20},"end":{"line":46,"column":31}},{"start":{"line":46,"column":53},"end":{"line":46,"column":133}}],"line":46},"9":{"loc":{"start":{"line":49,"column":16},"end":{"line":50,"column":86}},"type":"if","locations":[{"start":{"line":49,"column":16},"end":{"line":50,"column":86}},{"start":{"line":49,"column":16},"end":{"line":50,"column":86}}],"line":49},"10":{"loc":{"start":{"line":66,"column":8},"end":{"line":109,"column":9}},"type":"switch","locations":[{"start":{"line":67,"column":12},"end":{"line":68,"column":86}},{"start":{"line":69,"column":12},"end":{"line":70,"column":60}},{"start":{"line":71,"column":12},"end":{"line":72,"column":61}},{"start":{"line":73,"column":12},"end":{"line":74,"column":60}},{"start":{"line":75,"column":12},"end":{"line":76,"column":61}},{"start":{"line":77,"column":12},"end":{"line":78,"column":57}},{"start":{"line":79,"column":12},"end":{"line":80,"column":62}},{"start":{"line":81,"column":12},"end":{"line":82,"column":60}},{"start":{"line":83,"column":12},"end":{"line":84,"column":59}},{"start":{"line":85,"column":12},"end":{"line":86,"column":60}},{"start":{"line":87,"column":12},"end":{"line":88,"column":63}},{"start":{"line":89,"column":12},"end":{"line":90,"column":63}},{"start":{"line":91,"column":12},"end":{"line":92,"column":60}},{"start":{"line":93,"column":12},"end":{"line":94,"column":58}},{"start":{"line":95,"column":12},"end":{"line":96,"column":88}},{"start":{"line":97,"column":12},"end":{"line":101,"column":112}},{"start":{"line":102,"column":12},"end":{"line":104,"column":132}},{"start":{"line":105,"column":12},"end":{"line":106,"column":115}},{"start":{"line":107,"column":12},"end":{"line":108,"column":75}}],"line":66},"11":{"loc":{"start":{"line":98,"column":16},"end":{"line":100,"column":17}},"type":"if","locations":[{"start":{"line":98,"column":16},"end":{"line":100,"column":17}},{"start":{"line":98,"column":16},"end":{"line":100,"column":17}}],"line":98},"12":{"loc":{"start":{"line":104,"column":51},"end":{"line":104,"column":109}},"type":"cond-expr","locations":[{"start":{"line":104,"column":81},"end":{"line":104,"column":83}},{"start":{"line":104,"column":107},"end":{"line":104,"column":109}}],"line":104},"13":{"loc":{"start":{"line":140,"column":8},"end":{"line":142,"column":9}},"type":"if","locations":[{"start":{"line":140,"column":8},"end":{"line":142,"column":9}},{"start":{"line":140,"column":8},"end":{"line":142,"column":9}}],"line":140},"14":{"loc":{"start":{"line":145,"column":8},"end":{"line":148,"column":9}},"type":"if","locations":[{"start":{"line":145,"column":8},"end":{"line":148,"column":9}},{"start":{"line":145,"column":8},"end":{"line":148,"column":9}}],"line":145},"15":{"loc":{"start":{"line":145,"column":12},"end":{"line":145,"column":116}},"type":"binary-expr","locations":[{"start":{"line":145,"column":12},"end":{"line":145,"column":45}},{"start":{"line":145,"column":50},"end":{"line":145,"column":115}}],"line":145},"16":{"loc":{"start":{"line":171,"column":8},"end":{"line":177,"column":9}},"type":"if","locations":[{"start":{"line":171,"column":8},"end":{"line":177,"column":9}},{"start":{"line":171,"column":8},"end":{"line":177,"column":9}}],"line":171},"17":{"loc":{"start":{"line":171,"column":12},"end":{"line":171,"column":116}},"type":"binary-expr","locations":[{"start":{"line":171,"column":12},"end":{"line":171,"column":45}},{"start":{"line":171,"column":50},"end":{"line":171,"column":115}}],"line":171},"18":{"loc":{"start":{"line":175,"column":13},"end":{"line":177,"column":9}},"type":"if","locations":[{"start":{"line":175,"column":13},"end":{"line":177,"column":9}},{"start":{"line":175,"column":13},"end":{"line":177,"column":9}}],"line":175},"19":{"loc":{"start":{"line":200,"column":26},"end":{"line":200,"column":139}},"type":"cond-expr","locations":[{"start":{"line":200,"column":89},"end":{"line":200,"column":132}},{"start":{"line":200,"column":135},"end":{"line":200,"column":139}}],"line":200},"20":{"loc":{"start":{"line":215,"column":15},"end":{"line":217,"column":68}},"type":"cond-expr","locations":[{"start":{"line":216,"column":12},"end":{"line":216,"column":81}},{"start":{"line":217,"column":12},"end":{"line":217,"column":68}}],"line":215},"21":{"loc":{"start":{"line":215,"column":15},"end":{"line":215,"column":68}},"type":"binary-expr","locations":[{"start":{"line":215,"column":15},"end":{"line":215,"column":29}},{"start":{"line":215,"column":46},"end":{"line":215,"column":68}}],"line":215},"22":{"loc":{"start":{"line":248,"column":24},"end":{"line":248,"column":106}},"type":"cond-expr","locations":[{"start":{"line":248,"column":67},"end":{"line":248,"column":99}},{"start":{"line":248,"column":102},"end":{"line":248,"column":106}}],"line":248},"23":{"loc":{"start":{"line":249,"column":26},"end":{"line":249,"column":135}},"type":"cond-expr","locations":[{"start":{"line":249,"column":92},"end":{"line":249,"column":128}},{"start":{"line":249,"column":131},"end":{"line":249,"column":135}}],"line":249},"24":{"loc":{"start":{"line":250,"column":8},"end":{"line":251,"column":74}},"type":"if","locations":[{"start":{"line":250,"column":8},"end":{"line":251,"column":74}},{"start":{"line":250,"column":8},"end":{"line":251,"column":74}}],"line":250},"25":{"loc":{"start":{"line":250,"column":12},"end":{"line":250,"column":34}},"type":"binary-expr","locations":[{"start":{"line":250,"column":12},"end":{"line":250,"column":20}},{"start":{"line":250,"column":24},"end":{"line":250,"column":34}}],"line":250},"26":{"loc":{"start":{"line":272,"column":8},"end":{"line":277,"column":9}},"type":"if","locations":[{"start":{"line":272,"column":8},"end":{"line":277,"column":9}},{"start":{"line":272,"column":8},"end":{"line":277,"column":9}}],"line":272},"27":{"loc":{"start":{"line":272,"column":12},"end":{"line":274,"column":75}},"type":"cond-expr","locations":[{"start":{"line":273,"column":14},"end":{"line":273,"column":76}},{"start":{"line":274,"column":14},"end":{"line":274,"column":75}}],"line":272},"28":{"loc":{"start":{"line":297,"column":8},"end":{"line":298,"column":75}},"type":"if","locations":[{"start":{"line":297,"column":8},"end":{"line":298,"column":75}},{"start":{"line":297,"column":8},"end":{"line":298,"column":75}}],"line":297},"29":{"loc":{"start":{"line":338,"column":8},"end":{"line":359,"column":9}},"type":"if","locations":[{"start":{"line":338,"column":8},"end":{"line":359,"column":9}},{"start":{"line":338,"column":8},"end":{"line":359,"column":9}}],"line":338},"30":{"loc":{"start":{"line":338,"column":12},"end":{"line":338,"column":99}},"type":"binary-expr","locations":[{"start":{"line":338,"column":12},"end":{"line":338,"column":70}},{"start":{"line":338,"column":74},"end":{"line":338,"column":99}}],"line":338},"31":{"loc":{"start":{"line":340,"column":12},"end":{"line":341,"column":82}},"type":"if","locations":[{"start":{"line":340,"column":12},"end":{"line":341,"column":82}},{"start":{"line":340,"column":12},"end":{"line":341,"column":82}}],"line":340},"32":{"loc":{"start":{"line":340,"column":16},"end":{"line":340,"column":63}},"type":"binary-expr","locations":[{"start":{"line":340,"column":16},"end":{"line":340,"column":32}},{"start":{"line":340,"column":48},"end":{"line":340,"column":63}}],"line":340},"33":{"loc":{"start":{"line":343,"column":12},"end":{"line":344,"column":92}},"type":"if","locations":[{"start":{"line":343,"column":12},"end":{"line":344,"column":92}},{"start":{"line":343,"column":12},"end":{"line":344,"column":92}}],"line":343},"34":{"loc":{"start":{"line":347,"column":12},"end":{"line":352,"column":13}},"type":"if","locations":[{"start":{"line":347,"column":12},"end":{"line":352,"column":13}},{"start":{"line":347,"column":12},"end":{"line":352,"column":13}}],"line":347},"35":{"loc":{"start":{"line":347,"column":16},"end":{"line":347,"column":122}},"type":"binary-expr","locations":[{"start":{"line":347,"column":16},"end":{"line":347,"column":46}},{"start":{"line":347,"column":51},"end":{"line":347,"column":68}},{"start":{"line":347,"column":100},"end":{"line":347,"column":122}}],"line":347},"36":{"loc":{"start":{"line":446,"column":8},"end":{"line":448,"column":9}},"type":"if","locations":[{"start":{"line":446,"column":8},"end":{"line":448,"column":9}},{"start":{"line":446,"column":8},"end":{"line":448,"column":9}}],"line":446},"37":{"loc":{"start":{"line":450,"column":25},"end":{"line":452,"column":16}},"type":"cond-expr","locations":[{"start":{"line":451,"column":12},"end":{"line":451,"column":113}},{"start":{"line":452,"column":12},"end":{"line":452,"column":16}}],"line":450},"38":{"loc":{"start":{"line":450,"column":25},"end":{"line":450,"column":99}},"type":"binary-expr","locations":[{"start":{"line":450,"column":25},"end":{"line":450,"column":62}},{"start":{"line":450,"column":66},"end":{"line":450,"column":99}}],"line":450},"39":{"loc":{"start":{"line":490,"column":8},"end":{"line":491,"column":72}},"type":"if","locations":[{"start":{"line":490,"column":8},"end":{"line":491,"column":72}},{"start":{"line":490,"column":8},"end":{"line":491,"column":72}}],"line":490},"40":{"loc":{"start":{"line":527,"column":12},"end":{"line":531,"column":13}},"type":"if","locations":[{"start":{"line":527,"column":12},"end":{"line":531,"column":13}},{"start":{"line":527,"column":12},"end":{"line":531,"column":13}}],"line":527},"41":{"loc":{"start":{"line":528,"column":16},"end":{"line":529,"column":90}},"type":"if","locations":[{"start":{"line":528,"column":16},"end":{"line":529,"column":90}},{"start":{"line":528,"column":16},"end":{"line":529,"column":90}}],"line":528},"42":{"loc":{"start":{"line":554,"column":8},"end":{"line":559,"column":9}},"type":"if","locations":[{"start":{"line":554,"column":8},"end":{"line":559,"column":9}},{"start":{"line":554,"column":8},"end":{"line":559,"column":9}}],"line":554},"43":{"loc":{"start":{"line":580,"column":53},"end":{"line":580,"column":73}},"type":"default-arg","locations":[{"start":{"line":580,"column":69},"end":{"line":580,"column":73}}],"line":580},"44":{"loc":{"start":{"line":587,"column":8},"end":{"line":588,"column":58}},"type":"if","locations":[{"start":{"line":587,"column":8},"end":{"line":588,"column":58}},{"start":{"line":587,"column":8},"end":{"line":588,"column":58}}],"line":587},"45":{"loc":{"start":{"line":605,"column":60},"end":{"line":605,"column":80}},"type":"default-arg","locations":[{"start":{"line":605,"column":76},"end":{"line":605,"column":80}}],"line":605},"46":{"loc":{"start":{"line":606,"column":15},"end":{"line":608,"column":63}},"type":"cond-expr","locations":[{"start":{"line":607,"column":12},"end":{"line":607,"column":94}},{"start":{"line":608,"column":12},"end":{"line":608,"column":63}}],"line":606},"47":{"loc":{"start":{"line":620,"column":15},"end":{"line":622,"column":43}},"type":"cond-expr","locations":[{"start":{"line":621,"column":12},"end":{"line":621,"column":89}},{"start":{"line":622,"column":12},"end":{"line":622,"column":43}}],"line":620},"48":{"loc":{"start":{"line":636,"column":30},"end":{"line":636,"column":127}},"type":"binary-expr","locations":[{"start":{"line":636,"column":30},"end":{"line":636,"column":46}},{"start":{"line":636,"column":62},"end":{"line":636,"column":127}}],"line":636},"49":{"loc":{"start":{"line":647,"column":8},"end":{"line":656,"column":9}},"type":"if","locations":[{"start":{"line":647,"column":8},"end":{"line":656,"column":9}},{"start":{"line":647,"column":8},"end":{"line":656,"column":9}}],"line":647},"50":{"loc":{"start":{"line":647,"column":12},"end":{"line":647,"column":149}},"type":"binary-expr","locations":[{"start":{"line":647,"column":12},"end":{"line":647,"column":27}},{"start":{"line":647,"column":51},"end":{"line":647,"column":66}},{"start":{"line":647,"column":87},"end":{"line":647,"column":148}}],"line":647},"51":{"loc":{"start":{"line":650,"column":13},"end":{"line":656,"column":9}},"type":"if","locations":[{"start":{"line":650,"column":13},"end":{"line":656,"column":9}},{"start":{"line":650,"column":13},"end":{"line":656,"column":9}}],"line":650},"52":{"loc":{"start":{"line":653,"column":13},"end":{"line":656,"column":9}},"type":"if","locations":[{"start":{"line":653,"column":13},"end":{"line":656,"column":9}},{"start":{"line":653,"column":13},"end":{"line":656,"column":9}}],"line":653},"53":{"loc":{"start":{"line":657,"column":8},"end":{"line":689,"column":9}},"type":"if","locations":[{"start":{"line":657,"column":8},"end":{"line":689,"column":9}},{"start":{"line":657,"column":8},"end":{"line":689,"column":9}}],"line":657},"54":{"loc":{"start":{"line":659,"column":12},"end":{"line":666,"column":41}},"type":"if","locations":[{"start":{"line":659,"column":12},"end":{"line":666,"column":41}},{"start":{"line":659,"column":12},"end":{"line":666,"column":41}}],"line":659},"55":{"loc":{"start":{"line":660,"column":16},"end":{"line":662,"column":17}},"type":"if","locations":[{"start":{"line":660,"column":16},"end":{"line":662,"column":17}},{"start":{"line":660,"column":16},"end":{"line":662,"column":17}}],"line":660},"56":{"loc":{"start":{"line":660,"column":20},"end":{"line":660,"column":104}},"type":"binary-expr","locations":[{"start":{"line":660,"column":20},"end":{"line":660,"column":64}},{"start":{"line":660,"column":68},"end":{"line":660,"column":104}}],"line":660},"57":{"loc":{"start":{"line":669,"column":13},"end":{"line":689,"column":9}},"type":"if","locations":[{"start":{"line":669,"column":13},"end":{"line":689,"column":9}},{"start":{"line":669,"column":13},"end":{"line":689,"column":9}}],"line":669},"58":{"loc":{"start":{"line":670,"column":12},"end":{"line":676,"column":41}},"type":"if","locations":[{"start":{"line":670,"column":12},"end":{"line":676,"column":41}},{"start":{"line":670,"column":12},"end":{"line":676,"column":41}}],"line":670},"59":{"loc":{"start":{"line":671,"column":16},"end":{"line":672,"column":92}},"type":"if","locations":[{"start":{"line":671,"column":16},"end":{"line":672,"column":92}},{"start":{"line":671,"column":16},"end":{"line":672,"column":92}}],"line":671},"60":{"loc":{"start":{"line":681,"column":12},"end":{"line":682,"column":97}},"type":"if","locations":[{"start":{"line":681,"column":12},"end":{"line":682,"column":97}},{"start":{"line":681,"column":12},"end":{"line":682,"column":97}}],"line":681},"61":{"loc":{"start":{"line":683,"column":12},"end":{"line":684,"column":41}},"type":"if","locations":[{"start":{"line":683,"column":12},"end":{"line":684,"column":41}},{"start":{"line":683,"column":12},"end":{"line":684,"column":41}}],"line":683},"62":{"loc":{"start":{"line":686,"column":19},"end":{"line":686,"column":140}},"type":"cond-expr","locations":[{"start":{"line":686,"column":64},"end":{"line":686,"column":133}},{"start":{"line":686,"column":136},"end":{"line":686,"column":140}}],"line":686},"63":{"loc":{"start":{"line":688,"column":21},"end":{"line":688,"column":136}},"type":"cond-expr","locations":[{"start":{"line":688,"column":60},"end":{"line":688,"column":129}},{"start":{"line":688,"column":132},"end":{"line":688,"column":136}}],"line":688},"64":{"loc":{"start":{"line":692,"column":60},"end":{"line":709,"column":9}},"type":"cond-expr","locations":[{"start":{"line":692,"column":88},"end":{"line":698,"column":9}},{"start":{"line":698,"column":12},"end":{"line":709,"column":9}}],"line":692},"65":{"loc":{"start":{"line":698,"column":12},"end":{"line":709,"column":9}},"type":"cond-expr","locations":[{"start":{"line":698,"column":20},"end":{"line":703,"column":9}},{"start":{"line":703,"column":12},"end":{"line":709,"column":9}}],"line":698}},"s":{"0":1,"1":1,"2":1,"3":1,"4":0,"5":0,"6":0,"7":1,"8":1,"9":1,"10":1,"11":1,"12":1,"13":1,"14":46906,"15":4722,"16":2184,"17":3331,"18":536,"19":3001,"20":27,"21":10,"22":17,"23":92,"24":53,"25":39,"26":10,"27":29,"28":33059,"29":1,"30":38460,"31":4730,"32":3145,"33":134,"34":1844,"35":853,"36":731,"37":147,"38":261,"39":115,"40":242,"41":177,"42":21,"43":81,"44":382,"45":6251,"46":477,"47":13,"48":464,"49":118,"50":26,"51":18749,"52":1,"53":3145,"54":3145,"55":3145,"56":1,"57":177,"58":177,"59":177,"60":40,"61":147,"62":147,"63":147,"64":58,"65":58,"66":131,"67":131,"68":1,"69":242,"70":242,"71":242,"72":242,"73":242,"74":110,"75":110,"76":132,"77":18,"78":207,"79":207,"80":1,"81":731,"82":731,"83":731,"84":722,"85":677,"86":677,"87":597,"88":567,"89":1,"90":939,"91":21,"92":21,"93":21,"94":21,"95":1,"96":382,"97":382,"98":382,"99":378,"100":228,"101":226,"102":6,"103":220,"104":1,"105":364,"106":364,"107":364,"108":364,"109":358,"110":237,"111":220,"112":214,"113":1,"114":81,"115":81,"116":81,"117":7,"118":74,"119":72,"120":72,"121":1,"122":53,"123":53,"124":27,"125":27,"126":1,"127":19306,"128":19306,"129":19306,"130":14058,"131":431,"132":13,"133":418,"134":418,"135":4,"136":414,"137":414,"138":15,"139":399,"140":262,"141":262,"142":13627,"143":13344,"144":1,"145":147,"146":147,"147":147,"148":108,"149":101,"150":101,"151":101,"152":101,"153":101,"154":1,"155":261,"156":261,"157":261,"158":253,"159":251,"160":251,"161":184,"162":1,"163":2466,"164":2466,"165":2466,"166":2460,"167":1790,"168":2275,"169":2275,"170":1,"171":853,"172":853,"173":13,"174":841,"175":841,"176":823,"177":822,"178":1,"179":3558,"180":3558,"181":3558,"182":3376,"183":3376,"184":1,"185":115,"186":16,"187":100,"188":100,"189":100,"190":98,"191":98,"192":98,"193":83,"194":1,"195":134,"196":134,"197":134,"198":130,"199":130,"200":130,"201":130,"202":130,"203":130,"204":130,"205":130,"206":187,"207":176,"208":176,"209":50,"210":3,"211":47,"212":116,"213":116,"214":116,"215":1,"216":187,"217":187,"218":187,"219":135,"220":52,"221":186,"222":186,"223":186,"224":219,"225":176,"226":1,"227":10750,"228":10750,"229":10750,"230":10750,"231":10724,"232":7921,"233":6743,"234":7882,"235":1,"236":3331,"237":3001,"238":6251,"239":6251,"240":6251,"241":6251,"242":6244,"243":6244,"244":6244,"245":6244,"246":6244,"247":6244,"248":6244,"249":6244,"250":1475,"251":4769,"252":727,"253":4042,"254":3913,"255":3913,"256":5179,"257":2879,"258":2879,"259":2125,"260":238,"261":1890,"262":754,"263":2604,"264":2300,"265":1919,"266":1634,"267":23,"268":1614,"269":285,"270":1860,"271":1860,"272":381,"273":9,"274":381,"275":139,"276":381,"277":330,"278":325,"279":324,"280":3297,"281":3160,"282":3084},"f":{"0":1,"1":1,"2":46906,"3":38460,"4":3145,"5":177,"6":242,"7":731,"8":939,"9":21,"10":382,"11":364,"12":81,"13":53,"14":19306,"15":147,"16":261,"17":2466,"18":853,"19":3558,"20":115,"21":134,"22":187,"23":10750,"24":3331,"25":3001,"26":6251},"b":{"0":[1,0],"1":[1,1],"2":[0,1],"3":[0,0],"4":[0,0],"5":[4722,2184,3331,536,3001,27,92,33013],"6":[10,17],"7":[53,39],"8":[92,67],"9":[10,29],"10":[4730,3145,134,1844,853,731,147,261,115,242,177,21,81,382,6251,477,118,26,18749],"11":[13,464],"12":[34,84],"13":[40,137],"14":[58,89],"15":[147,131],"16":[110,132],"17":[242,234],"18":[18,114],"19":[262,335],"20":[882,57],"21":[939,893],"22":[364,14],"23":[20,208],"24":[6,220],"25":[226,12],"26":[358,4],"27":[111,253],"28":[7,74],"29":[431,13627],"30":[14058,6511],"31":[13,418],"32":[431,13],"33":[4,414],"34":[15,399],"35":[414,391,298],"36":[13,840],"37":[718,123],"38":[841,725],"39":[16,99],"40":[50,126],"41":[3,47],"42":[135,52],"43":[5310],"44":[6743,1178],"45":[3331],"46":[3238,93],"47":[2537,464],"48":[6251,1906],"49":[1475,4769],"50":[6244,5524,780],"51":[727,4042],"52":[3913,129],"53":[2879,2300],"54":[2125,754],"55":[238,1887],"56":[2125,2005],"57":[1919,381],"58":[1634,285],"59":[23,1611],"60":[9,372],"61":[139,242],"62":[168,162],"63":[102,222],"64":[1770,1314],"65":[1026,288]},"_coverageSchema":"332fd63041d2c1bcb487cc26dd0d5f7d97098a6c","hash":"b0e83551871531302d9fc79ad2cf78f71212daaf","contentHash":"a8b6c6d480025d9ac957f2b7a6b5d0e2_11.6.0"},"F:\\cherow\\build\\src\\token.js":{"path":"F:\\cherow\\build\\src\\token.js","statementMap":{"0":{"start":{"line":1,"column":0},"end":{"line":118,"column":3}},"1":{"start":{"line":2,"column":4},"end":{"line":8,"column":5}},"2":{"start":{"line":3,"column":16},"end":{"line":3,"column":41}},"3":{"start":{"line":4,"column":8},"end":{"line":4,"column":48}},"4":{"start":{"line":4,"column":29},"end":{"line":4,"column":48}},"5":{"start":{"line":6,"column":9},"end":{"line":8,"column":5}},"6":{"start":{"line":7,"column":8},"end":{"line":7,"column":48}},"7":{"start":{"line":11,"column":4},"end":{"line":11,"column":66}},"8":{"start":{"line":18,"column":29},"end":{"line":47,"column":5}},"9":{"start":{"line":52,"column":8},"end":{"line":52,"column":56}},"10":{"start":{"line":54,"column":4},"end":{"line":54,"column":34}},"11":{"start":{"line":57,"column":29},"end":{"line":113,"column":6}},"12":{"start":{"line":115,"column":8},"end":{"line":115,"column":45}},"13":{"start":{"line":117,"column":4},"end":{"line":117,"column":38}}},"fnMap":{"0":{"name":"(anonymous_0)","decl":{"start":{"line":1,"column":1},"end":{"line":1,"column":2}},"loc":{"start":{"line":1,"column":20},"end":{"line":9,"column":1}},"line":1},"1":{"name":"(anonymous_1)","decl":{"start":{"line":9,"column":3},"end":{"line":9,"column":4}},"loc":{"start":{"line":9,"column":31},"end":{"line":118,"column":1}},"line":9},"2":{"name":"tokenDesc","decl":{"start":{"line":51,"column":13},"end":{"line":51,"column":22}},"loc":{"start":{"line":51,"column":30},"end":{"line":53,"column":5}},"line":51},"3":{"name":"descKeyword","decl":{"start":{"line":114,"column":13},"end":{"line":114,"column":24}},"loc":{"start":{"line":114,"column":32},"end":{"line":116,"column":5}},"line":114}},"branchMap":{"0":{"loc":{"start":{"line":2,"column":4},"end":{"line":8,"column":5}},"type":"if","locations":[{"start":{"line":2,"column":4},"end":{"line":8,"column":5}},{"start":{"line":2,"column":4},"end":{"line":8,"column":5}}],"line":2},"1":{"loc":{"start":{"line":2,"column":8},"end":{"line":2,"column":72}},"type":"binary-expr","locations":[{"start":{"line":2,"column":8},"end":{"line":2,"column":34}},{"start":{"line":2,"column":38},"end":{"line":2,"column":72}}],"line":2},"2":{"loc":{"start":{"line":4,"column":8},"end":{"line":4,"column":48}},"type":"if","locations":[{"start":{"line":4,"column":8},"end":{"line":4,"column":48}},{"start":{"line":4,"column":8},"end":{"line":4,"column":48}}],"line":4},"3":{"loc":{"start":{"line":6,"column":9},"end":{"line":8,"column":5}},"type":"if","locations":[{"start":{"line":6,"column":9},"end":{"line":8,"column":5}},{"start":{"line":6,"column":9},"end":{"line":8,"column":5}}],"line":6},"4":{"loc":{"start":{"line":6,"column":13},"end":{"line":6,"column":55}},"type":"binary-expr","locations":[{"start":{"line":6,"column":13},"end":{"line":6,"column":41}},{"start":{"line":6,"column":45},"end":{"line":6,"column":55}}],"line":6}},"s":{"0":1,"1":1,"2":1,"3":1,"4":0,"5":0,"6":0,"7":1,"8":1,"9":25049,"10":1,"11":1,"12":80265,"13":1},"f":{"0":1,"1":1,"2":25049,"3":80265},"b":{"0":[1,0],"1":[1,1],"2":[0,1],"3":[0,0],"4":[0,0]},"_coverageSchema":"332fd63041d2c1bcb487cc26dd0d5f7d97098a6c","hash":"7b916301598dd2873e47d9fa2b4c206472711dcc","contentHash":"eac0861bf60ef42caa1e0e4cfa984c71_11.6.0"},"F:\\cherow\\build\\src\\errors.js":{"path":"F:\\cherow\\build\\src\\errors.js","statementMap":{"0":{"start":{"line":1,"column":0},"end":{"line":177,"column":3}},"1":{"start":{"line":2,"column":4},"end":{"line":8,"column":5}},"2":{"start":{"line":3,"column":16},"end":{"line":3,"column":41}},"3":{"start":{"line":4,"column":8},"end":{"line":4,"column":48}},"4":{"start":{"line":4,"column":29},"end":{"line":4,"column":48}},"5":{"start":{"line":6,"column":9},"end":{"line":8,"column":5}},"6":{"start":{"line":7,"column":8},"end":{"line":7,"column":48}},"7":{"start":{"line":11,"column":4},"end":{"line":11,"column":66}},"8":{"start":{"line":12,"column":4},"end":{"line":106,"column":6}},"9":{"start":{"line":120,"column":22},"end":{"line":120,"column":87}},"10":{"start":{"line":121,"column":8},"end":{"line":121,"column":28}},"11":{"start":{"line":122,"column":8},"end":{"line":122,"column":26}},"12":{"start":{"line":123,"column":8},"end":{"line":123,"column":30}},"13":{"start":{"line":124,"column":8},"end":{"line":124,"column":40}},"14":{"start":{"line":125,"column":8},"end":{"line":129,"column":24}},"15":{"start":{"line":126,"column":12},"end":{"line":126,"column":38}},"16":{"start":{"line":129,"column":12},"end":{"line":129,"column":24}},"17":{"start":{"line":131,"column":4},"end":{"line":131,"column":44}},"18":{"start":{"line":139,"column":38},"end":{"line":139,"column":44}},"19":{"start":{"line":140,"column":25},"end":{"line":140,"column":45}},"20":{"start":{"line":141,"column":8},"end":{"line":145,"column":9}},"21":{"start":{"line":142,"column":12},"end":{"line":142,"column":35}},"22":{"start":{"line":143,"column":12},"end":{"line":143,"column":33}},"23":{"start":{"line":144,"column":12},"end":{"line":144,"column":37}},"24":{"start":{"line":146,"column":8},"end":{"line":146,"column":39}},"25":{"start":{"line":157,"column":40},"end":{"line":157,"column":64}},"26":{"start":{"line":158,"column":29},"end":{"line":158,"column":96}},"27":{"start":{"line":158,"column":86},"end":{"line":158,"column":95}},"28":{"start":{"line":159,"column":8},"end":{"line":159,"column":81}},"29":{"start":{"line":161,"column":4},"end":{"line":161,"column":28}},"30":{"start":{"line":172,"column":40},"end":{"line":172,"column":64}},"31":{"start":{"line":173,"column":29},"end":{"line":173,"column":96}},"32":{"start":{"line":173,"column":86},"end":{"line":173,"column":95}},"33":{"start":{"line":174,"column":8},"end":{"line":174,"column":75}},"34":{"start":{"line":176,"column":4},"end":{"line":176,"column":32}}},"fnMap":{"0":{"name":"(anonymous_0)","decl":{"start":{"line":1,"column":1},"end":{"line":1,"column":2}},"loc":{"start":{"line":1,"column":20},"end":{"line":9,"column":1}},"line":1},"1":{"name":"(anonymous_1)","decl":{"start":{"line":9,"column":3},"end":{"line":9,"column":4}},"loc":{"start":{"line":9,"column":31},"end":{"line":177,"column":1}},"line":9},"2":{"name":"constructError","decl":{"start":{"line":119,"column":13},"end":{"line":119,"column":27}},"loc":{"start":{"line":119,"column":79},"end":{"line":130,"column":5}},"line":119},"3":{"name":"getErrorLocation","decl":{"start":{"line":138,"column":13},"end":{"line":138,"column":29}},"loc":{"start":{"line":138,"column":38},"end":{"line":147,"column":5}},"line":138},"4":{"name":"report","decl":{"start":{"line":156,"column":13},"end":{"line":156,"column":19}},"loc":{"start":{"line":156,"column":45},"end":{"line":160,"column":5}},"line":156},"5":{"name":"(anonymous_5)","decl":{"start":{"line":158,"column":76},"end":{"line":158,"column":77}},"loc":{"start":{"line":158,"column":86},"end":{"line":158,"column":95}},"line":158},"6":{"name":"tolerant","decl":{"start":{"line":171,"column":13},"end":{"line":171,"column":21}},"loc":{"start":{"line":171,"column":56},"end":{"line":175,"column":5}},"line":171},"7":{"name":"(anonymous_7)","decl":{"start":{"line":173,"column":76},"end":{"line":173,"column":77}},"loc":{"start":{"line":173,"column":86},"end":{"line":173,"column":95}},"line":173}},"branchMap":{"0":{"loc":{"start":{"line":2,"column":4},"end":{"line":8,"column":5}},"type":"if","locations":[{"start":{"line":2,"column":4},"end":{"line":8,"column":5}},{"start":{"line":2,"column":4},"end":{"line":8,"column":5}}],"line":2},"1":{"loc":{"start":{"line":2,"column":8},"end":{"line":2,"column":72}},"type":"binary-expr","locations":[{"start":{"line":2,"column":8},"end":{"line":2,"column":34}},{"start":{"line":2,"column":38},"end":{"line":2,"column":72}}],"line":2},"2":{"loc":{"start":{"line":4,"column":8},"end":{"line":4,"column":48}},"type":"if","locations":[{"start":{"line":4,"column":8},"end":{"line":4,"column":48}},{"start":{"line":4,"column":8},"end":{"line":4,"column":48}}],"line":4},"3":{"loc":{"start":{"line":6,"column":9},"end":{"line":8,"column":5}},"type":"if","locations":[{"start":{"line":6,"column":9},"end":{"line":8,"column":5}},{"start":{"line":6,"column":9},"end":{"line":8,"column":5}}],"line":6},"4":{"loc":{"start":{"line":6,"column":13},"end":{"line":6,"column":55}},"type":"binary-expr","locations":[{"start":{"line":6,"column":13},"end":{"line":6,"column":41}},{"start":{"line":6,"column":45},"end":{"line":6,"column":55}}],"line":6},"5":{"loc":{"start":{"line":125,"column":8},"end":{"line":129,"column":24}},"type":"if","locations":[{"start":{"line":125,"column":8},"end":{"line":129,"column":24}},{"start":{"line":125,"column":8},"end":{"line":129,"column":24}}],"line":125},"6":{"loc":{"start":{"line":141,"column":8},"end":{"line":145,"column":9}},"type":"if","locations":[{"start":{"line":141,"column":8},"end":{"line":145,"column":9}},{"start":{"line":141,"column":8},"end":{"line":145,"column":9}}],"line":141}},"s":{"0":1,"1":1,"2":1,"3":1,"4":0,"5":0,"6":0,"7":1,"8":1,"9":12802,"10":12802,"11":12802,"12":12802,"13":12802,"14":12802,"15":180,"16":12622,"17":1,"18":12741,"19":12741,"20":12741,"21":315,"22":315,"23":315,"24":12741,"25":3338,"26":3338,"27":2630,"28":3338,"29":1,"30":9403,"31":9403,"32":3615,"33":9403,"34":1},"f":{"0":1,"1":1,"2":12802,"3":12741,"4":3338,"5":2630,"6":9403,"7":3615},"b":{"0":[1,0],"1":[1,1],"2":[0,1],"3":[0,0],"4":[0,0],"5":[180,12622],"6":[315,12426]},"_coverageSchema":"332fd63041d2c1bcb487cc26dd0d5f7d97098a6c","hash":"d638090556591ec52954f8c68abed73b2edc57da","contentHash":"6e0be31f935711388cc08a856e597b53_11.6.0"},"F:\\cherow\\build\\src\\parser\\pattern.js":{"path":"F:\\cherow\\build\\src\\parser\\pattern.js","statementMap":{"0":{"start":{"line":1,"column":0},"end":{"line":249,"column":3}},"1":{"start":{"line":2,"column":4},"end":{"line":8,"column":5}},"2":{"start":{"line":3,"column":16},"end":{"line":3,"column":41}},"3":{"start":{"line":4,"column":8},"end":{"line":4,"column":48}},"4":{"start":{"line":4,"column":29},"end":{"line":4,"column":48}},"5":{"start":{"line":6,"column":9},"end":{"line":8,"column":5}},"6":{"start":{"line":7,"column":8},"end":{"line":7,"column":106}},"7":{"start":{"line":11,"column":4},"end":{"line":11,"column":66}},"8":{"start":{"line":12,"column":20},"end":{"line":12,"column":39}},"9":{"start":{"line":13,"column":21},"end":{"line":13,"column":41}},"10":{"start":{"line":14,"column":26},"end":{"line":14,"column":50}},"11":{"start":{"line":15,"column":24},"end":{"line":15,"column":47}},"12":{"start":{"line":24,"column":26},"end":{"line":24,"column":32}},"13":{"start":{"line":25,"column":8},"end":{"line":29,"column":9}},"14":{"start":{"line":26,"column":12},"end":{"line":27,"column":68}},"15":{"start":{"line":27,"column":16},"end":{"line":27,"column":68}},"16":{"start":{"line":28,"column":12},"end":{"line":28,"column":66}},"17":{"start":{"line":30,"column":8},"end":{"line":35,"column":9}},"18":{"start":{"line":31,"column":12},"end":{"line":31,"column":80}},"19":{"start":{"line":33,"column":13},"end":{"line":35,"column":9}},"20":{"start":{"line":34,"column":12},"end":{"line":34,"column":80}},"21":{"start":{"line":36,"column":8},"end":{"line":36,"column":37}},"22":{"start":{"line":37,"column":8},"end":{"line":37,"column":55}},"23":{"start":{"line":39,"column":4},"end":{"line":39,"column":78}},"24":{"start":{"line":49,"column":26},"end":{"line":49,"column":32}},"25":{"start":{"line":50,"column":8},"end":{"line":66,"column":9}},"26":{"start":{"line":51,"column":12},"end":{"line":52,"column":81}},"27":{"start":{"line":52,"column":16},"end":{"line":52,"column":81}},"28":{"start":{"line":53,"column":12},"end":{"line":53,"column":52}},"29":{"start":{"line":55,"column":13},"end":{"line":66,"column":9}},"30":{"start":{"line":57,"column":12},"end":{"line":57,"column":77}},"31":{"start":{"line":59,"column":13},"end":{"line":66,"column":9}},"32":{"start":{"line":60,"column":12},"end":{"line":61,"column":102}},"33":{"start":{"line":61,"column":16},"end":{"line":61,"column":102}},"34":{"start":{"line":62,"column":12},"end":{"line":62,"column":58}},"35":{"start":{"line":64,"column":13},"end":{"line":66,"column":9}},"36":{"start":{"line":65,"column":12},"end":{"line":65,"column":98}},"37":{"start":{"line":67,"column":20},"end":{"line":67,"column":51}},"38":{"start":{"line":68,"column":21},"end":{"line":68,"column":38}},"39":{"start":{"line":69,"column":8},"end":{"line":69,"column":47}},"40":{"start":{"line":70,"column":8},"end":{"line":73,"column":11}},"41":{"start":{"line":75,"column":4},"end":{"line":75,"column":60}},"42":{"start":{"line":86,"column":20},"end":{"line":86,"column":51}},"43":{"start":{"line":87,"column":8},"end":{"line":87,"column":63}},"44":{"start":{"line":88,"column":25},"end":{"line":88,"column":73}},"45":{"start":{"line":89,"column":8},"end":{"line":90,"column":74}},"46":{"start":{"line":90,"column":12},"end":{"line":90,"column":74}},"47":{"start":{"line":91,"column":8},"end":{"line":94,"column":11}},"48":{"start":{"line":105,"column":20},"end":{"line":105,"column":51}},"49":{"start":{"line":106,"column":8},"end":{"line":106,"column":72}},"50":{"start":{"line":107,"column":25},"end":{"line":107,"column":27}},"51":{"start":{"line":108,"column":8},"end":{"line":124,"column":9}},"52":{"start":{"line":109,"column":12},"end":{"line":123,"column":13}},"53":{"start":{"line":110,"column":16},"end":{"line":110,"column":36}},"54":{"start":{"line":113,"column":16},"end":{"line":119,"column":17}},"55":{"start":{"line":114,"column":20},"end":{"line":114,"column":112}},"56":{"start":{"line":115,"column":20},"end":{"line":115,"column":26}},"57":{"start":{"line":118,"column":20},"end":{"line":118,"column":156}},"58":{"start":{"line":120,"column":16},"end":{"line":122,"column":17}},"59":{"start":{"line":121,"column":20},"end":{"line":121,"column":78}},"60":{"start":{"line":125,"column":8},"end":{"line":125,"column":67}},"61":{"start":{"line":126,"column":8},"end":{"line":129,"column":11}},"62":{"start":{"line":138,"column":20},"end":{"line":138,"column":51}},"63":{"start":{"line":139,"column":27},"end":{"line":139,"column":29}},"64":{"start":{"line":140,"column":8},"end":{"line":140,"column":70}},"65":{"start":{"line":141,"column":8},"end":{"line":149,"column":9}},"66":{"start":{"line":142,"column":12},"end":{"line":145,"column":13}},"67":{"start":{"line":143,"column":16},"end":{"line":143,"column":115}},"68":{"start":{"line":144,"column":16},"end":{"line":144,"column":22}},"69":{"start":{"line":146,"column":12},"end":{"line":146,"column":67}},"70":{"start":{"line":147,"column":12},"end":{"line":148,"column":74}},"71":{"start":{"line":148,"column":16},"end":{"line":148,"column":74}},"72":{"start":{"line":150,"column":8},"end":{"line":150,"column":72}},"73":{"start":{"line":151,"column":8},"end":{"line":154,"column":11}},"74":{"start":{"line":167,"column":8},"end":{"line":171,"column":11}},"75":{"start":{"line":173,"column":4},"end":{"line":173,"column":60}},"76":{"start":{"line":186,"column":8},"end":{"line":187,"column":24}},"77":{"start":{"line":187,"column":12},"end":{"line":187,"column":24}},"78":{"start":{"line":188,"column":8},"end":{"line":192,"column":9}},"79":{"start":{"line":189,"column":12},"end":{"line":191,"column":13}},"80":{"start":{"line":190,"column":16},"end":{"line":190,"column":84}},"81":{"start":{"line":193,"column":8},"end":{"line":197,"column":11}},"82":{"start":{"line":206,"column":20},"end":{"line":206,"column":51}},"83":{"start":{"line":207,"column":26},"end":{"line":207,"column":32}},"84":{"start":{"line":210,"column":23},"end":{"line":210,"column":28}},"85":{"start":{"line":211,"column":24},"end":{"line":211,"column":29}},"86":{"start":{"line":213,"column":8},"end":{"line":238,"column":9}},"87":{"start":{"line":214,"column":12},"end":{"line":214,"column":65}},"88":{"start":{"line":215,"column":12},"end":{"line":215,"column":84}},"89":{"start":{"line":216,"column":12},"end":{"line":231,"column":81}},"90":{"start":{"line":217,"column":16},"end":{"line":220,"column":17}},"91":{"start":{"line":219,"column":20},"end":{"line":219,"column":154}},"92":{"start":{"line":221,"column":16},"end":{"line":228,"column":17}},"93":{"start":{"line":222,"column":20},"end":{"line":222,"column":101}},"94":{"start":{"line":225,"column":20},"end":{"line":226,"column":88}},"95":{"start":{"line":226,"column":24},"end":{"line":226,"column":88}},"96":{"start":{"line":227,"column":20},"end":{"line":227,"column":32}},"97":{"start":{"line":231,"column":16},"end":{"line":231,"column":81}},"98":{"start":{"line":234,"column":12},"end":{"line":234,"column":60}},"99":{"start":{"line":235,"column":12},"end":{"line":235,"column":67}},"100":{"start":{"line":236,"column":12},"end":{"line":236,"column":70}},"101":{"start":{"line":237,"column":12},"end":{"line":237,"column":118}},"102":{"start":{"line":239,"column":8},"end":{"line":247,"column":11}}},"fnMap":{"0":{"name":"(anonymous_0)","decl":{"start":{"line":1,"column":1},"end":{"line":1,"column":2}},"loc":{"start":{"line":1,"column":20},"end":{"line":9,"column":1}},"line":1},"1":{"name":"(anonymous_1)","decl":{"start":{"line":9,"column":3},"end":{"line":9,"column":4}},"loc":{"start":{"line":9,"column":31},"end":{"line":249,"column":1}},"line":9},"2":{"name":"parseBindingIdentifierOrPattern","decl":{"start":{"line":23,"column":13},"end":{"line":23,"column":44}},"loc":{"start":{"line":23,"column":73},"end":{"line":38,"column":5}},"line":23},"3":{"name":"parseBindingIdentifier","decl":{"start":{"line":48,"column":13},"end":{"line":48,"column":35}},"loc":{"start":{"line":48,"column":53},"end":{"line":74,"column":5}},"line":48},"4":{"name":"parseAssignmentRestElementOrProperty","decl":{"start":{"line":85,"column":13},"end":{"line":85,"column":49}},"loc":{"start":{"line":85,"column":77},"end":{"line":95,"column":5}},"line":85},"5":{"name":"parseArrayAssignmentPattern","decl":{"start":{"line":104,"column":13},"end":{"line":104,"column":40}},"loc":{"start":{"line":104,"column":58},"end":{"line":130,"column":5}},"line":104},"6":{"name":"parserObjectAssignmentPattern","decl":{"start":{"line":137,"column":13},"end":{"line":137,"column":42}},"loc":{"start":{"line":137,"column":60},"end":{"line":155,"column":5}},"line":137},"7":{"name":"parseAssignmentPattern","decl":{"start":{"line":166,"column":13},"end":{"line":166,"column":35}},"loc":{"start":{"line":166,"column":64
[...]
},{"start":{"line":122,"column":12},"end":{"line":124,"column":22}},{"start":{"line":126,"column":12},"end":{"line":128,"column":22}},{"start":{"line":130,"column":12},"end":{"line":134,"column":17}},{"start":{"line":136,"column":12},"end":{"line":137,"column":98}}],"line":78},"10":{"loc":{"start":{"line":91,"column":24},"end":{"line":94,"column":25}},"type":"if","locations":[{"start":{"line":91,"column":24},"end":{"line":94,"column":25}},{"start":{"line":91,"column":24},"end":{"line":94,"column":25}}],"line":91},"11":{"loc":{"start":{"line":96,"column":24},"end":{"line":97,"column":86}},"type":"if","locations":[{"start":{"line":96,"column":24},"end":{"line":97,"column":86}},{"start":{"line":96,"column":24},"end":{"line":97,"column":86}}],"line":96},"12":{"loc":{"start":{"line":100,"column":20},"end":{"line":105,"column":21}},"type":"if","locations":[{"start":{"line":100,"column":20},"end":{"line":105,"column":21}},{"start":{"line":100,"column":20},"end":{"line":105,"column":21}}],"line":100},"13":{"loc":{"start":{"line":103,"column":25},"end":{"line":105,"column":21}},"type":"if","locations":[{"start":{"line":103,"column":25},"end":{"line":105,"column":21}},{"start":{"line":103,"column":25},"end":{"line":105,"column":21}}],"line":103},"14":{"loc":{"start":{"line":131,"column":16},"end":{"line":134,"column":17}},"type":"if","locations":[{"start":{"line":131,"column":16},"end":{"line":134,"column":17}},{"start":{"line":131,"column":16},"end":{"line":134,"column":17}}],"line":131},"15":{"loc":{"start":{"line":174,"column":25},"end":{"line":176,"column":19}},"type":"cond-expr","locations":[{"start":{"line":175,"column":14},"end":{"line":175,"column":78}},{"start":{"line":176,"column":14},"end":{"line":176,"column":19}}],"line":174},"16":{"loc":{"start":{"line":197,"column":8},"end":{"line":216,"column":9}},"type":"switch","locations":[{"start":{"line":199,"column":12},"end":{"line":201,"column":22}},{"start":{"line":203,"column":12},"end":{"line":205,"column":22}},{"start":{"line":207,"column":12},"end":{"line":209,"column":22}},{"start":{"line":210,"column":12},"end":{"line":215,"column":17}}],"line":197},"17":{"loc":{"start":{"line":236,"column":8},"end":{"line":242,"column":9}},"type":"if","locations":[{"start":{"line":236,"column":8},"end":{"line":242,"column":9}},{"start":{"line":236,"column":8},"end":{"line":242,"column":9}}],"line":236},"18":{"loc":{"start":{"line":261,"column":8},"end":{"line":292,"column":9}},"type":"switch","locations":[{"start":{"line":263,"column":12},"end":{"line":281,"column":17}},{"start":{"line":283,"column":12},"end":{"line":285,"column":22}},{"start":{"line":287,"column":12},"end":{"line":289,"column":22}},{"start":{"line":290,"column":12},"end":{"line":291,"column":98}}],"line":261},"19":{"loc":{"start":{"line":266,"column":20},"end":{"line":279,"column":21}},"type":"if","locations":[{"start":{"line":266,"column":20},"end":{"line":279,"column":21}},{"start":{"line":266,"column":20},"end":{"line":279,"column":21}}],"line":266},"20":{"loc":{"start":{"line":267,"column":24},"end":{"line":278,"column":25}},"type":"switch","locations":[{"start":{"line":269,"column":28},"end":{"line":271,"column":38}},{"start":{"line":273,"column":28},"end":{"line":275,"column":38}},{"start":{"line":276,"column":28},"end":{"line":277,"column":125}}],"line":267},"21":{"loc":{"start":{"line":308,"column":12},"end":{"line":310,"column":13}},"type":"if","locations":[{"start":{"line":308,"column":12},"end":{"line":310,"column":13}},{"start":{"line":308,"column":12},"end":{"line":310,"column":13}}],"line":308},"22":{"loc":{"start":{"line":327,"column":8},"end":{"line":339,"column":9}},"type":"if","locations":[{"start":{"line":327,"column":8},"end":{"line":339,"column":9}},{"start":{"line":327,"column":8},"end":{"line":339,"column":9}}],"line":327},"23":{"loc":{"start":{"line":332,"column":12},"end":{"line":334,"column":13}},"type":"if","locations":[{"start":{"line":332,"column":12},"end":{"line":334,"column":13}},{"start":{"line":332,"column":12},"end":{"line":334,"column":13}}],"line":332},"24":{"loc":{"start":{"line":335,"column":12},"end":{"line":337,"column":13}},"type":"if","locations":[{"start":{"line":335,"column":12},"end":{"line":337,"column":13}},{"start":{"line":335,"column":12},"end":{"line":337,"column":13}}],"line":335},"25":{"loc":{"start":{"line":374,"column":8},"end":{"line":375,"column":94}},"type":"if","locations":[{"start":{"line":374,"column":8},"end":{"line":375,"column":94}},{"start":{"line":374,"column":8},"end":{"line":375,"column":94}}],"line":374},"26":{"loc":{"start":{"line":403,"column":15},"end":{"line":405,"column":91}},"type":"cond-expr","locations":[{"start":{"line":404,"column":12},"end":{"line":404,"column":124}},{"start":{"line":405,"column":12},"end":{"line":405,"column":91}}],"line":403}},"s":{"0":1,"1":1,"2":1,"3":1,"4":0,"5":0,"6":0,"7":1,"8":1,"9":1,"10":1,"11":1,"12":1,"13":1,"14":1,"15":2219,"16":2205,"17":2205,"18":2745,"19":1326,"20":1,"21":2683,"22":277,"23":262,"24":235,"25":2171,"26":1,"27":277,"28":277,"29":277,"30":277,"31":277,"32":277,"33":18,"34":77,"35":87,"36":87,"37":87,"38":96,"39":21,"40":21,"41":96,"42":84,"43":23,"44":72,"45":72,"46":33,"47":39,"48":9,"49":59,"50":59,"51":12,"52":9,"53":9,"54":8,"55":11,"56":10,"57":24,"58":21,"59":20,"60":15,"61":8,"62":5,"63":2,"64":14,"65":124,"66":1,"67":18,"68":18,"69":9,"70":9,"71":96,"72":96,"73":88,"74":84,"75":77,"76":77,"77":17,"78":16,"79":9,"80":9,"81":6,"82":5,"83":45,"84":37,"85":65,"86":235,"87":235,"88":235,"89":235,"90":12,"91":223,"92":129,"93":105,"94":104,"95":1,"96":223,"97":223,"98":55,"99":55,"100":31,"101":8,"102":8,"103":16,"104":16,"105":7,"106":48,"107":116,"108":61,"109":24,"110":20,"111":28,"112":129,"113":132,"114":132,"115":156,"116":105,"117":45,"118":77,"119":156,"120":156,"121":156,"122":137,"123":55,"124":55,"125":82,"126":8,"127":74,"128":3,"129":71,"130":105,"131":32,"132":32,"133":32,"134":29,"135":28,"136":180,"137":150,"138":19,"139":131,"140":55,"141":6},"f":{"0":1,"1":1,"2":2219,"3":2683,"4":277,"5":18,"6":96,"7":77,"8":235,"9":223,"10":132,"11":156,"12":32,"13":180,"14":55,"15":6},"b":{"0":[1,0],"1":[1,1],"2":[0,1],"3":[0,0],"4":[0,0],"5":[62,2683],"6":[277,262,2171],"7":[235,27],"8":[262,40],"9":[18,77,87,12,9,11,24,20,8,14],"10":[21,75],"11":[23,61],"12":[33,39],"13":[9,30],"14":[5,3],"15":[35,53],"16":[17,9,6,45],"17":[12,223],"18":[55,116,24,28],"19":[31,24],"20":[8,16,7],"21":[45,60],"22":[55,82],"23":[8,74],"24":[3,71],"25":[19,131],"26":[4,2]},"_coverageSchema":"332fd63041d2c1bcb487cc26dd0d5f7d97098a6c","hash":"632f4e3e0204305a86294eb9846f2b4283632cd0","contentHash":"6818028d0cfc76d871ce68a4d198ee56_11.6.0"},"F:\\cherow\\build\\src\\cherow.js":{"path":"F:\\cherow\\build\\src\\cherow.js","statementMap":{"0":{"start":{"line":1,"column":0},"end":{"line":52,"column":3}},"1":{"start":{"line":2,"column":4},"end":{"line":8,"column":5}},"2":{"start":{"line":3,"column":16},"end":{"line":3,"column":41}},"3":{"start":{"line":4,"column":8},"end":{"line":4,"column":48}},"4":{"start":{"line":4,"column":29},"end":{"line":4,"column":48}},"5":{"start":{"line":6,"column":9},"end":{"line":8,"column":5}},"6":{"start":{"line":7,"column":8},"end":{"line":7,"column":186}},"7":{"start":{"line":12,"column":8},"end":{"line":12,"column":75}},"8":{"start":{"line":12,"column":25},"end":{"line":12,"column":75}},"9":{"start":{"line":12,"column":57},"end":{"line":12,"column":75}},"10":{"start":{"line":14,"column":4},"end":{"line":14,"column":66}},"11":{"start":{"line":15,"column":21},"end":{"line":15,"column":47}},"12":{"start":{"line":16,"column":19},"end":{"line":16,"column":38}},"13":{"start":{"line":17,"column":4},"end":{"line":17,"column":28}},"14":{"start":{"line":18,"column":19},"end":{"line":18,"column":44}},"15":{"start":{"line":19,"column":4},"end":{"line":19,"column":28}},"16":{"start":{"line":29,"column":8},"end":{"line":29,"column":62}},"17":{"start":{"line":31,"column":4},"end":{"line":31,"column":38}},"18":{"start":{"line":41,"column":8},"end":{"line":41,"column":87}},"19":{"start":{"line":43,"column":4},"end":{"line":43,"column":38}},"20":{"start":{"line":44,"column":4},"end":{"line":44,"column":36}},"21":{"start":{"line":45,"column":4},"end":{"line":45,"column":33}},"22":{"start":{"line":46,"column":4},"end":{"line":46,"column":36}},"23":{"start":{"line":47,"column":4},"end":{"line":47,"column":34}},"24":{"start":{"line":48,"column":4},"end":{"line":48,"column":35}},"25":{"start":{"line":49,"column":4},"end":{"line":49,"column":33}},"26":{"start":{"line":50,"column":4},"end":{"line":50,"column":35}},"27":{"start":{"line":51,"column":4},"end":{"line":51,"column":37}}},"fnMap":{"0":{"name":"(anonymous_0)","decl":{"start":{"line":1,"column":1},"end":{"line":1,"column":2}},"loc":{"start":{"line":1,"column":20},"end":{"line":9,"column":1}},"line":1},"1":{"name":"(anonymous_1)","decl":{"start":{"line":9,"column":3},"end":{"line":9,"column":4}},"loc":{"start":{"line":9,"column":31},"end":{"line":52,"column":1}},"line":9},"2":{"name":"__export","decl":{"start":{"line":11,"column":13},"end":{"line":11,"column":21}},"loc":{"start":{"line":11,"column":25},"end":{"line":13,"column":5}},"line":11},"3":{"name":"parseScript","decl":{"start":{"line":28,"column":13},"end":{"line":28,"column":24}},"loc":{"start":{"line":28,"column":42},"end":{"line":30,"column":5}},"line":28},"4":{"name":"parseModule","decl":{"start":{"line":40,"column":13},"end":{"line":40,"column":24}},"loc":{"start":{"line":40,"column":42},"end":{"line":42,"column":5}},"line":40}},"branchMap":{"0":{"loc":{"start":{"line":2,"column":4},"end":{"line":8,"column":5}},"type":"if","locations":[{"start":{"line":2,"column":4},"end":{"line":8,"column":5}},{"start":{"line":2,"column":4},"end":{"line":8,"column":5}}],"line":2},"1":{"loc":{"start":{"line":2,"column":8},"end":{"line":2,"column":72}},"type":"binary-expr","locations":[{"start":{"line":2,"column":8},"end":{"line":2,"column":34}},{"start":{"line":2,"column":38},"end":{"line":2,"column":72}}],"line":2},"2":{"loc":{"start":{"line":4,"column":8},"end":{"line":4,"column":48}},"type":"if","locations":[{"start":{"line":4,"column":8},"end":{"line":4,"column":48}},{"start":{"line":4,"column":8},"end":{"line":4,"column":48}}],"line":4},"3":{"loc":{"start":{"line":6,"column":9},"end":{"line":8,"column":5}},"type":"if","locations":[{"start":{"line":6,"column":9},"end":{"line":8,"column":5}},{"start":{"line":6,"column":9},"end":{"line":8,"column":5}}],"line":6},"4":{"loc":{"start":{"line":6,"column":13},"end":{"line":6,"column":55}},"type":"binary-expr","locations":[{"start":{"line":6,"column":13},"end":{"line":6,"column":41}},{"start":{"line":6,"column":45},"end":{"line":6,"column":55}}],"line":6},"5":{"loc":{"start":{"line":12,"column":25},"end":{"line":12,"column":75}},"type":"if","locations":[{"start":{"line":12,"column":25},"end":{"line":12,"column":75}},{"start":{"line":12,"column":25},"end":{"line":12,"column":75}}],"line":12}},"s":{"0":1,"1":1,"2":1,"3":1,"4":0,"5":0,"6":0,"7":7,"8":72,"9":72,"10":1,"11":1,"12":1,"13":1,"14":1,"15":1,"16":4645,"17":1,"18":209,"19":1,"20":1,"21":1,"22":1,"23":1,"24":1,"25":1,"26":1,"27":1},"f":{"0":1,"1":1,"2":7,"3":4645,"4":209},"b":{"0":[1,0],"1":[1,1],"2":[0,1],"3":[0,0],"4":[0,0],"5":[72,0]},"_coverageSchema":"332fd63041d2c1bcb487cc26dd0d5f7d97098a6c","hash":"324df92ddd24b258bf1d5c049f7b5090ebf4a794","contentHash":"7ac4979356c19ef78e67ab595afb3e8f_11.6.0"},"F:\\cherow\\build\\src\\estree.js":{"path":"F:\\cherow\\build\\src\\estree.js","statementMap":{"0":{"start":{"line":1,"column":0},"end":{"line":12,"column":3}},"1":{"start":{"line":2,"column":4},"end":{"line":8,"column":5}},"2":{"start":{"line":3,"column":16},"end":{"line":3,"column":41}},"3":{"start":{"line":4,"column":8},"end":{"line":4,"column":48}},"4":{"start":{"line":4,"column":29},"end":{"line":4,"column":48}},"5":{"start":{"line":6,"column":9},"end":{"line":8,"column":5}},"6":{"start":{"line":7,"column":8},"end":{"line":7,"column":48}},"7":{"start":{"line":11,"column":4},"end":{"line":11,"column":66}}},"fnMap":{"0":{"name":"(anonymous_0)","decl":{"start":{"line":1,"column":1},"end":{"line":1,"column":2}},"loc":{"start":{"line":1,"column":20},"end":{"line":9,"column":1}},"line":1},"1":{"name":"(anonymous_1)","decl":{"start":{"line":9,"column":3},"end":{"line":9,"column":4}},"loc":{"start":{"line":9,"column":31},"end":{"line":12,"column":1}},"line":9}},"branchMap":{"0":{"loc":{"start":{"line":2,"column":4},"end":{"line":8,"column":5}},"type":"if","locations":[{"start":{"line":2,"column":4},"end":{"line":8,"column":5}},{"start":{"line":2,"column":4},"end":{"line":8,"column":5}}],"line":2},"1":{"loc":{"start":{"line":2,"column":8},"end":{"line":2,"column":72}},"type":"binary-expr","locations":[{"start":{"line":2,"column":8},"end":{"line":2,"column":34}},{"start":{"line":2,"column":38},"end":{"line":2,"column":72}}],"line":2},"2":{"loc":{"start":{"line":4,"column":8},"end":{"line":4,"column":48}},"type":"if","locations":[{"start":{"line":4,"column":8},"end":{"line":4,"column":48}},{"start":{"line":4,"column":8},"end":{"line":4,"column":48}}],"line":4},"3":{"loc":{"start":{"line":6,"column":9},"end":{"line":8,"column":5}},"type":"if","locations":[{"start":{"line":6,"column":9},"end":{"line":8,"column":5}},{"start":{"line":6,"column":9},"end":{"line":8,"column":5}}],"line":6},"4":{"loc":{"start":{"line":6,"column":13},"end":{"line":6,"column":55}},"type":"binary-expr","locations":[{"start":{"line":6,"column":13},"end":{"line":6,"column":41}},{"start":{"line":6,"column":45},"end":{"line":6,"column":55}}],"line":6}},"s":{"0":1,"1":1,"2":1,"3":1,"4":0,"5":0,"6":0,"7":1},"f":{"0":1,"1":1},"b":{"0":[1,0],"1":[1,1],"2":[0,1],"3":[0,0],"4":[0,0]},"_coverageSchema":"332fd63041d2c1bcb487cc26dd0d5f7d97098a6c","hash":"7cf6b6a34ee66effac625171dba02b586d3c5076","contentHash":"6b0a646857c57205d2f66c68ac7b76d5_11.6.0"},"F:\\cherow\\build\\src\\parser\\index.js":{"path":"F:\\cherow\\build\\src\\parser\\index.js","statementMap":{"0":{"start":{"line":1,"column":0},"end":{"line":22,"column":3}},"1":{"start":{"line":2,"column":4},"end":{"line":8,"column":5}},"2":{"start":{"line":3,"column":16},"end":{"line":3,"column":41}},"3":{"start":{"line":4,"column":8},"end":{"line":4,"column":48}},"4":{"start":{"line":4,"column":29},"end":{"line":4,"column":48}},"5":{"start":{"line":6,"column":9},"end":{"line":8,"column":5}},"6":{"start":{"line":7,"column":8},"end":{"line":7,"column":145}},"7":{"start":{"line":12,"column":8},"end":{"line":12,"column":75}},"8":{"start":{"line":12,"column":25},"end":{"line":12,"column":75}},"9":{"start":{"line":12,"column":57},"end":{"line":12,"column":75}},"10":{"start":{"line":14,"column":4},"end":{"line":14,"column":66}},"11":{"start":{"line":15,"column":4},"end":{"line":15,"column":40}},"12":{"start":{"line":16,"column":4},"end":{"line":16,"column":39}},"13":{"start":{"line":17,"column":4},"end":{"line":17,"column":34}},"14":{"start":{"line":18,"column":4},"end":{"line":18,"column":34}},"15":{"start":{"line":19,"column":4},"end":{"line":19,"column":35}},"16":{"start":{"line":20,"column":4},"end":{"line":20,"column":38}},"17":{"start":{"line":21,"column":4},"end":{"line":21,"column":31}}},"fnMap":{"0":{"name":"(anonymous_0)","decl":{"start":{"line":1,"column":1},"end":{"line":1,"column":2}},"loc":{"start":{"line":1,"column":20},"end":{"line":9,"column":1}},"line":1},"1":{"name":"(anonymous_1)","decl":{"start":{"line":9,"column":3},"end":{"line":9,"column":4}},"loc":{"start":{"line":9,"column":31},"end":{"line":22,"column":1}},"line":9},"2":{"name":"__export","decl":{"start":{"line":11,"column":13},"end":{"line":11,"column":21}},"loc":{"start":{"line":11,"column":25},"end":{"line":13,"column":5}},"line":11}},"branchMap":{"0":{"loc":{"start":{"line":2,"column":4},"end":{"line":8,"column":5}},"type":"if","locations":[{"start":{"line":2,"column":4},"end":{"line":8,"column":5}},{"start":{"line":2,"column":4},"end":{"line":8,"column":5}}],"line":2},"1":{"loc":{"start":{"line":2,"column":8},"end":{"line":2,"column":72}},"type":"binary-expr","locations":[{"start":{"line":2,"column":8},"end":{"line":2,"column":34}},{"start":{"line":2,"column":38},"end":{"line":2,"column":72}}],"line":2},"2":{"loc":{"start":{"line":4,"column":8},"end":{"line":4,"column":48}},"type":"if","locations":[{"start":{"line":4,"column":8},"end":{"line":4,"column":48}},{"start":{"line":4,"column":8},"end":{"line":4,"column":48}}],"line":4},"3":{"loc":{"start":{"line":6,"column":9},"end":{"line":8,"column":5}},"type":"if","locations":[{"start":{"line":6,"column":9},"end":{"line":8,"column":5}},{"start":{"line":6,"column":9},"end":{"line":8,"column":5}}],"line":6},"4":{"loc":{"start":{"line":6,"column":13},"end":{"line":6,"column":55}},"type":"binary-expr","locations":[{"start":{"line":6,"column":13},"end":{"line":6,"column":41}},{"start":{"line":6,"column":45},"end":{"line":6,"column":55}}],"line":6},"5":{"loc":{"start":{"line":12,"column":25},"end":{"line":12,"column":75}},"type":"if","locations":[{"start":{"line":12,"column":25},"end":{"line":12,"column":75}},{"start":{"line":12,"column":25},"end":{"line":12,"column":75}}],"line":12}},"s":{"0":1,"1":1,"2":1,"3":1,"4":0,"5":0,"6":0,"7":7,"8":78,"9":78,"10":1,"11":1,"12":1,"13":1,"14":1,"15":1,"16":1,"17":1},"f":{"0":1,"1":1,"2":7},"b":{"0":[1,0],"1":[1,1],"2":[0,1],"3":[0,0],"4":[0,0],"5":[78,0]},"_coverageSchema":"332fd63041d2c1bcb487cc26dd0d5f7d97098a6c","hash":"3377a3cb76ed6caacdc1fe0c11c975a56d35e1be","contentHash":"c82475acc276fb2fd720638cc6339e37_11.6.0"},"F:\\cherow\\build\\src\\chars.js":{"path":"F:\\cherow\\build\\src\\chars.js","statementMap":{"0":{"start":{"line":4,"column":0},"end":{"line":15,"column":3}},"1":{"start":{"line":5,"column":4},"end":{"line":11,"column":5}},"2":{"start":{"line":6,"column":16},"end":{"line":6,"column":41}},"3":{"start":{"line":7,"column":8},"end":{"line":7,"column":48}},"4":{"start":{"line":7,"column":29},"end":{"line":7,"column":48}},"5":{"start":{"line":9,"column":9},"end":{"line":11,"column":5}},"6":{"start":{"line":10,"column":8},"end":{"line":10,"column":48}},"7":{"start":{"line":14,"column":4},"end":{"line":14,"column":66}}},"fnMap":{"0":{"name":"(anonymous_0)","decl":{"start":{"line":4,"column":1},"end":{"line":4,"column":2}},"loc":{"start":{"line":4,"column":20},"end":{"line":12,"column":1}},"line":4},"1":{"name":"(anonymous_1)","decl":{"start":{"line":12,"column":3},"end":{"line":12,"column":4}},"loc":{"start":{"line":12,"column":31},"end":{"line":15,"column":1}},"line":12}},"branchMap":{"0":{"loc":{"start":{"line":5,"column":4},"end":{"line":11,"column":5}},"type":"if","locations":[{"start":{"line":5,"column":4},"end":{"line":11,"column":5}},{"start":{"line":5,"column":4},"end":{"line":11,"column":5}}],"line":5},"1":{"loc":{"start":{"line":5,"column":8},"end":{"line":5,"column":72}},"type":"binary-expr","locations":[{"start":{"line":5,"column":8},"end":{"line":5,"column":34}},{"start":{"line":5,"column":38},"end":{"line":5,"column":72}}],"line":5},"2":{"loc":{"start":{"line":7,"column":8},"end":{"line":7,"column":48}},"type":"if","locations":[{"start":{"line":7,"column":8},"end":{"line":7,"column":48}},{"start":{"line":7,"column":8},"end":{"line":7,"column":48}}],"line":7},"3":{"loc":{"start":{"line":9,"column":9},"end":{"line":11,"column":5}},"type":"if","locations":[{"start":{"line":9,"column":9},"end":{"line":11,"column":5}},{"start":{"line":9,"column":9},"end":{"line":11,"column":5}}],"line":9},"4":{"loc":{"start":{"line":9,"column":13},"end":{"line":9,"column":55}},"type":"binary-expr","locations":[{"start":{"line":9,"column":13},"end":{"line":9,"column":41}},{"start":{"line":9,"column":45},"end":{"line":9,"column":55}}],"line":9}},"s":{"0":1,"1":1,"2":1,"3":1,"4":0,"5":0,"6":0,"7":1},"f":{"0":1,"1":1},"b":{"0":[1,0],"1":[1,1],"2":[0,1],"3":[0,0],"4":[0,0]},"_coverageSchema":"332fd63041d2c1bcb487cc26dd0d5f7d97098a6c","hash":"4c4da8f09182e0a2860bd2932157cfd22d0f9a96","contentHash":"239d6a1b0e807dd595c7db2bf08c2a9a_11.6.0"}}