{"F:\\cherow\\build\\src\\cherow.js":{"path":"F:\\cherow\\build\\src\\cherow.js","statementMap":{"0":{"start":{"line":1,"column":0},"end":{"line":25,"column":3}},"1":{"start":{"line":2,"column":4},"end":{"line":8,"column":5}},"2":{"start":{"line":3,"column":16},"end":{"line":3,"column":41}},"3":{"start":{"line":4,"column":8},"end":{"line":4,"column":48}},"4":{"start":{"line":4,"column":29},"end":{"line":4,"column":48}},"5":{"start":{"line":6,"column":9},"end":{"line":8,"column":5}},"6":{"start":{"line":7,"column":8},"end":{"line":7,"column":60}},"7":{"start":{"line":11,"column":4},"end":{"line":11,"column":66}},"8":{"start":{"line":12,"column":21},"end":{"line":12,"column":40}},"9":{"start":{"line":15,"column":8},"end":{"line":16,"column":46}},"10":{"start":{"line":16,"column":12},"end":{"line":16,"column":46}},"11":{"start":{"line":17,"column":8},"end":{"line":17,"column":78}},"12":{"start":{"line":19,"column":4},"end":{"line":19,"column":38}},"13":{"start":{"line":22,"column":8},"end":{"line":22,"column":97}},"14":{"start":{"line":24,"column":4},"end":{"line":24,"column":38}}},"fnMap":{"0":{"name":"(anonymous_0)","decl":{"start":{"line":1,"column":1},"end":{"line":1,"column":2}},"loc":{"start":{"line":1,"column":20},"end":{"line":9,"column":1}},"line":1},"1":{"name":"(anonymous_1)","decl":{"start":{"line":9,"column":3},"end":{"line":9,"column":4}},"loc":{"start":{"line":9,"column":31},"end":{"line":25,"column":1}},"line":9},"2":{"name":"parseScript","decl":{"start":{"line":14,"column":13},"end":{"line":14,"column":24}},"loc":{"start":{"line":14,"column":42},"end":{"line":18,"column":5}},"line":14},"3":{"name":"parseModule","decl":{"start":{"line":21,"column":13},"end":{"line":21,"column":24}},"loc":{"start":{"line":21,"column":42},"end":{"line":23,"column":5}},"line":21}},"branchMap":{"0":{"loc":{"start":{"line":2,"column":4},"end":{"line":8,"column":5}},"type":"if","locations":[{"start":{"line":2,"column":4},"end":{"line":8,"column":5}},{"start":{"line":2,"column":4},"end":{"line":8,"column":5}}],"line":2},"1":{"loc":{"start":{"line":2,"column":8},"end":{"line":2,"column":72}},"type":"binary-expr","locations":[{"start":{"line":2,"column":8},"end":{"line":2,"column":34}},{"start":{"line":2,"column":38},"end":{"line":2,"column":72}}],"line":2},"2":{"loc":{"start":{"line":4,"column":8},"end":{"line":4,"column":48}},"type":"if","locations":[{"start":{"line":4,"column":8},"end":{"line":4,"column":48}},{"start":{"line":4,"column":8},"end":{"line":4,"column":48}}],"line":4},"3":{"loc":{"start":{"line":6,"column":9},"end":{"line":8,"column":5}},"type":"if","locations":[{"start":{"line":6,"column":9},"end":{"line":8,"column":5}},{"start":{"line":6,"column":9},"end":{"line":8,"column":5}}],"line":6},"4":{"loc":{"start":{"line":6,"column":13},"end":{"line":6,"column":55}},"type":"binary-expr","locations":[{"start":{"line":6,"column":13},"end":{"line":6,"column":41}},{"start":{"line":6,"column":45},"end":{"line":6,"column":55}}],"line":6},"5":{"loc":{"start":{"line":15,"column":8},"end":{"line":16,"column":46}},"type":"if","locations":[{"start":{"line":15,"column":8},"end":{"line":16,"column":46}},{"start":{"line":15,"column":8},"end":{"line":16,"column":46}}],"line":15},"6":{"loc":{"start":{"line":15,"column":12},"end":{"line":15,"column":44}},"type":"binary-expr","locations":[{"start":{"line":15,"column":12},"end":{"line":15,"column":19}},{"start":{"line":15,"column":23},"end":{"line":15,"column":44}}],"line":15}},"s":{"0":1,"1":1,"2":1,"3":1,"4":0,"5":0,"6":0,"7":1,"8":1,"9":2126,"10":1,"11":2126,"12":1,"13":130,"14":1},"f":{"0":1,"1":1,"2":2126,"3":130},"b":{"0":[1,0],"1":[1,1],"2":[0,1],"3":[0,0],"4":[0,0],"5":[1,2125],"6":[2126,2126]},"_coverageSchema":"332fd63041d2c1bcb487cc26dd0d5f7d97098a6c","hash":"b90e423ff5ff48bac228a515bb28bf52db38b510","contentHash":"a3e81dd53d768e43adacdd95515baad6_11.4.0"},"F:\\cherow\\build\\src\\parser.js":{"path":"F:\\cherow\\build\\src\\parser.js","statementMap":{"0":{"start":{"line":1,"column":0},"end":{"line":4961,"column":3}},"1":{"start":{"line":2,"column":4},"end":{"line":8,"column":5}},"2":{"start":{"line":3,"column":16},"end":{"line":3,"column":41}},"3":{"start":{"line":4,"column":8},"end":{"line":4,"column":48}},"4":{"start":{"line":4,"column":29},"end":{"line":4,"column":48}},"5":{"start":{"line":6,"column":9},"end":{"line":8,"column":5}},"6":{"start":{"line":7,"column":8},"end":{"line":7,"column":110}},"7":{"start":{"line":11,"column":4},"end":{"line":11,"column":66}},"8":{"start":{"line":12,"column":21},"end":{"line":12,"column":40}},"9":{"start":{"line":13,"column":23},"end":{"line":13,"column":44}},"10":{"start":{"line":14,"column":20},"end":{"line":14,"column":38}},"11":{"start":{"line":15,"column":21},"end":{"line":15,"column":40}},"12":{"start":{"line":16,"column":22},"end":{"line":16,"column":42}},"13":{"start":{"line":19,"column":12},"end":{"line":19,"column":38}},"14":{"start":{"line":20,"column":12},"end":{"line":20,"column":33}},"15":{"start":{"line":21,"column":12},"end":{"line":21,"column":27}},"16":{"start":{"line":22,"column":12},"end":{"line":22,"column":28}},"17":{"start":{"line":23,"column":12},"end":{"line":23,"column":26}},"18":{"start":{"line":24,"column":12},"end":{"line":24,"column":31}},"19":{"start":{"line":25,"column":12},"end":{"line":25,"column":32}},"20":{"start":{"line":26,"column":12},"end":{"line":26,"column":30}},"21":{"start":{"line":27,"column":12},"end":{"line":27,"column":32}},"22":{"start":{"line":28,"column":12},"end":{"line":28,"column":33}},"23":{"start":{"line":29,"column":12},"end":{"line":29,"column":31}},"24":{"start":{"line":30,"column":12},"end":{"line":30,"column":31}},"25":{"start":{"line":31,"column":12},"end":{"line":31,"column":27}},"26":{"start":{"line":32,"column":12},"end":{"line":32,"column":40}},"27":{"start":{"line":33,"column":12},"end":{"line":33,"column":38}},"28":{"start":{"line":34,"column":12},"end":{"line":34,"column":38}},"29":{"start":{"line":35,"column":12},"end":{"line":35,"column":43}},"30":{"start":{"line":36,"column":12},"end":{"line":36,"column":41}},"31":{"start":{"line":37,"column":12},"end":{"line":37,"column":43}},"32":{"start":{"line":38,"column":12},"end":{"line":38,"column":40}},"33":{"start":{"line":39,"column":12},"end":{"line":39,"column":41}},"34":{"start":{"line":40,"column":12},"end":{"line":40,"column":38}},"35":{"start":{"line":41,"column":12},"end":{"line":41,"column":38}},"36":{"start":{"line":42,"column":12},"end":{"line":42,"column":40}},"37":{"start":{"line":43,"column":12},"end":{"line":69,"column":13}},"38":{"start":{"line":44,"column":16},"end":{"line":45,"column":61}},"39":{"start":{"line":45,"column":20},"end":{"line":45,"column":61}},"40":{"start":{"line":46,"column":16},"end":{"line":47,"column":59}},"41":{"start":{"line":47,"column":20},"end":{"line":47,"column":59}},"42":{"start":{"line":48,"column":16},"end":{"line":49,"column":59}},"43":{"start":{"line":49,"column":20},"end":{"line":49,"column":59}},"44":{"start":{"line":50,"column":16},"end":{"line":51,"column":61}},"45":{"start":{"line":51,"column":20},"end":{"line":51,"column":61}},"46":{"start":{"line":52,"column":16},"end":{"line":53,"column":59}},"47":{"start":{"line":53,"column":20},"end":{"line":53,"column":59}},"48":{"start":{"line":54,"column":16},"end":{"line":55,"column":70}},"49":{"start":{"line":55,"column":20},"end":{"line":55,"column":70}},"50":{"start":{"line":56,"column":16},"end":{"line":57,"column":67}},"51":{"start":{"line":57,"column":20},"end":{"line":57,"column":67}},"52":{"start":{"line":58,"column":16},"end":{"line":59,"column":53}},"53":{"start":{"line":59,"column":20},"end":{"line":59,"column":53}},"54":{"start":{"line":60,"column":16},"end":{"line":63,"column":17}},"55":{"start":{"line":61,"column":20},"end":{"line":61,"column":62}},"56":{"start":{"line":62,"column":20},"end":{"line":62,"column":52}},"57":{"start":{"line":64,"column":16},"end":{"line":68,"column":17}},"58":{"start":{"line":65,"column":20},"end":{"line":67,"column":21}},"59":{"start":{"line":66,"column":24},"end":{"line":66,"column":49}},"60":{"start":{"line":73,"column":12},"end":{"line":73,"column":44}},"61":{"start":{"line":74,"column":25},"end":{"line":74,"column":78}},"62":{"start":{"line":75,"column":12},"end":{"line":79,"column":15}},"63":{"start":{"line":83,"column":12},"end":{"line":83,"column":44}},"64":{"start":{"line":84,"column":25},"end":{"line":84,"column":58}},"65":{"start":{"line":85,"column":12},"end":{"line":89,"column":15}},"66":{"start":{"line":92,"column":12},"end":{"line":93,"column":80}},"67":{"start":{"line":93,"column":16},"end":{"line":93,"column":80}},"68":{"start":{"line":94,"column":12},"end":{"line":94,"column":77}},"69":{"start":{"line":98,"column":12},"end":{"line":98,"column":79}},"70":{"start":{"line":101,"column":12},"end":{"line":116,"column":14}},"71":{"start":{"line":119,"column":12},"end":{"line":119,"column":37}},"72":{"start":{"line":120,"column":12},"end":{"line":120,"column":39}},"73":{"start":{"line":121,"column":12},"end":{"line":121,"column":35}},"74":{"start":{"line":122,"column":12},"end":{"line":122,"column":37}},"75":{"start":{"line":123,"column":12},"end":{"line":123,"column":47}},"76":{"start":{"line":124,"column":12},"end":{"line":124,"column":47}},"77":{"start":{"line":125,"column":12},"end":{"line":125,"column":45}},"78":{"start":{"line":126,"column":12},"end":{"line":126,"column":43}},"79":{"start":{"line":127,"column":12},"end":{"line":127,"column":45}},"80":{"start":{"line":128,"column":12},"end":{"line":128,"column":49}},"81":{"start":{"line":129,"column":12},"end":{"line":129,"column":47}},"82":{"start":{"line":130,"column":12},"end":{"line":130,"column":49}},"83":{"start":{"line":131,"column":12},"end":{"line":131,"column":43}},"84":{"start":{"line":132,"column":12},"end":{"line":132,"column":37}},"85":{"start":{"line":135,"column":12},"end":{"line":135,"column":40}},"86":{"start":{"line":136,"column":12},"end":{"line":136,"column":42}},"87":{"start":{"line":137,"column":12},"end":{"line":137,"column":38}},"88":{"start":{"line":138,"column":12},"end":{"line":140,"column":13}},"89":{"start":{"line":139,"column":16},"end":{"line":139,"column":42}},"90":{"start":{"line":141,"column":12},"end":{"line":141,"column":44}},"91":{"start":{"line":144,"column":12},"end":{"line":144,"column":51}},"92":{"start":{"line":147,"column":12},"end":{"line":147,"column":54}},"93":{"start":{"line":150,"column":12},"end":{"line":150,"column":65}},"94":{"start":{"line":153,"column":12},"end":{"line":153,"column":27}},"95":{"start":{"line":154,"column":12},"end":{"line":155,"column":32}},"96":{"start":{"line":155,"column":16},"end":{"line":155,"column":32}},"97":{"start":{"line":156,"column":12},"end":{"line":156,"column":42}},"98":{"start":{"line":159,"column":24},"end":{"line":159,"column":34}},"99":{"start":{"line":160,"column":21},"end":{"line":160,"column":50}},"100":{"start":{"line":161,"column":12},"end":{"line":162,"column":26}},"101":{"start":{"line":162,"column":16},"end":{"line":162,"column":26}},"102":{"start":{"line":163,"column":23},"end":{"line":163,"column":56}},"103":{"start":{"line":164,"column":12},"end":{"line":165,"column":26}},"104":{"start":{"line":165,"column":16},"end":{"line":165,"column":26}},"105":{"start":{"line":166,"column":22},"end":{"line":166,"column":32}},"106":{"start":{"line":167,"column":12},"end":{"line":167,"column":66}},"107":{"start":{"line":170,"column":12},"end":{"line":170,"column":25}},"108":{"start":{"line":171,"column":12},"end":{"line":171,"column":26}},"109":{"start":{"line":174,"column":12},"end":{"line":174,"column":53}},"110":{"start":{"line":175,"column":12},"end":{"line":175,"column":25}},"111":{"start":{"line":176,"column":12},"end":{"line":179,"column":13}},"112":{"start":{"line":177,"column":16},"end":{"line":177,"column":32}},"113":{"start":{"line":178,"column":16},"end":{"line":178,"column":28}},"114":{"start":{"line":182,"column":12},"end":{"line":183,"column":29}},"115":{"start":{"line":183,"column":16},"end":{"line":183,"column":29}},"116":{"start":{"line":184,"column":12},"end":{"line":184,"column":27}},"117":{"start":{"line":185,"column":12},"end":{"line":185,"column":24}},"118":{"start":{"line":194,"column":12},"end":{"line":194,"column":88}},"119":{"start":{"line":195,"column":24},"end":{"line":195,"column":64}},"120":{"start":{"line":196,"column":12},"end":{"line":197,"column":29}},"121":{"start":{"line":197,"column":16},"end":{"line":197,"column":29}},"122":{"start":{"line":198,"column":12},"end":{"line":620,"column":13}},"123":{"start":{"line":199,"column":28},"end":{"line":199,"column":43}},"124":{"start":{"line":200,"column":16},"end":{"line":204,"column":17}},"125":{"start":{"line":203,"column":20},"end":{"line":203,"column":51}},"126":{"start":{"line":205,"column":16},"end":{"line":205,"column":45}},"127":{"start":{"line":206,"column":16},"end":{"line":206,"column":47}},"128":{"start":{"line":207,"column":16},"end":{"line":207,"column":43}},"129":{"start":{"line":208,"column":16},"end":{"line":619,"column":17}},"130":{"start":{"line":210,"column":24},"end":{"line":210,"column":70}},"131":{"start":{"line":211,"column":24},"end":{"line":211,"column":50}},"132":{"start":{"line":212,"column":24},"end":{"line":212,"column":33}},"133":{"start":{"line":214,"column":24},"end":{"line":214,"column":78}},"134":{"start":{"line":215,"column":24},"end":{"line":215,"column":78}},"135":{"start":{"line":216,"column":24},"end":{"line":216,"column":33}},"136":{"start":{"line":219,"column":24},"end":{"line":219,"column":78}},"137":{"start":{"line":220,"column":24},"end":{"line":220,"column":50}},"138":{"start":{"line":221,"column":24},"end":{"line":221,"column":33}},"139":{"start":{"line":245,"column":24},"end":{"line":245,"column":39}},"140":{"start":{"line":246,"column":24},"end":{"line":246,"column":33}},"141":{"start":{"line":250,"column":28},"end":{"line":250,"column":43}},"142":{"start":{"line":251,"column":41},"end":{"line":251,"column":56}},"143":{"start":{"line":252,"column":28},"end":{"line":262,"column":29}},"144":{"start":{"line":253,"column":32},"end":{"line":253,"column":79}},"145":{"start":{"line":254,"column":32},"end":{"line":254,"column":41}},"146":{"start":{"line":256,"column":33},"end":{"line":262,"column":29}},"147":{"start":{"line":257,"column":32},"end":{"line":257,"column":77}},"148":{"start":{"line":258,"column":32},"end":{"line":258,"column":41}},"149":{"start":{"line":260,"column":33},"end":{"line":262,"column":29}},"150":{"start":{"line":261,"column":32},"end":{"line":261,"column":66}},"151":{"start":{"line":263,"column":28},"end":{"line":263,"column":56}},"152":{"start":{"line":268,"column":28},"end":{"line":268,"column":43}},"153":{"start":{"line":269,"column":39},"end":{"line":269,"column":54}},"154":{"start":{"line":270,"column":28},"end":{"line":302,"column":29}},"155":{"start":{"line":273,"column":40},"end":{"line":273,"column":55}},"156":{"start":{"line":274,"column":40},"end":{"line":276,"column":41}},"157":{"start":{"line":275,"column":44},"end":{"line":275,"column":81}},"158":{"start":{"line":277,"column":40},"end":{"line":277,"column":71}},"159":{"start":{"line":280,"column":36},"end":{"line":280,"column":51}},"160":{"start":{"line":281,"column":36},"end":{"line":281,"column":73}},"161":{"start":{"line":284,"column":40},"end":{"line":287,"column":41}},"162":{"start":{"line":285,"column":44},"end":{"line":285,"column":59}},"163":{"start":{"line":286,"column":44},"end":{"line":286,"column":69}},"164":{"start":{"line":291,"column":40},"end":{"line":298,"column":41}},"165":{"start":{"line":292,"column":44},"end":{"line":292,"column":59}},"166":{"start":{"line":293,"column":44},"end":{"line":296,"column":45}},"167":{"start":{"line":295,"column":48},"end":{"line":295,"column":95}},"168":{"start":{"line":297,"column":44},"end":{"line":297,"column":53}},"169":{"start":{"line":301,"column":36},"end":{"line":301,"column":66}},"170":{"start":{"line":307,"column":28},"end":{"line":307,"column":43}},"171":{"start":{"line":308,"column":41},"end":{"line":308,"column":56}},"172":{"start":{"line":309,"column":28},"end":{"line":326,"column":29}},"173":{"start":{"line":312,"column":40},"end":{"line":312,"column":55}},"174":{"start":{"line":313,"column":40},"end":{"line":314,"column":74}},"175":{"start":{"line":314,"column":44},"end":{"line":314,"column":74}},"176":{"start":{"line":315,"column":40},"end":{"line":318,"column":41}},"177":{"start":{"line":316,"column":44},"end":{"line":316,"column":91}},"178":{"start":{"line":317,"column":44},"end":{"line":317,"column":53}},"179":{"start":{"line":319,"column":40},"end":{"line":319,"column":70}},"180":{"start":{"line":322,"column":36},"end":{"line":322,"column":51}},"181":{"start":{"line":323,"column":36},"end":{"line":323,"column":72}},"182":{"start":{"line":325,"column":36},"end":{"line":325,"column":66}},"183":{"start":{"line":330,"column":24},"end":{"line":330,"column":39}},"184":{"start":{"line":331,"column":24},"end":{"line":335,"column":25}},"185":{"start":{"line":333,"column":28},"end":{"line":333,"column":53}},"186":{"start":{"line":334,"column":28},"end":{"line":334,"column":37}},"187":{"start":{"line":336,"column":24},"end":{"line":336,"column":46}},"188":{"start":{"line":339,"column":24},"end":{"line":339,"column":39}},"189":{"start":{"line":340,"column":24},"end":{"line":340,"column":54}},"190":{"start":{"line":343,"column":24},"end":{"line":343,"column":39}},"191":{"start":{"line":344,"column":24},"end":{"line":344,"column":51}},"192":{"start":{"line":347,"column":24},"end":{"line":347,"column":39}},"193":{"start":{"line":348,"column":24},"end":{"line":348,"column":56}},"194":{"start":{"line":351,"column":24},"end":{"line":351,"column":39}},"195":{"start":{"line":352,"column":24},"end":{"line":352,"column":53}},"196":{"start":{"line":355,"column":24},"end":{"line":355,"column":39}},"197":{"start":{"line":356,"column":24},"end":{"line":356,"column":56}},"198":{"start":{"line":359,"column":24},"end":{"line":359,"column":39}},"199":{"start":{"line":360,"column":24},"end":{"line":360,"column":53}},"200":{"start":{"line":363,"column":24},"end":{"line":363,"column":39}},"201":{"start":{"line":364,"column":24},"end":{"line":364,"column":46}},"202":{"start":{"line":367,"column":24},"end":{"line":367,"column":39}},"203":{"start":{"line":368,"column":24},"end":{"line":368,"column":46}},"204":{"start":{"line":371,"column":24},"end":{"line":371,"column":39}},"205":{"start":{"line":372,"column":24},"end":{"line":372,"column":50}},"206":{"start":{"line":375,"column":24},"end":{"line":375,"column":39}},"207":{"start":{"line":376,"column":24},"end":{"line":376,"column":54}},"208":{"start":{"line":379,"column":24},"end":{"line":379,"column":39}},"209":{"start":{"line":380,"column":24},"end":{"line":380,"column":51}},"210":{"start":{"line":383,"column":24},"end":{"line":383,"column":65}},"211":{"start":{"line":387,"column":24},"end":{"line":387,"column":63}},"212":{"start":{"line":391,"column":28},"end":{"line":391,"column":43}},"213":{"start":{"line":392,"column":41},"end":{"line":392,"column":56}},"214":{"start":{"line":393,"column":28},"end":{"line":396,"column":29}},"215":{"start":{"line":394,"column":32},"end":{"line":394,"column":47}},"216":{"start":{"line":395,"column":32},"end":{"line":395,"column":65}},"217":{"start":{"line":397,"column":28},"end":{"line":400,"column":29}},"218":{"start":{"line":398,"column":32},"end":{"line":398,"column":47}},"219":{"start":{"line":399,"column":32},"end":{"line":399,"column":70}},"220":{"start":{"line":401,"column":28},"end":{"line":401,"column":60}},"221":{"start":{"line":405,"column":24},"end":{"line":405,"column":39}},"222":{"start":{"line":406,"column":24},"end":{"line":407,"column":56}},"223":{"start":{"line":407,"column":28},"end":{"line":407,"column":56}},"224":{"start":{"line":408,"column":24},"end":{"line":408,"column":58}},"225":{"start":{"line":411,"column":24},"end":{"line":411,"column":39}},"226":{"start":{"line":412,"column":24},"end":{"line":413,"column":56}},"227":{"start":{"line":413,"column":28},"end":{"line":413,"column":56}},"228":{"start":{"line":414,"column":24},"end":{"line":415,"column":63}},"229":{"start":{"line":415,"column":28},"end":{"line":415,"column":63}},"230":{"start":{"line":416,"column":24},"end":{"line":416,"column":60}},"231":{"start":{"line":419,"column":24},"end":{"line":419,"column":39}},"232":{"start":{"line":420,"column":24},"end":{"line":421,"column":60}},"233":{"start":{"line":421,"column":28},"end":{"line":421,"column":60}},"234":{"start":{"line":422,"column":24},"end":{"line":422,"column":62}},"235":{"start":{"line":426,"column":28},"end":{"line":426,"column":43}},"236":{"start":{"line":427,"column":28},"end":{"line":428,"column":62}},"237":{"start":{"line":428,"column":32},"end":{"line":428,"column":62}},"238":{"start":{"line":429,"column":41},"end":{"line":429,"column":56}},"239":{"start":{"line":430,"column":28},"end":{"line":433,"column":29}},"240":{"start":{"line":431,"column":32},"end":{"line":431,"column":47}},"241":{"start":{"line":432,"column":32},"end":{"line":432,"column":68}},"242":{"start":{"line":434,"column":28},"end":{"line":435,"column":62}},"243":{"start":{"line":435,"column":32},"end":{"line":435,"column":62}},"244":{"start":{"line":436,"column":28},"end":{"line":436,"column":43}},"245":{"start":{"line":437,"column":28},"end":{"line":438,"column":66}},"246":{"start":{"line":438,"column":32},"end":{"line":438,"column":66}},"247":{"start":{"line":439,"column":28},"end":{"line":439,"column":68}},"248":{"start":{"line":444,"column":28},"end":{"line":444,"column":43}},"249":{"start":{"line":445,"column":28},"end":{"line":446,"column":57}},"250":{"start":{"line":446,"column":32},"end":{"line":446,"column":57}},"251":{"start":{"line":447,"column":41},"end":{"line":447,"column":56}},"252":{"start":{"line":448,"column":28},"end":{"line":451,"column":29}},"253":{"start":{"line":449,"column":32},"end":{"line":449,"column":47}},"254":{"start":{"line":450,"column":32},"end":{"line":450,"column":62}},"255":{"start":{"line":452,"column":28},"end":{"line":455,"column":29}},"256":{"start":{"line":453,"column":32},"end":{"line":453,"column":47}},"257":{"start":{"line":454,"column":32},"end":{"line":454,"column":63}},"258":{"start":{"line":456,"column":28},"end":{"line":456,"column":53}},"259":{"start":{"line":461,"column":28},"end":{"line":461,"column":43}},"260":{"start":{"line":462,"column":41},"end":{"line":462,"column":56}},"261":{"start":{"line":463,"column":28},"end":{"line":475,"column":29}},"262":{"start":{"line":464,"column":32},"end":{"line":464,"column":47}},"263":{"start":{"line":465,"column":32},"end":{"line":470,"column":33}},"264":{"start":{"line":466,"column":36},"end":{"line":466,"column":69}},"265":{"start":{"line":469,"column":36},"end":{"line":469,"column":68}},"266":{"start":{"line":472,"column":33},"end":{"line":475,"column":29}},"267":{"start":{"line":473,"column":32},"end":{"line":473,"column":47}},"268":{"start":{"line":474,"column":32},"end":{"line":474,"column":54}},"269":{"start":{"line":476,"column":28},"end":{"line":476,"column":56}},"270":{"start":{"line":481,"column":28},"end":{"line":481,"column":43}},"271":{"start":{"line":483,"column":28},"end":{"line":484,"column":65}},"272":{"start":{"line":484,"column":32},"end":{"line":484,"column":65}},"273":{"start":{"line":485,"column":39},"end":{"line":485,"column":54}},"274":{"start":{"line":486,"column":28},"end":{"line":489,"column":29}},"275":{"start":{"line":487,"column":32},"end":{"line":487,"column":47}},"276":{"start":{"line":488,"column":32},"end":{"line":488,"column":72}},"277":{"start":{"line":490,"column":28},"end":{"line":491,"column":65}},"278":{"start":{"line":491,"column":32},"end":{"line":491,"column":65}},"279":{"start":{"line":492,"column":28},"end":{"line":492,"column":43}},"280":{"start":{"line":493,"column":28},"end":{"line":493,"column":51}},"281":{"start":{"line":494,"column":28},"end":{"line":506,"column":29}},"282":{"start":{"line":495,"column":32},"end":{"line":495,"column":47}},"283":{"start":{"line":496,"column":32},"end":{"line":501,"column":33}},"284":{"start":{"line":497,"column":36},"end":{"line":497,"column":81}},"285":{"start":{"line":500,"column":36},"end":{"line":500,"column":75}},"286":{"start":{"line":503,"column":33},"end":{"line":506,"column":29}},"287":{"start":{"line":504,"column":32},"end":{"line":504,"column":47}},"288":{"start":{"line":505,"column":32},"end":{"line":505,"column":70}},"289":{"start":{"line":507,"column":28},"end":{"line":507,"column":60}},"290":{"start":{"line":512,"column":28},"end":{"line":512,"column":43}},"291":{"start":{"line":513,"column":41},"end":{"line":513,"column":56}},"292":{"start":{"line":514,"column":28},"end":{"line":521,"column":29}},"293":{"start":{"line":515,"column":32},"end":{"line":515,"column":47}},"294":{"start":{"line":516,"column":32},"end":{"line":516,"column":64}},"295":{"start":{"line":518,"column":33},"end":{"line":521,"column":29}},"296":{"start":{"line":519,"column":32},"end":{"line":519,"column":47}},"297":{"start":{"line":520,"column":32},"end":{"line":520,"column":69}},"298":{"start":{"line":522,"column":28},"end":{"line":522,"column":59}},"299":{"start":{"line":527,"column":40},"end":{"line":527,"column":54}},"300":{"start":{"line":528,"column":41},"end":{"line":528,"column":70}},"301":{"start":{"line":529,"column":28},"end":{"line":532,"column":29}},"302":{"start":{"line":530,"column":32},"end":{"line":530,"column":64}},"303":{"start":{"line":531,"column":32},"end":{"line":531,"column":67}},"304":{"start":{"line":533,"column":28},"end":{"line":541,"column":29}},"305":{"start":{"line":534,"column":32},"end":{"line":534,"column":40}},"306":{"start":{"line":535,"column":32},"end":{"line":540,"column":33}},"307":{"start":{"line":537,"column":36},"end":{"line":537,"column":59}},"308":{"start":{"line":538,"column":36},"end":{"line":538,"column":53}},"309":{"start":{"line":539,"column":36},"end":{"line":539,"column":61}},"310":{"start":{"line":542,"column":28},"end":{"line":542,"column":43}},"311":{"start":{"line":543,"column":28},"end":{"line":543,"column":51}},"312":{"start":{"line":556,"column":24},"end":{"line":556,"column":63}},"313":{"start":{"line":614,"column":24},"end":{"line":614,"column":67}},"314":{"start":{"line":616,"column":24},"end":{"line":617,"column":90}},"315":{"start":{"line":617,"column":28},"end":{"line":617,"column":90}},"316":{"start":{"line":618,"column":24},"end":{"line":618,"column":91}},"317":{"start":{"line":621,"column":12},"end":{"line":621,"column":39}},"318":{"start":{"line":629,"column":29},"end":{"line":629,"column":39}},"319":{"start":{"line":630,"column":12},"end":{"line":666,"column":13}},"320":{"start":{"line":630,"column":18},"end":{"line":666,"column":13}},"321":{"start":{"line":631,"column":16},"end":{"line":665,"column":17}},"322":{"start":{"line":634,"column":24},"end":{"line":635,"column":39}},"323":{"start":{"line":635,"column":28},"end":{"line":635,"column":39}},"324":{"start":{"line":636,"column":24},"end":{"line":636,"column":50}},"325":{"start":{"line":637,"column":24},"end":{"line":637,"column":50}},"326":{"start":{"line":638,"column":24},"end":{"line":638,"column":30}},"327":{"start":{"line":640,"column":24},"end":{"line":641,"column":39}},"328":{"start":{"line":641,"column":28},"end":{"line":641,"column":39}},"329":{"start":{"line":642,"column":24},"end":{"line":642,"column":78}},"330":{"start":{"line":643,"column":24},"end":{"line":643,"column":58}},"331":{"start":{"line":644,"column":24},"end":{"line":644,"column":30}},"332":{"start":{"line":648,"column":24},"end":{"line":649,"column":39}},"333":{"start":{"line":649,"column":28},"end":{"line":649,"column":39}},"334":{"start":{"line":650,"column":24},"end":{"line":650,"column":58}},"335":{"start":{"line":651,"column":24},"end":{"line":651,"column":50}},"336":{"start":{"line":652,"column":24},"end":{"line":652,"column":30}},"337":{"start":{"line":654,"column":24},"end":{"line":662,"column":25}},"338":{"start":{"line":655,"column":28},"end":{"line":655,"column":43}},"339":{"start":{"line":656,"column":28},"end":{"line":656,"column":55}},"340":{"start":{"line":657,"column":28},"end":{"line":660,"column":29}},"341":{"start":{"line":658,"column":32},"end":{"line":658,"column":61}},"342":{"start":{"line":659,"column":32},"end":{"line":659,"column":43}},"343":{"start":{"line":661,"column":28},"end":{"line":661,"column":34}},"344":{"start":{"line":664,"column":24},"end":{"line":664,"column":39}},"345":{"start":{"line":667,"column":12},"end":{"line":669,"column":13}},"346":{"start":{"line":668,"column":16},"end":{"line":668,"column":56}},"347":{"start":{"line":670,"column":12},"end":{"line":705,"column":13}},"348":{"start":{"line":674,"column":27},"end":{"line":674,"column":71}},"349":{"start":{"line":675,"column":28},"end":{"line":675,"column":112}},"350":{"start":{"line":676,"column":16},"end":{"line":687,"column":17}},"351":{"start":{"line":677,"column":20},"end":{"line":686,"column":22}},"352":{"start":{"line":688,"column":16},"end":{"line":691,"column":17}},"353":{"start":{"line":689,"column":20},"end":{"line":689,"column":44}},"354":{"start":{"line":690,"column":20},"end":{"line":690,"column":37}},"355":{"start":{"line":692,"column":16},"end":{"line":694,"column":17}},"356":{"start":{"line":693,"column":20},"end":{"line":693,"column":64}},"357":{"start":{"line":695,"column":16},"end":{"line":704,"column":17}},"358":{"start":{"line":696,"column":33},"end":{"line":702,"column":21}},"359":{"start":{"line":703,"column":20},"end":{"line":703,"column":45}},"360":{"start":{"line":708,"column":24},"end":{"line":708,"column":34}},"361":{"start":{"line":709,"column":22},"end":{"line":709,"column":24}},"362":{"start":{"line":710,"column":28},"end":{"line":710,"column":33}},"363":{"start":{"line":711,"column":12},"end":{"line":729,"column":13}},"364":{"start":{"line":711,"column":18},"end":{"line":729,"column":13}},"365":{"start":{"line":712,"column":27},"end":{"line":712,"column":42}},"366":{"start":{"line":713,"column":16},"end":{"line":728,"column":17}},"367":{"start":{"line":715,"column":24},"end":{"line":715,"column":41}},"368":{"start":{"line":716,"column":24},"end":{"line":716,"column":68}},"369":{"start":{"line":717,"column":24},"end":{"line":717,"column":80}},"370":{"start":{"line":718,"column":24},"end":{"line":718,"column":43}},"371":{"start":{"line":719,"column":24},"end":{"line":719,"column":30}},"372":{"start":{"line":721,"column":24},"end":{"line":726,"column":25}},"373":{"start":{"line":722,"column":28},"end":{"line":722,"column":58}},"374":{"start":{"line":724,"column":29},"end":{"line":726,"column":25}},"375":{"start":{"line":725,"column":28},"end":{"line":725,"column":39}},"376":{"start":{"line":727,"column":24},"end":{"line":727,"column":39}},"377":{"start":{"line":730,"column":12},"end":{"line":731,"column":60}},"378":{"start":{"line":731,"column":16},"end":{"line":731,"column":60}},"379":{"start":{"line":732,"column":24},"end":{"line":732,"column":34}},"380":{"start":{"line":733,"column":12},"end":{"line":733,"column":34}},"381":{"start":{"line":734,"column":12},"end":{"line":735,"column":60}},"382":{"start":{"line":735,"column":16},"end":{"line":735,"column":60}},"383":{"start":{"line":736,"column":12},"end":{"line":737,"column":50}},"384":{"start":{"line":737,"column":16},"end":{"line":737,"column":50}},"385":{"start":{"line":739,"column":12},"end":{"line":745,"column":13}},"386":{"start":{"line":740,"column":16},"end":{"line":741,"column":66}},"387":{"start":{"line":741,"column":20},"end":{"line":741,"column":66}},"388":{"start":{"line":742,"column":30},"end":{"line":742,"column":54}},"389":{"start":{"line":743,"column":16},"end":{"line":744,"column":33}},"390":{"start":{"line":744,"column":20},"end":{"line":744,"column":33}},"391":{"start":{"line":746,"column":12},"end":{"line":746,"column":46}},"392":{"start":{"line":752,"column":12},"end":{"line":752,"column":27}},"393":{"start":{"line":753,"column":25},"end":{"line":753,"column":57}},"394":{"start":{"line":754,"column":12},"end":{"line":756,"column":13}},"395":{"start":{"line":755,"column":16},"end":{"line":755,"column":57}},"396":{"start":{"line":757,"column":12},"end":{"line":759,"column":13}},"397":{"start":{"line":758,"column":16},"end":{"line":758,"column":65}},"398":{"start":{"line":760,"column":12},"end":{"line":760,"column":27}},"399":{"start":{"line":761,"column":12},"end":{"line":761,"column":24}},"400":{"start":{"line":764,"column":21},"end":{"line":764,"column":36}},"401":{"start":{"line":765,"column":23},"end":{"line":765,"column":24}},"402":{"start":{"line":767,"column":12},"end":{"line":791,"column":13}},"403":{"start":{"line":768,"column":16},"end":{"line":768,"column":70}},"404":{"start":{"line":769,"column":16},"end":{"line":777,"column":17}},"405":{"start":{"line":770,"column":34},"end":{"line":770,"column":52}},"406":{"start":{"line":771,"column":20},"end":{"line":772,"column":70}},"407":{"start":{"line":772,"column":24},"end":{"line":772,"column":70}},"408":{"start":{"line":773,"column":20},"end":{"line":773,"column":47}},"409":{"start":{"line":774,"column":20},"end":{"line":775,"column":30}},"410":{"start":{"line":775,"column":24},"end":{"line":775,"column":30}},"411":{"start":{"line":776,"column":20},"end":{"line":776,"column":74}},"412":{"start":{"line":781,"column":16},"end":{"line":781,"column":42}},"413":{"start":{"line":782,"column":16},"end":{"line":783,"column":66}},"414":{"start":{"line":783,"column":20},"end":{"line":783,"column":66}},"415":{"start":{"line":784,"column":16},"end":{"line":790,"column":17}},"416":{"start":{"line":785,"column":20},"end":{"line":785,"column":74}},"417":{"start":{"line":786,"column":34},"end":{"line":786,"column":52}},"418":{"start":{"line":787,"column":20},"end":{"line":788,"column":70}},"419":{"start":{"line":788,"column":24},"end":{"line":788,"column":70}},"420":{"start":{"line":789,"column":20},"end":{"line":789,"column":45}},"421":{"start":{"line":792,"column":12},"end":{"line":792,"column":24}},"422":{"start":{"line":795,"column":24},"end":{"line":795,"column":34}},"423":{"start":{"line":796,"column":24},"end":{"line":796,"column":25}},"424":{"start":{"line":797,"column":22},"end":{"line":797,"column":24}},"425":{"start":{"line":798,"column":25},"end":{"line":798,"column":46}},"426":{"start":{"line":799,"column":12},"end":{"line":828,"column":13}},"427":{"start":{"line":799,"column":18},"end":{"line":828,"column":13}},"428":{"start":{"line":800,"column":16},"end":{"line":827,"column":17}},"429":{"start":{"line":802,"column":24},"end":{"line":803,"column":34}},"430":{"start":{"line":803,"column":28},"end":{"line":803,"column":34}},"431":{"start":{"line":804,"column":24},"end":{"line":805,"column":75}},"432":{"start":{"line":805,"column":28},"end":{"line":805,"column":75}},"433":{"start":{"line":806,"column":24},"end":{"line":806,"column":64}},"434":{"start":{"line":807,"column":24},"end":{"line":807,"column":59}},"435":{"start":{"line":808,"column":24},"end":{"line":808,"column":72}},"436":{"start":{"line":809,"column":24},"end":{"line":809,"column":39}},"437":{"start":{"line":810,"column":24},"end":{"line":810,"column":43}},"438":{"start":{"line":811,"column":24},"end":{"line":811,"column":33}},"439":{"start":{"line":822,"column":24},"end":{"line":822,"column":58}},"440":{"start":{"line":823,"column":24},"end":{"line":823,"column":39}},"441":{"start":{"line":824,"column":24},"end":{"line":824,"column":30}},"442":{"start":{"line":826,"column":24},"end":{"line":826,"column":35}},"443":{"start":{"line":829,"column":12},"end":{"line":831,"column":13}},"444":{"start":{"line":830,"column":16},"end":{"line":830,"column":63}},"445":{"start":{"line":832,"column":12},"end":{"line":832,"column":66}},"446":{"start":{"line":835,"column":12},"end":{"line":835,"column":52}},"447":{"start":{"line":836,"column":12},"end":{"line":838,"column":13}},"448":{"start":{"line":837,"column":16},"end":{"line":837,"column":63}},"449":{"start":{"line":839,"column":12},"end":{"line":839,"column":47}},"450":{"start":{"line":840,"column":12},"end":{"line":840,"column":27}},"451":{"start":{"line":841,"column":12},"end":{"line":841,"column":25}},"452":{"start":{"line":844,"column":26},"end":{"line":844,"column":36}},"453":{"start":{"line":845,"column":24},"end":{"line":845,"column":25}},"454":{"start":{"line":846,"column":24},"end":{"line":846,"column":33}},"455":{"start":{"line":847,"column":25},"end":{"line":847,"column":46}},"456":{"start":{"line":848,"column":12},"end":{"line":974,"column":13}},"457":{"start":{"line":849,"column":16},"end":{"line":849,"column":31}},"458":{"start":{"line":850,"column":16},"end":{"line":850,"column":37}},"459":{"start":{"line":851,"column":16},"end":{"line":967,"column":17}},"460":{"start":{"line":855,"column":28},"end":{"line":855,"column":75}},"461":{"start":{"line":856,"column":28},"end":{"line":856,"column":86}},"462":{"start":{"line":857,"column":28},"end":{"line":858,"column":63}},"463":{"start":{"line":858,"column":32},"end":{"line":858,"column":63}},"464":{"start":{"line":859,"column":28},"end":{"line":859,"column":43}},"465":{"start":{"line":860,"column":28},"end":{"line":872,"column":29}},"466":{"start":{"line":861,"column":32},"end":{"line":861,"column":53}},"467":{"start":{"line":862,"column":32},"end":{"line":865,"column":33}},"468":{"start":{"line":863,"column":36},"end":{"line":863,"column":76}},"469":{"start":{"line":864,"column":36},"end":{"line":864,"column":45}},"470":{"start":{"line":866,"column":32},"end":{"line":866,"column":66}},"471":{"start":{"line":867,"column":46},"end":{"line":867,"column":64}},"472":{"start":{"line":868,"column":32},"end":{"line":869,"column":42}},"473":{"start":{"line":869,"column":36},"end":{"line":869,"column":42}},"474":{"start":{"line":870,"column":32},"end":{"line":870,"column":59}},"475":{"start":{"line":871,"column":32},"end":{"line":871,"column":47}},"476":{"start":{"line":873,"column":28},"end":{"line":873,"column":34}},"477":{"start":{"line":878,"column":28},"end":{"line":878,"column":78}},"478":{"start":{"line":879,"column":28},"end":{"line":879,"column":67}},"479":{"start":{"line":880,"column":28},"end":{"line":880,"column":55}},"480":{"start":{"line":882,"column":28},"end":{"line":883,"column":75}},"481":{"start":{"line":883,"column":32},"end":{"line":883,"column":75}},"482":{"start":{"line":884,"column":28},"end":{"line":884,"column":43}},"483":{"start":{"line":885,"column":28},"end":{"line":899,"column":29}},"484":{"start":{"line":886,"column":32},"end":{"line":886,"column":53}},"485":{"start":{"line":887,"column":32},"end":{"line":890,"column":33}},"486":{"start":{"line":888,"column":36},"end":{"line":888,"column":76}},"487":{"start":{"line":889,"column":36},"end":{"line":889,"column":45}},"488":{"start":{"line":891,"column":32},"end":{"line":891,"column":66}},"489":{"start":{"line":892,"column":32},"end":{"line":893,"column":42}},"490":{"start":{"line":893,"column":36},"end":{"line":893,"column":42}},"491":{"start":{"line":894,"column":32},"end":{"line":896,"column":33}},"492":{"start":{"line":895,"column":36},"end":{"line":895,"column":67}},"493":{"start":{"line":897,"column":32},"end":{"line":897,"column":76}},"494":{"start":{"line":898,"column":32},"end":{"line":898,"column":47}},"495":{"start":{"line":900,"column":28},"end":{"line":900,"column":34}},"496":{"start":{"line":905,"column":28},"end":{"line":905,"column":79}},"497":{"start":{"line":906,"column":28},"end":{"line":906,"column":67}},"498":{"start":{"line":908,"column":28},"end":{"line":910,"column":29}},"499":{"start":{"line":909,"column":32},"end":{"line":909,"column":63}},"500":{"start":{"line":911,"column":28},"end":{"line":911,"column":55}},"501":{"start":{"line":912,"column":28},"end":{"line":912,"column":43}},"502":{"start":{"line":913,"column":28},"end":{"line":927,"column":29}},"503":{"start":{"line":914,"column":32},"end":{"line":914,"column":53}},"504":{"start":{"line":915,"column":32},"end":{"line":918,"column":33}},"505":{"start":{"line":916,"column":36},"end":{"line":916,"column":76}},"506":{"start":{"line":917,"column":36},"end":{"line":917,"column":45}},"507":{"start":{"line":919,"column":32},"end":{"line":919,"column":66}},"508":{"start":{"line":920,"column":32},"end":{"line":921,"column":42}},"509":{"start":{"line":921,"column":36},"end":{"line":921,"column":42}},"510":{"start":{"line":922,"column":32},"end":{"line":924,"column":33}},"511":{"start":{"line":923,"column":36},"end":{"line":923,"column":67}},"512":{"start":{"line":925,"column":32},"end":{"line":925,"column":76}},"513":{"start":{"line":926,"column":32},"end":{"line":926,"column":47}},"514":{"start":{"line":928,"column":28},"end":{"line":928,"column":34}},"515":{"start":{"line":931,"column":24},"end":{"line":932,"column":34}},"516":{"start":{"line":932,"column":28},"end":{"line":932,"column":34}},"517":{"start":{"line":933,"column":24},"end":{"line":933,"column":64}},"518":{"start":{"line":934,"column":24},"end":{"line":934,"column":39}},"519":{"start":{"line":944,"column":28},"end":{"line":944,"column":86}},"520":{"start":{"line":945,"column":28},"end":{"line":960,"column":29}},"521":{"start":{"line":946,"column":32},"end":{"line":946,"column":53}},"522":{"start":{"line":947,"column":32},"end":{"line":950,"column":33}},"523":{"start":{"line":948,"column":36},"end":{"line":948,"column":76}},"524":{"start":{"line":949,"column":36},"end":{"line":949,"column":45}},"525":{"start":{"line":951,"column":32},"end":{"line":951,"column":66}},"526":{"start":{"line":952,"column":32},"end":{"line":955,"column":33}},"527":{"start":{"line":953,"column":36},"end":{"line":953,"column":75}},"528":{"start":{"line":954,"column":36},"end":{"line":954,"column":42}},"529":{"start":{"line":956,"column":32},"end":{"line":957,"column":42}},"530":{"start":{"line":957,"column":36},"end":{"line":957,"column":42}},"531":{"start":{"line":958,"column":32},"end":{"line":958,"column":76}},"532":{"start":{"line":959,"column":32},"end":{"line":959,"column":47}},"533":{"start":{"line":962,"column":24},"end":{"line":962,"column":30}},"534":{"start":{"line":965,"column":24},"end":{"line":965,"column":63}},"535":{"start":{"line":968,"column":16},"end":{"line":972,"column":17}},"536":{"start":{"line":969,"column":20},"end":{"line":971,"column":21}},"537":{"start":{"line":970,"column":24},"end":{"line":970,"column":71}},"538":{"start":{"line":973,"column":16},"end":{"line":973,"column":40}},"539":{"start":{"line":975,"column":31},"end":{"line":975,"column":33}},"540":{"start":{"line":976,"column":34},"end":{"line":976,"column":36}},"541":{"start":{"line":977,"column":37},"end":{"line":977,"column":39}},"542":{"start":{"line":978,"column":12},"end":{"line":998,"column":13}},"543":{"start":{"line":979,"column":16},"end":{"line":979,"column":66}},"544":{"start":{"line":980,"column":16},"end":{"line":986,"column":17}},"545":{"start":{"line":981,"column":20},"end":{"line":981,"column":45}},"546":{"start":{"line":982,"column":20},"end":{"line":983,"column":67}},"547":{"start":{"line":983,"column":24},"end":{"line":983,"column":67}},"548":{"start":{"line":984,"column":20},"end":{"line":984,"column":35}},"549":{"start":{"line":985,"column":20},"end":{"line":985,"column":73}},"550":{"start":{"line":989,"column":16},"end":{"line":989,"column":51}},"551":{"start":{"line":990,"column":16},"end":{"line":997,"column":17}},"552":{"start":{"line":991,"column":20},"end":{"line":991,"column":45}},"553":{"start":{"line":993,"column":20},"end":{"line":994,"column":67}},"554":{"start":{"line":994,"column":24},"end":{"line":994,"column":67}},"555":{"start":{"line":995,"column":20},"end":{"line":995,"column":35}},"556":{"start":{"line":996,"column":20},"end":{"line":996,"column":55}},"557":{"start":{"line":999,"column":22},"end":{"line":999,"column":32}},"558":{"start":{"line":1001,"column":12},"end":{"line":1006,"column":13}},"559":{"start":{"line":1002,"column":16},"end":{"line":1003,"column":63}},"560":{"start":{"line":1003,"column":20},"end":{"line":1003,"column":63}},"561":{"start":{"line":1004,"column":16},"end":{"line":1004,"column":41}},"562":{"start":{"line":1005,"column":16},"end":{"line":1005,"column":31}},"563":{"start":{"line":1007,"column":12},"end":{"line":1037,"column":13}},"564":{"start":{"line":1008,"column":16},"end":{"line":1008,"column":41}},"565":{"start":{"line":1009,"column":16},"end":{"line":1036,"column":17}},"566":{"start":{"line":1012,"column":24},"end":{"line":1012,"column":39}},"567":{"start":{"line":1013,"column":24},"end":{"line":1020,"column":25}},"568":{"start":{"line":1016,"column":32},"end":{"line":1016,"column":47}},"569":{"start":{"line":1017,"column":32},"end":{"line":1018,"column":67}},"570":{"start":{"line":1018,"column":36},"end":{"line":1018,"column":67}},"571":{"start":{"line":1021,"column":24},"end":{"line":1021,"column":45}},"572":{"start":{"line":1022,"column":24},"end":{"line":1023,"column":59}},"573":{"start":{"line":1023,"column":28},"end":{"line":1023,"column":59}},"574":{"start":{"line":1024,"column":24},"end":{"line":1033,"column":25}},"575":{"start":{"line":1025,"column":51},"end":{"line":1025,"column":61}},"576":{"start":{"line":1026,"column":50},"end":{"line":1026,"column":84}},"577":{"start":{"line":1027,"column":28},"end":{"line":1028,"column":75}},"578":{"start":{"line":1028,"column":32},"end":{"line":1028,"column":75}},"579":{"start":{"line":1029,"column":28},"end":{"line":1029,"column":108}},"580":{"start":{"line":1032,"column":28},"end":{"line":1032,"column":63}},"581":{"start":{"line":1034,"column":24},"end":{"line":1034,"column":41}},"582":{"start":{"line":1038,"column":12},"end":{"line":1039,"column":49}},"583":{"start":{"line":1039,"column":16},"end":{"line":1039,"column":49}},"584":{"start":{"line":1040,"column":12},"end":{"line":1052,"column":13}},"585":{"start":{"line":1043,"column":29},"end":{"line":1043,"column":41}},"586":{"start":{"line":1044,"column":16},"end":{"line":1045,"column":52}},"587":{"start":{"line":1045,"column":20},"end":{"line":1045,"column":52}},"588":{"start":{"line":1046,"column":16},"end":{"line":1047,"column":49}},"589":{"start":{"line":1047,"column":20},"end":{"line":1047,"column":49}},"590":{"start":{"line":1048,"column":16},"end":{"line":1049,"column":73}},"591":{"start":{"line":1049,"column":20},"end":{"line":1049,"column":73}},"592":{"start":{"line":1050,"column":16},"end":{"line":1050,"column":53}},"593":{"start":{"line":1051,"column":16},"end":{"line":1051,"column":96}},"594":{"start":{"line":1056,"column":12},"end":{"line":1057,"column":47}},"595":{"start":{"line":1057,"column":16},"end":{"line":1057,"column":47}},"596":{"start":{"line":1058,"column":29},"end":{"line":1058,"column":65}},"597":{"start":{"line":1059,"column":12},"end":{"line":1063,"column":13}},"598":{"start":{"line":1060,"column":16},"end":{"line":1062,"column":39}},"599":{"start":{"line":1064,"column":12},"end":{"line":1065,"column":41}},"600":{"start":{"line":1065,"column":16},"end":{"line":1065,"column":41}},"601":{"start":{"line":1066,"column":12},"end":{"line":1066,"column":92}},"602":{"start":{"line":1069,"column":30},"end":{"line":1069,"column":49}},"603":{"start":{"line":1070,"column":32},"end":{"line":1070,"column":33}},"604":{"start":{"line":1071,"column":12},"end":{"line":1102,"column":13}},"605":{"start":{"line":1071,"column":18},"end":{"line":1102,"column":13}},"606":{"start":{"line":1072,"column":27},"end":{"line":1072,"column":42}},"607":{"start":{"line":1073,"column":16},"end":{"line":1073,"column":31}},"608":{"start":{"line":1074,"column":16},"end":{"line":1099,"column":17}},"609":{"start":{"line":1075,"column":20},"end":{"line":1075,"column":53}},"610":{"start":{"line":1078,"column":20},"end":{"line":1098,"column":21}},"611":{"start":{"line":1080,"column":28},"end":{"line":1081,"column":43}},"612":{"start":{"line":1081,"column":32},"end":{"line":1081,"column":43}},"613":{"start":{"line":1082,"column":28},"end":{"line":1082,"column":34}},"614":{"start":{"line":1084,"column":28},"end":{"line":1084,"column":60}},"615":{"start":{"line":1085,"column":28},"end":{"line":1085,"column":34}},"616":{"start":{"line":1087,"column":28},"end":{"line":1087,"column":59}},"617":{"start":{"line":1088,"column":28},"end":{"line":1088,"column":34}},"618":{"start":{"line":1090,"column":28},"end":{"line":1090,"column":60}},"619":{"start":{"line":1091,"column":28},"end":{"line":1091,"column":34}},"620":{"start":{"line":1096,"column":28},"end":{"line":1096,"column":71}},"621":{"start":{"line":1100,"column":16},"end":{"line":1101,"column":59}},"622":{"start":{"line":1101,"column":20},"end":{"line":1101,"column":59}},"623":{"start":{"line":1103,"column":28},"end":{"line":1103,"column":42}},"624":{"start":{"line":1104,"column":31},"end":{"line":1104,"column":41}},"625":{"start":{"line":1105,"column":23},"end":{"line":1105,"column":24}},"626":{"start":{"line":1106,"column":12},"end":{"line":1148,"column":13}},"627":{"start":{"line":1106,"column":18},"end":{"line":1148,"column":13}},"628":{"start":{"line":1107,"column":29},"end":{"line":1107,"column":44}},"629":{"start":{"line":1108,"column":16},"end":{"line":1146,"column":17}},"630":{"start":{"line":1110,"column":24},"end":{"line":1111,"column":74}},"631":{"start":{"line":1111,"column":28},"end":{"line":1111,"column":74}},"632":{"start":{"line":1112,"column":24},"end":{"line":1112,"column":47}},"633":{"start":{"line":1113,"column":24},"end":{"line":1113,"column":30}},"634":{"start":{"line":1115,"column":24},"end":{"line":1116,"column":74}},"635":{"start":{"line":1116,"column":28},"end":{"line":1116,"column":74}},"636":{"start":{"line":1117,"column":24},"end":{"line":1117,"column":51}},"637":{"start":{"line":1118,"column":24},"end":{"line":1118,"column":30}},"638":{"start":{"line":1120,"column":24},"end":{"line":1121,"column":74}},"639":{"start":{"line":1121,"column":28},"end":{"line":1121,"column":74}},"640":{"start":{"line":1122,"column":24},"end":{"line":1122,"column":50}},"641":{"start":{"line":1123,"column":24},"end":{"line":1123,"column":30}},"642":{"start":{"line":1125,"column":24},"end":{"line":1126,"column":74}},"643":{"start":{"line":1126,"column":28},"end":{"line":1126,"column":74}},"644":{"start":{"line":1127,"column":24},"end":{"line":1127,"column":48}},"645":{"start":{"line":1128,"column":24},"end":{"line":1128,"column":30}},"646":{"start":{"line":1130,"column":24},"end":{"line":1131,"column":74}},"647":{"start":{"line":1131,"column":28},"end":{"line":1131,"column":74}},"648":{"start":{"line":1132,"column":24},"end":{"line":1132,"column":48}},"649":{"start":{"line":1133,"column":24},"end":{"line":1133,"column":30}},"650":{"start":{"line":1136,"column":24},"end":{"line":1141,"column":25}},"651":{"start":{"line":1137,"column":28},"end":{"line":1138,"column":78}},"652":{"start":{"line":1138,"column":32},"end":{"line":1138,"column":78}},"653":{"start":{"line":1139,"column":28},"end":{"line":1139,"column":52}},"654":{"start":{"line":1140,"column":28},"end":{"line":1140,"column":34}},"655":{"start":{"line":1143,"column":24},"end":{"line":1144,"column":39}},"656":{"start":{"line":1144,"column":28},"end":{"line":1144,"column":39}},"657":{"start":{"line":1145,"column":24},"end":{"line":1145,"column":71}},"658":{"start":{"line":1147,"column":16},"end":{"line":1147,"column":31}},"659":{"start":{"line":1149,"column":29},"end":{"line":1149,"column":39}},"660":{"start":{"line":1150,"column":28},"end":{"line":1150,"column":65}},"661":{"start":{"line":1151,"column":26},"end":{"line":1151,"column":65}},"662":{"start":{"line":1152,"column":12},"end":{"line":1155,"column":14}},"663":{"start":{"line":1156,"column":12},"end":{"line":1156,"column":68}},"664":{"start":{"line":1157,"column":12},"end":{"line":1158,"column":47}},"665":{"start":{"line":1158,"column":16},"end":{"line":1158,"column":47}},"666":{"start":{"line":1159,"column":12},"end":{"line":1159,"column":50}},"667":{"start":{"line":1162,"column":12},"end":{"line":1167,"column":13}},"668":{"start":{"line":1163,"column":16},"end":{"line":1163,"column":32}},"669":{"start":{"line":1166,"column":16},"end":{"line":1166,"column":59}},"670":{"start":{"line":1168,"column":12},"end":{"line":1173,"column":13}},"671":{"start":{"line":1169,"column":16},"end":{"line":1169,"column":50}},"672":{"start":{"line":1172,"column":16},"end":{"line":1172,"column":28}},"673":{"start":{"line":1176,"column":22},"end":{"line":1176,"column":24}},"674":{"start":{"line":1177,"column":12},"end":{"line":1177,"column":27}},"675":{"start":{"line":1178,"column":21},"end":{"line":1178,"column":36}},"676":{"start":{"line":1179,"column":12},"end":{"line":1206,"column":13}},"677":{"start":{"line":1180,"column":16},"end":{"line":1204,"column":17}},"678":{"start":{"line":1185,"column":24},"end":{"line":1185,"column":63}},"679":{"start":{"line":1187,"column":24},"end":{"line":1187,"column":45}},"680":{"start":{"line":1188,"column":24},"end":{"line":1200,"column":25}},"681":{"start":{"line":1189,"column":28},"end":{"line":1189,"column":62}},"682":{"start":{"line":1192,"column":41},"end":{"line":1192,"column":69}},"683":{"start":{"line":1193,"column":28},"end":{"line":1198,"column":29}},"684":{"start":{"line":1194,"column":32},"end":{"line":1194,"column":68}},"685":{"start":{"line":1197,"column":32},"end":{"line":1197,"column":61}},"686":{"start":{"line":1199,"column":28},"end":{"line":1199,"column":72}},"687":{"start":{"line":1201,"column":24},"end":{"line":1201,"column":30}},"688":{"start":{"line":1203,"column":24},"end":{"line":1203,"column":58}},"689":{"start":{"line":1205,"column":16},"end":{"line":1205,"column":37}},"690":{"start":{"line":1207,"column":12},"end":{"line":1209,"column":13}},"691":{"start":{"line":1208,"column":16},"end":{"line":1208,"column":59}},"692":{"start":{"line":1210,"column":12},"end":{"line":1210,"column":27}},"693":{"start":{"line":1211,"column":12},"end":{"line":1212,"column":47}},"694":{"start":{"line":1212,"column":16},"end":{"line":1212,"column":47}},"695":{"start":{"line":1213,"column":12},"end":{"line":1213,"column":34}},"696":{"start":{"line":1214,"column":12},"end":{"line":1214,"column":46}},"697":{"start":{"line":1217,"column":12},"end":{"line":1231,"column":13}},"698":{"start":{"line":1219,"column":20},"end":{"line":1219,"column":27}},"699":{"start":{"line":1221,"column":20},"end":{"line":1221,"column":58}},"700":{"start":{"line":1223,"column":20},"end":{"line":1223,"column":62}},"701":{"start":{"line":1225,"column":20},"end":{"line":1225,"column":60}},"702":{"start":{"line":1227,"column":20},"end":{"line":1227,"column":66}},"703":{"start":{"line":1229,"column":20},"end":{"line":1229,"column":58}},"704":{"start":{"line":1234,"column":12},"end":{"line":1371,"column":13}},"705":{"start":{"line":1236,"column":20},"end":{"line":1236,"column":45}},"706":{"start":{"line":1238,"column":20},"end":{"line":1238,"column":45}},"707":{"start":{"line":1240,"column":20},"end":{"line":1240,"column":51}},"708":{"start":{"line":1242,"column":20},"end":{"line":1242,"column":45}},"709":{"start":{"line":1244,"column":20},"end":{"line":1244,"column":39}},"710":{"start":{"line":1246,"column":20},"end":{"line":1246,"column":48}},"711":{"start":{"line":1251,"column":20},"end":{"line":1251,"column":37}},"712":{"start":{"line":1252,"column":20},"end":{"line":1252,"column":32}},"713":{"start":{"line":1253,"column":20},"end":{"line":1253,"column":42}},"714":{"start":{"line":1260,"column":35},"end":{"line":1260,"column":42}},"715":{"start":{"line":1261,"column":36},"end":{"line":1261,"column":50}},"716":{"start":{"line":1262,"column":37},"end":{"line":1262,"column":52}},"717":{"start":{"line":1263,"column":24},"end":{"line":1264,"column":65}},"718":{"start":{"line":1264,"column":28},"end":{"line":1264,"column":65}},"719":{"start":{"line":1265,"column":35},"end":{"line":1265,"column":64}},"720":{"start":{"line":1266,"column":24},"end":{"line":1289,"column":25}},"721":{"start":{"line":1267,"column":28},"end":{"line":1268,"column":60}},"722":{"start":{"line":1268,"column":32},"end":{"line":1268,"column":60}},"723":{"start":{"line":1270,"column":29},"end":{"line":1289,"column":25}},"724":{"start":{"line":1271,"column":28},"end":{"line":1271,"column":56}},"725":{"start":{"line":1274,"column":28},"end":{"line":1274,"column":49}},"726":{"start":{"line":1275,"column":28},"end":{"line":1275,"column":72}},"727":{"start":{"line":1276,"column":28},"end":{"line":1276,"column":36}},"728":{"start":{"line":1277,"column":28},"end":{"line":1277,"column":37}},"729":{"start":{"line":1278,"column":28},"end":{"line":1286,"column":29}},"730":{"start":{"line":1279,"column":32},"end":{"line":1279,"column":69}},"731":{"start":{"line":1280,"column":32},"end":{"line":1285,"column":33}},"732":{"start":{"line":1281,"column":36},"end":{"line":1281,"column":57}},"733":{"start":{"line":1282,"column":36},"end":{"line":1282,"column":80}},"734":{"start":{"line":1283,"column":36},"end":{"line":1283,"column":44}},"735":{"start":{"line":1284,"column":36},"end":{"line":1284,"column":45}},"736":{"start":{"line":1287,"column":28},"end":{"line":1287,"column":51}},"737":{"start":{"line":1288,"column":28},"end":{"line":1288,"column":53}},"738":{"start":{"line":1290,"column":24},"end":{"line":1290,"column":36}},"739":{"start":{"line":1297,"column":24},"end":{"line":1299,"column":25}},"740":{"start":{"line":1298,"column":28},"end":{"line":1298,"column":65}},"741":{"start":{"line":1300,"column":24},"end":{"line":1302,"column":25}},"742":{"start":{"line":1301,"column":28},"end":{"line":1301,"column":56}},"743":{"start":{"line":1303,"column":35},"end":{"line":1303,"column":42}},"744":{"start":{"line":1304,"column":38},"end":{"line":1304,"column":52}},"745":{"start":{"line":1305,"column":39},"end":{"line":1305,"column":54}},"746":{"start":{"line":1306,"column":37},"end":{"line":1306,"column":66}},"747":{"start":{"line":1307,"column":24},"end":{"line":1312,"column":25}},"748":{"start":{"line":1308,"column":28},"end":{"line":1308,"column":72}},"749":{"start":{"line":1309,"column":28},"end":{"line":1309,"column":49}},"750":{"start":{"line":1310,"column":28},"end":{"line":1310,"column":47}},"751":{"start":{"line":1311,"column":28},"end":{"line":1311,"column":49}},"752":{"start":{"line":1313,"column":24},"end":{"line":1313,"column":36}},"753":{"start":{"line":1318,"column":20},"end":{"line":1318,"column":48}},"754":{"start":{"line":1322,"column":36},"end":{"line":1322,"column":51}},"755":{"start":{"line":1323,"column":35},"end":{"line":1323,"column":54}},"756":{"start":{"line":1324,"column":24},"end":{"line":1325,"column":55}},"757":{"start":{"line":1325,"column":28},"end":{"line":1325,"column":55}},"758":{"start":{"line":1326,"column":36},"end":{"line":1326,"column":51}},"759":{"start":{"line":1327,"column":35},"end":{"line":1327,"column":54}},"760":{"start":{"line":1328,"column":24},"end":{"line":1329,"column":55}},"761":{"start":{"line":1329,"column":28},"end":{"line":1329,"column":55}},"762":{"start":{"line":1330,"column":24},"end":{"line":1330,"column":44}},"763":{"start":{"line":1335,"column":33},"end":{"line":1335,"column":64}},"764":{"start":{"line":1336,"column":24},"end":{"line":1367,"column":25}},"765":{"start":{"line":1338,"column":28},"end":{"line":1338,"column":65}},"766":{"start":{"line":1339,"column":39},"end":{"line":1339,"column":57}},"767":{"start":{"line":1340,"column":28},"end":{"line":1341,"column":59}},"768":{"start":{"line":1341,"column":32},"end":{"line":1341,"column":59}},"769":{"start":{"line":1342,"column":28},"end":{"line":1342,"column":65}},"770":{"start":{"line":1343,"column":28},"end":{"line":1351,"column":29}},"771":{"start":{"line":1344,"column":46},"end":{"line":1344,"column":64}},"772":{"start":{"line":1345,"column":32},"end":{"line":1346,"column":63}},"773":{"start":{"line":1346,"column":36},"end":{"line":1346,"column":63}},"774":{"start":{"line":1347,"column":32},"end":{"line":1347,"column":57}},"775":{"start":{"line":1348,"column":32},"end":{"line":1349,"column":63}},"776":{"start":{"line":1349,"column":36},"end":{"line":1349,"column":63}},"777":{"start":{"line":1350,"column":32},"end":{"line":1350,"column":69}},"778":{"start":{"line":1352,"column":28},"end":{"line":1352,"column":40}},"779":{"start":{"line":1356,"column":39},"end":{"line":1356,"column":57}},"780":{"start":{"line":1357,"column":28},"end":{"line":1358,"column":59}},"781":{"start":{"line":1358,"column":32},"end":{"line":1358,"column":59}},"782":{"start":{"line":1359,"column":28},"end":{"line":1365,"column":29}},"783":{"start":{"line":1360,"column":32},"end":{"line":1360,"column":69}},"784":{"start":{"line":1361,"column":46},"end":{"line":1361,"column":64}},"785":{"start":{"line":1362,"column":32},"end":{"line":1363,"column":63}},"786":{"start":{"line":1363,"column":36},"end":{"line":1363,"column":63}},"787":{"start":{"line":1364,"column":32},"end":{"line":1364,"column":57}},"788":{"start":{"line":1366,"column":28},"end":{"line":1366,"column":40}},"789":{"start":{"line":1370,"column":20},"end":{"line":1370,"column":50}},"790":{"start":{"line":1374,"column":12},"end":{"line":1375,"column":47}},"791":{"start":{"line":1375,"column":16},"end":{"line":1375,"column":47}},"792":{"start":{"line":1376,"column":12},"end":{"line":1376,"column":25}},"793":{"start":{"line":1377,"column":12},"end":{"line":1377,"column":26}},"794":{"start":{"line":1378,"column":12},"end":{"line":1378,"column":68}},"795":{"start":{"line":1381,"column":26},"end":{"line":1381,"column":36}},"796":{"start":{"line":1382,"column":29},"end":{"line":1382,"column":42}},"797":{"start":{"line":1383,"column":23},"end":{"line":1383,"column":27}},"798":{"start":{"line":1384,"column":22},"end":{"line":1384,"column":24}},"799":{"start":{"line":1385,"column":21},"end":{"line":1385,"column":65}},"800":{"start":{"line":1386,"column":12},"end":{"line":1441,"column":13}},"801":{"start":{"line":1386,"column":18},"end":{"line":1441,"column":13}},"802":{"start":{"line":1387,"column":16},"end":{"line":1439,"column":17}},"803":{"start":{"line":1391,"column":42},"end":{"line":1391,"column":56}},"804":{"start":{"line":1392,"column":28},"end":{"line":1398,"column":29}},"805":{"start":{"line":1394,"column":32},"end":{"line":1394,"column":51}},"806":{"start":{"line":1395,"column":32},"end":{"line":1395,"column":46}},"807":{"start":{"line":1396,"column":32},"end":{"line":1396,"column":45}},"808":{"start":{"line":1397,"column":32},"end":{"line":1397,"column":43}},"809":{"start":{"line":1399,"column":28},"end":{"line":1399,"column":39}},"810":{"start":{"line":1400,"column":28},"end":{"line":1400,"column":34}},"811":{"start":{"line":1404,"column":24},"end":{"line":1404,"column":74}},"812":{"start":{"line":1405,"column":24},"end":{"line":1427,"column":25}},"813":{"start":{"line":1406,"column":28},"end":{"line":1406,"column":62}},"814":{"start":{"line":1409,"column":28},"end":{"line":1409,"column":47}},"815":{"start":{"line":1410,"column":41},"end":{"line":1410,"column":75}},"816":{"start":{"line":1411,"column":28},"end":{"line":1425,"column":29}},"817":{"start":{"line":1412,"column":32},"end":{"line":1412,"column":68}},"818":{"start":{"line":1414,"column":33},"end":{"line":1425,"column":29}},"819":{"start":{"line":1415,"column":32},"end":{"line":1415,"column":43}},"820":{"start":{"line":1416,"column":32},"end":{"line":1416,"column":70}},"821":{"start":{"line":1417,"column":32},"end":{"line":1420,"column":33}},"822":{"start":{"line":1418,"column":36},"end":{"line":1418,"column":45}},"823":{"start":{"line":1419,"column":36},"end":{"line":1419,"column":49}},"824":{"start":{"line":1421,"column":32},"end":{"line":1421,"column":43}},"825":{"start":{"line":1424,"column":32},"end":{"line":1424,"column":61}},"826":{"start":{"line":1426,"column":28},"end":{"line":1426,"column":47}},"827":{"start":{"line":1428,"column":24},"end":{"line":1428,"column":30}},"828":{"start":{"line":1434,"column":24},"end":{"line":1434,"column":41}},"829":{"start":{"line":1435,"column":24},"end":{"line":1435,"column":36}},"830":{"start":{"line":1437,"column":24},"end":{"line":1438,"column":62}},"831":{"start":{"line":1438,"column":28},"end":{"line":1438,"column":62}},"832":{"start":{"line":1440,"column":16},"end":{"line":1440,"column":66}},"833":{"start":{"line":1442,"column":12},"end":{"line":1442,"column":27}},"834":{"start":{"line":1443,"column":12},"end":{"line":1443,"column":34}},"835":{"start":{"line":1444,"column":12},"end":{"line":1444,"column":37}},"836":{"start":{"line":1445,"column":12},"end":{"line":1452,"column":13}},"837":{"start":{"line":1446,"column":16},"end":{"line":1446,"column":77}},"838":{"start":{"line":1447,"column":16},"end":{"line":1447,"column":49}},"839":{"start":{"line":1450,"column":16},"end":{"line":1450,"column":77}},"840":{"start":{"line":1451,"column":16},"end":{"line":1451,"column":49}},"841":{"start":{"line":1455,"column":21},"end":{"line":1455,"column":34}},"842":{"start":{"line":1456,"column":12},"end":{"line":1490,"column":13}},"843":{"start":{"line":1457,"column":16},"end":{"line":1488,"column":17}},"844":{"start":{"line":1461,"column":42},"end":{"line":1461,"column":56}},"845":{"start":{"line":1462,"column":28},"end":{"line":1467,"column":29}},"846":{"start":{"line":1464,"column":32},"end":{"line":1464,"column":51}},"847":{"start":{"line":1465,"column":32},"end":{"line":1465,"column":46}},"848":{"start":{"line":1466,"column":32},"end":{"line":1466,"column":43}},"849":{"start":{"line":1468,"column":28},"end":{"line":1468,"column":34}},"850":{"start":{"line":1472,"column":24},"end":{"line":1472,"column":45}},"851":{"start":{"line":1473,"column":24},"end":{"line":1473,"column":30}},"852":{"start":{"line":1476,"column":24},"end":{"line":1479,"column":25}},"853":{"start":{"line":1477,"column":28},"end":{"line":1477,"column":49}},"854":{"start":{"line":1478,"column":28},"end":{"line":1478,"column":41}},"855":{"start":{"line":1484,"column":24},"end":{"line":1484,"column":41}},"856":{"start":{"line":1485,"column":24},"end":{"line":1485,"column":36}},"857":{"start":{"line":1489,"column":16},"end":{"line":1489,"column":37}},"858":{"start":{"line":1491,"column":12},"end":{"line":1491,"column":22}},"859":{"start":{"line":1494,"column":12},"end":{"line":1510,"column":13}},"860":{"start":{"line":1496,"column":46},"end":{"line":1496,"column":56}},"861":{"start":{"line":1497,"column":20},"end":{"line":1506,"column":21}},"862":{"start":{"line":1497,"column":26},"end":{"line":1506,"column":21}},"863":{"start":{"line":1498,"column":35},"end":{"line":1498,"column":50}},"864":{"start":{"line":1499,"column":24},"end":{"line":1505,"column":25}},"865":{"start":{"line":1501,"column":32},"end":{"line":1501,"column":47}},"866":{"start":{"line":1502,"column":32},"end":{"line":1502,"column":38}},"867":{"start":{"line":1504,"column":32},"end":{"line":1504,"column":43}},"868":{"start":{"line":1507,"column":20},"end":{"line":1507,"column":108}},"869":{"start":{"line":1509,"column":20},"end":{"line":1509,"column":38}},"870":{"start":{"line":1513,"column":31},"end":{"line":1513,"column":33}},"871":{"start":{"line":1514,"column":12},"end":{"line":1518,"column":13}},"872":{"start":{"line":1515,"column":16},"end":{"line":1517,"column":17}},"873":{"start":{"line":1516,"column":20},"end":{"line":1516,"column":66}},"874":{"start":{"line":1519,"column":12},"end":{"line":1521,"column":13}},"875":{"start":{"line":1520,"column":16},"end":{"line":1520,"column":81}},"876":{"start":{"line":1522,"column":12},"end":{"line":1522,"column":30}},"877":{"start":{"line":1525,"column":24},"end":{"line":1525,"column":43}},"878":{"start":{"line":1526,"column":25},"end":{"line":1526,"column":77}},"879":{"start":{"line":1527,"column":30},"end":{"line":1527,"column":56}},"880":{"start":{"line":1528,"column":12},"end":{"line":1528,"column":43}},"881":{"start":{"line":1529,"column":25},"end":{"line":1533,"column":14}},"882":{"start":{"line":1534,"column":12},"end":{"line":1534,"column":24}},"883":{"start":{"line":1537,"column":31},"end":{"line":1537,"column":33}},"884":{"start":{"line":1538,"column":40},"end":{"line":1538,"column":93}},"885":{"start":{"line":1539,"column":12},"end":{"line":1553,"column":13}},"886":{"start":{"line":1540,"column":29},"end":{"line":1542,"column":56}},"887":{"start":{"line":1543,"column":16},"end":{"line":1543,"column":38}},"888":{"start":{"line":1544,"column":16},"end":{"line":1545,"column":26}},"889":{"start":{"line":1545,"column":20},"end":{"line":1545,"column":26}},"890":{"start":{"line":1546,"column":16},"end":{"line":1552,"column":17}},"891":{"start":{"line":1547,"column":20},"end":{"line":1548,"column":62}},"892":{"start":{"line":1548,"column":24},"end":{"line":1548,"column":62}},"893":{"start":{"line":1549,"column":20},"end":{"line":1550,"column":70}},"894":{"start":{"line":1550,"column":24},"end":{"line":1550,"column":70}},"895":{"start":{"line":1551,"column":20},"end":{"line":1551,"column":46}},"896":{"start":{"line":1554,"column":12},"end":{"line":1556,"column":13}},"897":{"start":{"line":1555,"column":16},"end":{"line":1555,"column":70}},"898":{"start":{"line":1557,"column":12},"end":{"line":1557,"column":30}},"899":{"start":{"line":1560,"column":12},"end":{"line":1565,"column":14}},"900":{"start":{"line":1568,"column":12},"end":{"line":1571,"column":13}},"901":{"start":{"line":1569,"column":16},"end":{"line":1569,"column":31}},"902":{"start":{"line":1570,"column":16},"end":{"line":1570,"column":46}},"903":{"start":{"line":1572,"column":12},"end":{"line":1583,"column":13}},"904":{"start":{"line":1573,"column":16},"end":{"line":1582,"column":18}},"905":{"start":{"line":1584,"column":12},"end":{"line":1584,"column":24}},"906":{"start":{"line":1587,"column":12},"end":{"line":1589,"column":13}},"907":{"start":{"line":1588,"column":16},"end":{"line":1588,"column":40}},"908":{"start":{"line":1590,"column":12},"end":{"line":1593,"column":13}},"909":{"start":{"line":1591,"column":16},"end":{"line":1591,"column":44}},"910":{"start":{"line":1592,"column":16},"end":{"line":1592,"column":42}},"911":{"start":{"line":1594,"column":12},"end":{"line":1608,"column":13}},"912":{"start":{"line":1595,"column":16},"end":{"line":1604,"column":18}},"913":{"start":{"line":1605,"column":16},"end":{"line":1607,"column":17}},"914":{"start":{"line":1606,"column":20},"end":{"line":1606,"column":53}},"915":{"start":{"line":1609,"column":12},"end":{"line":1609,"column":24}},"916":{"start":{"line":1612,"column":12},"end":{"line":1613,"column":29}},"917":{"start":{"line":1613,"column":16},"end":{"line":1613,"column":29}},"918":{"start":{"line":1614,"column":12},"end":{"line":1614,"column":36}},"919":{"start":{"line":1615,"column":12},"end":{"line":1615,"column":24}},"920":{"start":{"line":1618,"column":12},"end":{"line":1619,"column":74}},"921":{"start":{"line":1619,"column":16},"end":{"line":1619,"column":74}},"922":{"start":{"line":1620,"column":12},"end":{"line":1620,"column":36}},"923":{"start":{"line":1623,"column":12},"end":{"line":1623,"column":61}},"924":{"start":{"line":1629,"column":12},"end":{"line":1639,"column":13}},"925":{"start":{"line":1631,"column":20},"end":{"line":1631,"column":61}},"926":{"start":{"line":1634,"column":20},"end":{"line":1634,"column":26}},"927":{"start":{"line":1636,"column":20},"end":{"line":1637,"column":30}},"928":{"start":{"line":1637,"column":24},"end":{"line":1637,"column":30}},"929":{"start":{"line":1638,"column":20},"end":{"line":1638,"column":48}},"930":{"start":{"line":1642,"column":31},"end":{"line":1642,"column":47}},"931":{"start":{"line":1643,"column":12},"end":{"line":1643,"column":36}},"932":{"start":{"line":1644,"column":25},"end":{"line":1644,"column":35}},"933":{"start":{"line":1645,"column":12},"end":{"line":1645,"column":41}},"934":{"start":{"line":1646,"column":12},"end":{"line":1646,"column":49}},"935":{"start":{"line":1650,"column":31},"end":{"line":1650,"column":47}},"936":{"start":{"line":1651,"column":12},"end":{"line":1651,"column":36}},"937":{"start":{"line":1652,"column":25},"end":{"line":1652,"column":35}},"938":{"start":{"line":1653,"column":12},"end":{"line":1653,"column":41}},"939":{"start":{"line":1654,"column":12},"end":{"line":1654,"column":79}},"940":{"start":{"line":1659,"column":31},"end":{"line":1659,"column":47}},"941":{"start":{"line":1660,"column":12},"end":{"line":1660,"column":36}},"942":{"start":{"line":1661,"column":12},"end":{"line":1662,"column":62}},"943":{"start":{"line":1662,"column":16},"end":{"line":1662,"column":62}},"944":{"start":{"line":1663,"column":25},"end":{"line":1663,"column":35}},"945":{"start":{"line":1664,"column":12},"end":{"line":1664,"column":41}},"946":{"start":{"line":1665,"column":12},"end":{"line":1666,"column":28}},"947":{"start":{"line":1666,"column":16},"end":{"line":1666,"column":28}},"948":{"start":{"line":1667,"column":12},"end":{"line":1673,"column":13}},"949":{"start":{"line":1670,"column":20},"end":{"line":1670,"column":32}},"950":{"start":{"line":1672,"column":20},"end":{"line":1672,"column":74}},"951":{"start":{"line":1676,"column":12},"end":{"line":1686,"column":13}},"952":{"start":{"line":1677,"column":16},"end":{"line":1678,"column":33}},"953":{"start":{"line":1678,"column":20},"end":{"line":1678,"column":33}},"954":{"start":{"line":1679,"column":16},"end":{"line":1680,"column":32}},"955":{"start":{"line":1680,"column":20},"end":{"line":1680,"column":32}},"956":{"start":{"line":1681,"column":16},"end":{"line":1682,"column":33}},"957":{"start":{"line":1682,"column":20},"end":{"line":1682,"column":33}},"958":{"start":{"line":1684,"column":16},"end":{"line":1685,"column":76}},"959":{"start":{"line":1687,"column":12},"end":{"line":1688,"column":28}},"960":{"start":{"line":1688,"column":16},"end":{"line":1688,"column":28}},"961":{"start":{"line":1691,"column":12},"end":{"line":1693,"column":80}},"962":{"start":{"line":1696,"column":12},"end":{"line":1696,"column":95}},"963":{"start":{"line":1699,"column":12},"end":{"line":1700,"column":44}},"964":{"start":{"line":1700,"column":16},"end":{"line":1700,"column":44}},"965":{"start":{"line":1701,"column":12},"end":{"line":1701,"column":49}},"966":{"start":{"line":1704,"column":31},"end":{"line":1704,"column":47}},"967":{"start":{"line":1705,"column":12},"end":{"line":1705,"column":36}},"968":{"start":{"line":1706,"column":25},"end":{"line":1706,"column":35}},"969":{"start":{"line":1707,"column":25},"end":{"line":1707,"column":34}},"970":{"start":{"line":1708,"column":12},"end":{"line":1708,"column":41}},"971":{"start":{"line":1709,"column":12},"end":{"line":1709,"column":79}},"972":{"start":{"line":1712,"column":12},"end":{"line":1712,"column":61}},"973":{"start":{"line":1714,"column":12},"end":{"line":1734,"column":13}},"974":{"start":{"line":1717,"column":20},"end":{"line":1717,"column":148}},"975":{"start":{"line":1718,"column":20},"end":{"line":1718,"column":26}},"976":{"start":{"line":1721,"column":20},"end":{"line":1721,"column":127}},"977":{"start":{"line":1722,"column":20},"end":{"line":1722,"column":26}},"978":{"start":{"line":1725,"column":20},"end":{"line":1728,"column":21}},"979":{"start":{"line":1726,"column":24},"end":{"line":1726,"column":152}},"980":{"start":{"line":1727,"column":24},"end":{"line":1727,"column":30}},"981":{"start":{"line":1732,"column":20},"end":{"line":1732,"column":74}},"982":{"start":{"line":1733,"column":20},"end":{"line":1733,"column":51}},"983":{"start":{"line":1735,"column":12},"end":{"line":1738,"column":15}},"984":{"start":{"line":1747,"column":24},"end":{"line":1747,"column":43}},"985":{"start":{"line":1748,"column":31},"end":{"line":1748,"column":33}},"986":{"start":{"line":1749,"column":25},"end":{"line":1749,"column":29}},"987":{"start":{"line":1750,"column":41},"end":{"line":1750,"column":46}},"988":{"start":{"line":1751,"column":30},"end":{"line":1751,"column":34}},"989":{"start":{"line":1752,"column":12},"end":{"line":1752,"column":93}},"990":{"start":{"line":1753,"column":12},"end":{"line":1825,"column":13}},"991":{"start":{"line":1755,"column":20},"end":{"line":1755,"column":65}},"992":{"start":{"line":1758,"column":20},"end":{"line":1758,"column":72}},"993":{"start":{"line":1766,"column":42},"end":{"line":1766,"column":60}},"994":{"start":{"line":1767,"column":39},"end":{"line":1767,"column":54}},"995":{"start":{"line":1768,"column":40},"end":{"line":1768,"column":56}},"996":{"start":{"line":1769,"column":20},"end":{"line":1769,"column":51}},"997":{"start":{"line":1770,"column":20},"end":{"line":1770,"column":49}},"998":{"start":{"line":1771,"column":20},"end":{"line":1771,"column":48}},"999":{"start":{"line":1772,"column":20},"end":{"line":1772,"column":65}},"1000":{"start":{"line":1773,"column":20},"end":{"line":1780,"column":21}},"1001":{"start":{"line":1774,"column":24},"end":{"line":1775,"column":58}},"1002":{"start":{"line":1775,"column":28},"end":{"line":1775,"column":58}},"1003":{"start":{"line":1776,"column":24},"end":{"line":1776,"column":76}},"1004":{"start":{"line":1778,"column":24},"end":{"line":1779,"column":65}},"1005":{"start":{"line":1779,"column":28},"end":{"line":1779,"column":65}},"1006":{"start":{"line":1781,"column":20},"end":{"line":1781,"column":95}},"1007":{"start":{"line":1782,"column":20},"end":{"line":1782,"column":55}},"1008":{"start":{"line":1783,"column":20},"end":{"line":1783,"column":49}},"1009":{"start":{"line":1784,"column":20},"end":{"line":1784,"column":51}},"1010":{"start":{"line":1785,"column":20},"end":{"line":1793,"column":21}},"1011":{"start":{"line":1786,"column":24},"end":{"line":1786,"column":70}},"1012":{"start":{"line":1789,"column":24},"end":{"line":1789,"column":68}},"1013":{"start":{"line":1791,"column":25},"end":{"line":1793,"column":21}},"1014":{"start":{"line":1792,"column":24},"end":{"line":1792,"column":52}},"1015":{"start":{"line":1794,"column":20},"end":{"line":1794,"column":51}},"1016":{"start":{"line":1795,"column":20},"end":{"line":1795,"column":26}},"1017":{"start":{"line":1798,"column":20},"end":{"line":1798,"column":92}},"1018":{"start":{"line":1799,"column":20},"end":{"line":1799,"column":26}},"1019":{"start":{"line":1802,"column":20},"end":{"line":1802,"column":96}},"1020":{"start":{"line":1803,"column":20},"end":{"line":1803,"column":26}},"1021":{"start":{"line":1806,"column":20},"end":{"line":1806,"column":93}},"1022":{"start":{"line":1807,"column":20},"end":{"line":1807,"column":26}},"1023":{"start":{"line":1810,"column":20},"end":{"line":1810,"column":93}},"1024":{"start":{"line":1811,"column":20},"end":{"line":1811,"column":26}},"1025":{"start":{"line":1814,"column":20},"end":{"line":1814,"column":113}},"1026":{"start":{"line":1815,"column":20},"end":{"line":1815,"column":26}},"1027":{"start":{"line":1818,"column":20},"end":{"line":1821,"column":21}},"1028":{"start":{"line":1819,"column":24},"end":{"line":1819,"column":117}},"1029":{"start":{"line":1820,"column":24},"end":{"line":1820,"column":30}},"1030":{"start":{"line":1824,"column":20},"end":{"line":1824,"column":74}},"1031":{"start":{"line":1826,"column":12},"end":{"line":1831,"column":15}},"1032":{"start":{"line":1834,"column":24},"end":{"line":1834,"column":43}},"1033":{"start":{"line":1835,"column":12},"end":{"line":1836,"column":51}},"1034":{"start":{"line":1836,"column":16},"end":{"line":1836,"column":51}},"1035":{"start":{"line":1837,"column":26},"end":{"line":1837,"column":104}},"1036":{"start":{"line":1838,"column":27},"end":{"line":1838,"column":32}},"1037":{"start":{"line":1839,"column":26},"end":{"line":1839,"column":36}},"1038":{"start":{"line":1840,"column":12},"end":{"line":1844,"column":13}},"1039":{"start":{"line":1841,"column":16},"end":{"line":1841,"column":60}},"1040":{"start":{"line":1842,"column":16},"end":{"line":1842,"column":69}},"1041":{"start":{"line":1843,"column":16},"end":{"line":1843,"column":73}},"1042":{"start":{"line":1845,"column":12},"end":{"line":1849,"column":15}},"1043":{"start":{"line":1852,"column":12},"end":{"line":1852,"column":57}},"1044":{"start":{"line":1853,"column":12},"end":{"line":1853,"column":58}},"1045":{"start":{"line":1854,"column"
[...]
,"column":16},"end":{"line":41,"column":28}},"15":{"start":{"line":43,"column":16},"end":{"line":43,"column":29}},"16":{"start":{"line":46,"column":4},"end":{"line":46,"column":88}},"17":{"start":{"line":48,"column":8},"end":{"line":54,"column":9}},"18":{"start":{"line":51,"column":16},"end":{"line":51,"column":28}},"19":{"start":{"line":53,"column":16},"end":{"line":53,"column":29}},"20":{"start":{"line":56,"column":4},"end":{"line":56,"column":74}}},"fnMap":{"0":{"name":"(anonymous_0)","decl":{"start":{"line":1,"column":1},"end":{"line":1,"column":2}},"loc":{"start":{"line":1,"column":20},"end":{"line":9,"column":1}},"line":1},"1":{"name":"(anonymous_1)","decl":{"start":{"line":9,"column":3},"end":{"line":9,"column":4}},"loc":{"start":{"line":9,"column":31},"end":{"line":57,"column":1}},"line":9},"2":{"name":"isQualifiedJSXName","decl":{"start":{"line":13,"column":13},"end":{"line":13,"column":31}},"loc":{"start":{"line":13,"column":45},"end":{"line":25,"column":5}},"line":13},"3":{"name":"isValidDestructuringAssignmentTarget","decl":{"start":{"line":27,"column":13},"end":{"line":27,"column":49}},"loc":{"start":{"line":27,"column":56},"end":{"line":45,"column":5}},"line":27},"4":{"name":"isValidSimpleAssignmentTarget","decl":{"start":{"line":47,"column":13},"end":{"line":47,"column":42}},"loc":{"start":{"line":47,"column":49},"end":{"line":55,"column":5}},"line":47}},"branchMap":{"0":{"loc":{"start":{"line":2,"column":4},"end":{"line":8,"column":5}},"type":"if","locations":[{"start":{"line":2,"column":4},"end":{"line":8,"column":5}},{"start":{"line":2,"column":4},"end":{"line":8,"column":5}}],"line":2},"1":{"loc":{"start":{"line":2,"column":8},"end":{"line":2,"column":72}},"type":"binary-expr","locations":[{"start":{"line":2,"column":8},"end":{"line":2,"column":34}},{"start":{"line":2,"column":38},"end":{"line":2,"column":72}}],"line":2},"2":{"loc":{"start":{"line":4,"column":8},"end":{"line":4,"column":48}},"type":"if","locations":[{"start":{"line":4,"column":8},"end":{"line":4,"column":48}},{"start":{"line":4,"column":8},"end":{"line":4,"column":48}}],"line":4},"3":{"loc":{"start":{"line":6,"column":9},"end":{"line":8,"column":5}},"type":"if","locations":[{"start":{"line":6,"column":9},"end":{"line":8,"column":5}},{"start":{"line":6,"column":9},"end":{"line":8,"column":5}}],"line":6},"4":{"loc":{"start":{"line":6,"column":13},"end":{"line":6,"column":55}},"type":"binary-expr","locations":[{"start":{"line":6,"column":13},"end":{"line":6,"column":41}},{"start":{"line":6,"column":45},"end":{"line":6,"column":55}}],"line":6},"5":{"loc":{"start":{"line":14,"column":8},"end":{"line":24,"column":9}},"type":"switch","locations":[{"start":{"line":15,"column":12},"end":{"line":16,"column":40}},{"start":{"line":17,"column":12},"end":{"line":18,"column":70}},{"start":{"line":19,"column":12},"end":{"line":21,"column":62}}],"line":14},"6":{"loc":{"start":{"line":28,"column":8},"end":{"line":44,"column":9}},"type":"switch","locations":[{"start":{"line":29,"column":12},"end":{"line":29,"column":30}},{"start":{"line":30,"column":12},"end":{"line":30,"column":35}},{"start":{"line":31,"column":12},"end":{"line":31,"column":32}},{"start":{"line":32,"column":12},"end":{"line":32,"column":36}},{"start":{"line":33,"column":12},"end":{"line":33,"column":31}},{"start":{"line":34,"column":12},"end":{"line":34,"column":33}},{"start":{"line":35,"column":12},"end":{"line":35,"column":36}},{"start":{"line":36,"column":12},"end":{"line":36,"column":35}},{"start":{"line":37,"column":12},"end":{"line":37,"column":34}},{"start":{"line":38,"column":12},"end":{"line":38,"column":35}},{"start":{"line":39,"column":12},"end":{"line":39,"column":40}},{"start":{"line":40,"column":12},"end":{"line":41,"column":28}},{"start":{"line":42,"column":12},"end":{"line":43,"column":29}}],"line":28},"7":{"loc":{"start":{"line":48,"column":8},"end":{"line":54,"column":9}},"type":"switch","locations":[{"start":{"line":49,"column":12},"end":{"line":49,"column":30}},{"start":{"line":50,"column":12},"end":{"line":51,"column":28}},{"start":{"line":52,"column":12},"end":{"line":53,"column":29}}],"line":48}},"s":{"0":1,"1":1,"2":1,"3":1,"4":0,"5":0,"6":0,"7":1,"8":62,"9":50,"10":8,"11":4,"12":1,"13":33,"14":25,"15":8,"16":1,"17":48,"18":42,"19":6,"20":1},"f":{"0":1,"1":1,"2":62,"3":33,"4":48},"b":{"0":[1,0],"1":[1,1],"2":[0,1],"3":[0,0],"4":[0,0],"5":[50,8,4],"6":[8,20,20,23,23,23,24,24,24,24,25,25,8],"7":[28,42,6]},"_coverageSchema":"332fd63041d2c1bcb487cc26dd0d5f7d97098a6c","hash":"5f5920b30350fa56727864f05511c7b411186f43","contentHash":"94ebdc3ce1ace5475732a3b5693af84c_11.4.0"},"F:\\cherow\\build\\src\\token.js":{"path":"F:\\cherow\\build\\src\\token.js","statementMap":{"0":{"start":{"line":1,"column":0},"end":{"line":113,"column":3}},"1":{"start":{"line":2,"column":4},"end":{"line":8,"column":5}},"2":{"start":{"line":3,"column":16},"end":{"line":3,"column":41}},"3":{"start":{"line":4,"column":8},"end":{"line":4,"column":48}},"4":{"start":{"line":4,"column":29},"end":{"line":4,"column":48}},"5":{"start":{"line":6,"column":9},"end":{"line":8,"column":5}},"6":{"start":{"line":7,"column":8},"end":{"line":7,"column":48}},"7":{"start":{"line":11,"column":4},"end":{"line":11,"column":66}},"8":{"start":{"line":12,"column":29},"end":{"line":44,"column":5}},"9":{"start":{"line":49,"column":8},"end":{"line":49,"column":56}},"10":{"start":{"line":51,"column":4},"end":{"line":51,"column":34}},"11":{"start":{"line":54,"column":29},"end":{"line":108,"column":6}},"12":{"start":{"line":110,"column":8},"end":{"line":110,"column":45}},"13":{"start":{"line":112,"column":4},"end":{"line":112,"column":38}}},"fnMap":{"0":{"name":"(anonymous_0)","decl":{"start":{"line":1,"column":1},"end":{"line":1,"column":2}},"loc":{"start":{"line":1,"column":20},"end":{"line":9,"column":1}},"line":1},"1":{"name":"(anonymous_1)","decl":{"start":{"line":9,"column":3},"end":{"line":9,"column":4}},"loc":{"start":{"line":9,"column":31},"end":{"line":113,"column":1}},"line":9},"2":{"name":"tokenDesc","decl":{"start":{"line":48,"column":13},"end":{"line":48,"column":22}},"loc":{"start":{"line":48,"column":30},"end":{"line":50,"column":5}},"line":48},"3":{"name":"descKeyword","decl":{"start":{"line":109,"column":13},"end":{"line":109,"column":24}},"loc":{"start":{"line":109,"column":32},"end":{"line":111,"column":5}},"line":109}},"branchMap":{"0":{"loc":{"start":{"line":2,"column":4},"end":{"line":8,"column":5}},"type":"if","locations":[{"start":{"line":2,"column":4},"end":{"line":8,"column":5}},{"start":{"line":2,"column":4},"end":{"line":8,"column":5}}],"line":2},"1":{"loc":{"start":{"line":2,"column":8},"end":{"line":2,"column":72}},"type":"binary-expr","locations":[{"start":{"line":2,"column":8},"end":{"line":2,"column":34}},{"start":{"line":2,"column":38},"end":{"line":2,"column":72}}],"line":2},"2":{"loc":{"start":{"line":4,"column":8},"end":{"line":4,"column":48}},"type":"if","locations":[{"start":{"line":4,"column":8},"end":{"line":4,"column":48}},{"start":{"line":4,"column":8},"end":{"line":4,"column":48}}],"line":4},"3":{"loc":{"start":{"line":6,"column":9},"end":{"line":8,"column":5}},"type":"if","locations":[{"start":{"line":6,"column":9},"end":{"line":8,"column":5}},{"start":{"line":6,"column":9},"end":{"line":8,"column":5}}],"line":6},"4":{"loc":{"start":{"line":6,"column":13},"end":{"line":6,"column":55}},"type":"binary-expr","locations":[{"start":{"line":6,"column":13},"end":{"line":6,"column":41}},{"start":{"line":6,"column":45},"end":{"line":6,"column":55}}],"line":6}},"s":{"0":1,"1":1,"2":1,"3":1,"4":0,"5":0,"6":0,"7":1,"8":1,"9":1060,"10":1,"11":1,"12":3918,"13":1},"f":{"0":1,"1":1,"2":1060,"3":3918},"b":{"0":[1,0],"1":[1,1],"2":[0,1],"3":[0,0],"4":[0,0]},"_coverageSchema":"332fd63041d2c1bcb487cc26dd0d5f7d97098a6c","hash":"859fc5bfcab0c89e18bf86bba5f5af7a442b5265","contentHash":"932accbdd1153b9fd0481028ca8fa85c_11.4.0"},"F:\\cherow\\build\\src\\errors.js":{"path":"F:\\cherow\\build\\src\\errors.js","statementMap":{"0":{"start":{"line":1,"column":0},"end":{"line":150,"column":3}},"1":{"start":{"line":2,"column":4},"end":{"line":8,"column":5}},"2":{"start":{"line":3,"column":16},"end":{"line":3,"column":41}},"3":{"start":{"line":4,"column":8},"end":{"line":4,"column":48}},"4":{"start":{"line":4,"column":29},"end":{"line":4,"column":48}},"5":{"start":{"line":6,"column":9},"end":{"line":8,"column":5}},"6":{"start":{"line":7,"column":8},"end":{"line":7,"column":48}},"7":{"start":{"line":11,"column":4},"end":{"line":11,"column":66}},"8":{"start":{"line":12,"column":4},"end":{"line":123,"column":6}},"9":{"start":{"line":125,"column":20},"end":{"line":125,"column":34}},"10":{"start":{"line":126,"column":8},"end":{"line":137,"column":9}},"11":{"start":{"line":127,"column":12},"end":{"line":127,"column":24}},"12":{"start":{"line":131,"column":12},"end":{"line":136,"column":13}},"13":{"start":{"line":132,"column":16},"end":{"line":132,"column":44}},"14":{"start":{"line":133,"column":16},"end":{"line":135,"column":19}},"15":{"start":{"line":142,"column":28},"end":{"line":142,"column":95}},"16":{"start":{"line":142,"column":85},"end":{"line":142,"column":94}},"17":{"start":{"line":143,"column":22},"end":{"line":143,"column":89}},"18":{"start":{"line":144,"column":8},"end":{"line":144,"column":32}},"19":{"start":{"line":145,"column":8},"end":{"line":145,"column":36}},"20":{"start":{"line":146,"column":8},"end":{"line":146,"column":40}},"21":{"start":{"line":147,"column":8},"end":{"line":147,"column":21}},"22":{"start":{"line":149,"column":4},"end":{"line":149,"column":38}}},"fnMap":{"0":{"name":"(anonymous_0)","decl":{"start":{"line":1,"column":1},"end":{"line":1,"column":2}},"loc":{"start":{"line":1,"column":20},"end":{"line":9,"column":1}},"line":1},"1":{"name":"(anonymous_1)","decl":{"start":{"line":9,"column":3},"end":{"line":9,"column":4}},"loc":{"start":{"line":9,"column":31},"end":{"line":150,"column":1}},"line":9},"2":{"name":"constructError","decl":{"start":{"line":124,"column":13},"end":{"line":124,"column":27}},"loc":{"start":{"line":124,"column":41},"end":{"line":140,"column":5}},"line":124},"3":{"name":"createError","decl":{"start":{"line":141,"column":13},"end":{"line":141,"column":24}},"loc":{"start":{"line":141,"column":47},"end":{"line":148,"column":5}},"line":141},"4":{"name":"(anonymous_4)","decl":{"start":{"line":142,"column":75},"end":{"line":142,"column":76}},"loc":{"start":{"line":142,"column":85},"end":{"line":142,"column":94}},"line":142}},"branchMap":{"0":{"loc":{"start":{"line":2,"column":4},"end":{"line":8,"column":5}},"type":"if","locations":[{"start":{"line":2,"column":4},"end":{"line":8,"column":5}},{"start":{"line":2,"column":4},"end":{"line":8,"column":5}}],"line":2},"1":{"loc":{"start":{"line":2,"column":8},"end":{"line":2,"column":72}},"type":"binary-expr","locations":[{"start":{"line":2,"column":8},"end":{"line":2,"column":34}},{"start":{"line":2,"column":38},"end":{"line":2,"column":72}}],"line":2},"2":{"loc":{"start":{"line":4,"column":8},"end":{"line":4,"column":48}},"type":"if","locations":[{"start":{"line":4,"column":8},"end":{"line":4,"column":48}},{"start":{"line":4,"column":8},"end":{"line":4,"column":48}}],"line":4},"3":{"loc":{"start":{"line":6,"column":9},"end":{"line":8,"column":5}},"type":"if","locations":[{"start":{"line":6,"column":9},"end":{"line":8,"column":5}},{"start":{"line":6,"column":9},"end":{"line":8,"column":5}}],"line":6},"4":{"loc":{"start":{"line":6,"column":13},"end":{"line":6,"column":55}},"type":"binary-expr","locations":[{"start":{"line":6,"column":13},"end":{"line":6,"column":41}},{"start":{"line":6,"column":45},"end":{"line":6,"column":55}}],"line":6},"5":{"loc":{"start":{"line":131,"column":12},"end":{"line":136,"column":13}},"type":"if","locations":[{"start":{"line":131,"column":12},"end":{"line":136,"column":13}}],"line":131},"6":{"loc":{"start":{"line":131,"column":16},"end":{"line":131,"column":54}},"type":"binary-expr","locations":[{"start":{"line":131,"column":16},"end":{"line":131,"column":29}},{"start":{"line":131,"column":33},"end":{"line":131,"column":54}}],"line":131}},"s":{"0":1,"1":1,"2":1,"3":1,"4":0,"5":0,"6":0,"7":1,"8":1,"9":1287,"10":1287,"11":1287,"12":1287,"13":1287,"14":1287,"15":1287,"16":595,"17":1287,"18":1287,"19":1287,"20":1287,"21":1287,"22":1},"f":{"0":1,"1":1,"2":1287,"3":1287,"4":595},"b":{"0":[1,0],"1":[1,1],"2":[0,1],"3":[0,0],"4":[0,0],"5":[1287],"6":[1287,1287]},"_coverageSchema":"332fd63041d2c1bcb487cc26dd0d5f7d97098a6c","hash":"f19b87e6a9a2b7b658b95848a794bbb637c21f99","contentHash":"bf281896e0781884e7f5bf4700d90f4e_11.4.0"},"F:\\cherow\\build\\src\\unicode.js":{"path":"F:\\cherow\\build\\src\\unicode.js","statementMap":{"0":{"start":{"line":1,"column":0},"end":{"line":47,"column":3}},"1":{"start":{"line":2,"column":4},"end":{"line":8,"column":5}},"2":{"start":{"line":3,"column":16},"end":{"line":3,"column":41}},"3":{"start":{"line":4,"column":8},"end":{"line":4,"column":48}},"4":{"start":{"line":4,"column":29},"end":{"line":4,"column":48}},"5":{"start":{"line":6,"column":9},"end":{"line":8,"column":5}},"6":{"start":{"line":7,"column":8},"end":{"line":7,"column":48}},"7":{"start":{"line":11,"column":4},"end":{"line":11,"column":66}},"8":{"start":{"line":13,"column":20},"end":{"line":35,"column":16042}},"9":{"start":{"line":14,"column":23},"end":{"line":14,"column":46}},"10":{"start":{"line":15,"column":20},"end":{"line":15,"column":21}},"11":{"start":{"line":16,"column":23},"end":{"line":16,"column":24}},"12":{"start":{"line":17,"column":8},"end":{"line":33,"column":9}},"13":{"start":{"line":18,"column":25},"end":{"line":18,"column":44}},"14":{"start":{"line":19,"column":12},"end":{"line":32,"column":13}},"15":{"start":{"line":20,"column":16},"end":{"line":20,"column":33}},"16":{"start":{"line":23,"column":27},"end":{"line":23,"column":46}},"17":{"start":{"line":24,"column":16},"end":{"line":25,"column":38}},"18":{"start":{"line":25,"column":20},"end":{"line":25,"column":38}},"19":{"start":{"line":26,"column":16},"end":{"line":31,"column":17}},"20":{"start":{"line":27,"column":20},"end":{"line":27,"column":81}},"21":{"start":{"line":30,"column":20},"end":{"line":30,"column":46}},"22":{"start":{"line":34,"column":8},"end":{"line":34,"column":22}},"23":{"start":{"line":36,"column":4},"end":{"line":36,"column":96}},"24":{"start":{"line":36,"column":48},"end":{"line":36,"column":95}},"25":{"start":{"line":37,"column":4},"end":{"line":37,"column":97}},"26":{"start":{"line":37,"column":45},"end":{"line":37,"column":96}},"27":{"start":{"line":38,"column":4},"end":{"line":41,"column":74}},"28":{"start":{"line":38,"column":40},"end":{"line":41,"column":73}},"29":{"start":{"line":42,"column":4},"end":{"line":46,"column":77}},"30":{"start":{"line":42,"column":39},"end":{"line":46,"column":76}}},"fnMap":{"0":{"name":"(anonymous_0)","decl":{"start":{"line":1,"column":1},"end":{"line":1,"column":2}},"loc":{"start":{"line":1,"column":20},"end":{"line":9,"column":1}},"line":1},"1":{"name":"(anonymous_1)","decl":{"start":{"line":9,"column":3},"end":{"line":9,"column":4}},"loc":{"start":{"line":9,"column":31},"end":{"line":47,"column":1}},"line":9},"2":{"name":"(anonymous_2)","decl":{"start":{"line":13,"column":21},"end":{"line":13,"column":22}},"loc":{"start":{"line":13,"column":43},"end":{"line":35,"column":5}},"line":13},"3":{"name":"(anonymous_3)","decl":{"start":{"line":36,"column":40},"end":{"line":36,"column":41}},"loc":{"start":{"line":36,"column":48},"end":{"line":36,"column":95}},"line":36},"4":{"name":"(anonymous_4)","decl":{"start":{"line":37,"column":37},"end":{"line":37,"column":38}},"loc":{"start":{"line":37,"column":45},"end":{"line":37,"column":96}},"line":37},"5":{"name":"(anonymous_5)","decl":{"start":{"line":38,"column":32},"end":{"line":38,"column":33}},"loc":{"start":{"line":38,"column":40},"end":{"line":41,"column":73}},"line":38},"6":{"name":"(anonymous_6)","decl":{"start":{"line":42,"column":31},"end":{"line":42,"column":32}},"loc":{"start":{"line":42,"column":39},"end":{"line":46,"column":76}},"line":42}},"branchMap":{"0":{"loc":{"start":{"line":2,"column":4},"end":{"line":8,"column":5}},"type":"if","locations":[{"start":{"line":2,"column":4},"end":{"line":8,"column":5}},{"start":{"line":2,"column":4},"end":{"line":8,"column":5}}],"line":2},"1":{"loc":{"start":{"line":2,"column":8},"end":{"line":2,"column":72}},"type":"binary-expr","locations":[{"start":{"line":2,"column":8},"end":{"line":2,"column":34}},{"start":{"line":2,"column":38},"end":{"line":2,"column":72}}],"line":2},"2":{"loc":{"start":{"line":4,"column":8},"end":{"line":4,"column":48}},"type":"if","locations":[{"start":{"line":4,"column":8},"end":{"line":4,"column":48}},{"start":{"line":4,"column":8},"end":{"line":4,"column":48}}],"line":4},"3":{"loc":{"start":{"line":6,"column":9},"end":{"line":8,"column":5}},"type":"if","locations":[{"start":{"line":6,"column":9},"end":{"line":8,"column":5}},{"start":{"line":6,"column":9},"end":{"line":8,"column":5}}],"line":6},"4":{"loc":{"start":{"line":6,"column":13},"end":{"line":6,"column":55}},"type":"binary-expr","locations":[{"start":{"line":6,"column":13},"end":{"line":6,"column":41}},{"start":{"line":6,"column":45},"end":{"line":6,"column":55}}],"line":6},"5":{"loc":{"start":{"line":19,"column":12},"end":{"line":32,"column":13}},"type":"if","locations":[{"start":{"line":19,"column":12},"end":{"line":32,"column":13}},{"start":{"line":19,"column":12},"end":{"line":32,"column":13}}],"line":19},"6":{"loc":{"start":{"line":24,"column":16},"end":{"line":25,"column":38}},"type":"if","locations":[{"start":{"line":24,"column":16},"end":{"line":25,"column":38}},{"start":{"line":24,"column":16},"end":{"line":25,"column":38}}],"line":24},"7":{"loc":{"start":{"line":26,"column":16},"end":{"line":31,"column":17}},"type":"if","locations":[{"start":{"line":26,"column":16},"end":{"line":31,"column":17}},{"start":{"line":26,"column":16},"end":{"line":31,"column":17}}],"line":26},"8":{"loc":{"start":{"line":38,"column":40},"end":{"line":41,"column":73}},"type":"binary-expr","locations":[{"start":{"line":38,"column":41},"end":{"line":38,"column":50}},{"start":{"line":38,"column":69},"end":{"line":38,"column":78}},{"start":{"line":39,"column":9},"end":{"line":39,"column":17}},{"start":{"line":39,"column":34},"end":{"line":39,"column":42}},{"start":{"line":40,"column":9},"end":{"line":40,"column":17}},{"start":{"line":40,"column":34},"end":{"line":40,"column":43}},{"start":{"line":41,"column":9},"end":{"line":41,"column":18}},{"start":{"line":41,"column":39},"end":{"line":41,"column":73}}],"line":38},"9":{"loc":{"start":{"line":42,"column":39},"end":{"line":46,"column":76}},"type":"binary-expr","locations":[{"start":{"line":42,"column":40},"end":{"line":42,"column":49}},{"start":{"line":42,"column":68},"end":{"line":42,"column":77}},{"start":{"line":43,"column":9},"end":{"line":43,"column":17}},{"start":{"line":43,"column":34},"end":{"line":43,"column":42}},{"start":{"line":44,"column":9},"end":{"line":44,"column":17}},{"start":{"line":44,"column":34},"end":{"line":44,"column":43}},{"start":{"line":45,"column":9},"end":{"line":45,"column":17}},{"start":{"line":45,"column":32},"end":{"line":45,"column":40}},{"start":{"line":46,"column":9},"end":{"line":46,"column":18}},{"start":{"line":46,"column":39},"end":{"line":46,"column":76}}],"line":42}},"s":{"0":1,"1":1,"2":1,"3":1,"4":0,"5":0,"6":0,"7":1,"8":1,"9":1,"10":1,"11":1,"12":1,"13":1712,"14":1712,"15":313,"16":1399,"17":1399,"18":1026,"19":1399,"20":182,"21":1217,"22":1,"23":1,"24":5877,"25":1,"26":755,"27":1,"28":759,"29":1,"30":27681},"f":{"0":1,"1":1,"2":1,"3":5877,"4":755,"5":759,"6":27681},"b":{"0":[1,0],"1":[1,1],"2":[0,1],"3":[0,0],"4":[0,0],"5":[313,1399],"6":[1026,373],"7":[182,1217],"8":[759,759,759,95,759,64,744,739],"9":[27681,27677,27507,21919,27217,21486,5906,1014,5878,5877]},"_coverageSchema":"332fd63041d2c1bcb487cc26dd0d5f7d97098a6c","hash":"cafce9e80ad90d21816dca3d5bcc6f77c267e35c","contentHash":"d6e00246b74f4a2a908dfa62248e795b_11.4.0"}}